#
# There is insufficient memory for the Java Runtime Environment to continue.
# Native memory allocation (malloc) failed to allocate 313296 bytes. Error detail: Chunk::new
# Possible reasons:
#   The system is out of physical RAM or swap space
#   This process is running with CompressedOops enabled, and the Java Heap may be blocking the growth of the native heap
# Possible solutions:
#   Reduce memory load on the system
#   Increase physical memory or swap space
#   Check if swap backing store is full
#   Decrease Java heap size (-Xmx/-Xms)
#   Decrease number of Java threads
#   Decrease Java thread stack sizes (-Xss)
#   Set larger code cache with -XX:ReservedCodeCacheSize=
#   JVM is running with Unscaled Compressed Oops mode in which the Java heap is
#     placed in the first 4GB address space. The Java Heap base address is the
#     maximum limit for the native heap growth. Please use -XX:HeapBaseMinAddress
#     to set the Java Heap base and to place the Java Heap above 4GB virtual address.
# This output file may be truncated or incomplete.
#
#  Out of Memory Error (arena.cpp:149), pid=3304, tid=9368
#
# JRE version: Java(TM) SE Runtime Environment (23.0.2+7) (build 23.0.2+7-58)
# Java VM: Java HotSpot(TM) 64-Bit Server VM (23.0.2+7-58, mixed mode, sharing, tiered, compressed oops, compressed class ptrs, g1 gc, windows-amd64)
# No core dump will be written. Minidumps are not enabled by default on client versions of Windows
#

---------------  S U M M A R Y ------------

Command Line: -javaagent:C:\Program Files\JetBrains\IntelliJ IDEA Community Edition 2025.1\lib\idea_rt.jar=52187 -Dfile.encoding=UTF-8 -Dsun.stdout.encoding=UTF-8 -Dsun.stderr.encoding=UTF-8 university.management.system.StudentLeaveDetails

Host: Intel(R) Core(TM) i3-6006U CPU @ 2.00GHz, 4 cores, 3G,  Windows 11 , 64 bit Build 22621 (10.0.22621.5124)
Time: Fri Apr 25 11:05:41 2025 Pacific Daylight Time elapsed time: 1.172575 seconds (0d 0h 0m 1s)

---------------  T H R E A D  ---------------

Current thread (0x000001a9a9a98a00):  JavaThread "C2 CompilerThread0" daemon [_thread_in_native, id=9368, stack(0x0000002452d00000,0x0000002452e00000) (1024K)]


Current CompileTask:
C2:1172  692 %     4       java.util.Properties$LineReader::readLine @ 53 (584 bytes)

Stack: [0x0000002452d00000,0x0000002452e00000]
Native frames: (J=compiled Java code, j=interpreted, Vv=VM code, C=native code)
V  [jvm.dll+0x6e0b99]  (no source info available)
V  [jvm.dll+0x87e2b3]  (no source info available)
V  [jvm.dll+0x88073e]  (no source info available)
V  [jvm.dll+0x880e13]  (no source info available)
V  [jvm.dll+0x27b006]  (no source info available)
V  [jvm.dll+0xbc06f]  (no source info available)
V  [jvm.dll+0xbc2cb]  (no source info available)
V  [jvm.dll+0x3b3c5c]  (no source info available)
V  [jvm.dll+0x38a55b]  (no source info available)
V  [jvm.dll+0x3899ca]  (no source info available)
V  [jvm.dll+0x244ba1]  (no source info available)
V  [jvm.dll+0x243eff]  (no source info available)
V  [jvm.dll+0x1c34b0]  (no source info available)
V  [jvm.dll+0x253df1]  (no source info available)
V  [jvm.dll+0x2520aa]  (no source info available)
V  [jvm.dll+0x3ee226]  (no source info available)
V  [jvm.dll+0x8254cb]  (no source info available)
V  [jvm.dll+0x6df345]  (no source info available)
C  [ucrtbase.dll+0x29333]  (no source info available)
C  [KERNEL32.DLL+0x1259d]  (no source info available)
C  [ntdll.dll+0x5af38]  (no source info available)

Lock stack of current Java thread (top to bottom):


---------------  P R O C E S S  ---------------

Threads class SMR info:
_java_thread_list=0x000001a9a9ef8020, length=16, elements={
0x000001a98c841290, 0x000001a9a9a8f9c0, 0x000001a9a9a91790, 0x000001a9a9a92d30,
0x000001a9a9a957a0, 0x000001a9a9a96200, 0x000001a9a9a96c60, 0x000001a9a9a98a00,
0x000001a9a9aa0430, 0x000001a9a9ba3cc0, 0x000001a9a9d7c200, 0x000001a9a9d7c870,
0x000001a9a9e222b0, 0x000001a9a9e29720, 0x000001a9a9e2d240, 0x000001a9a9efb4e0
}

Java Threads: ( => current thread )
  0x000001a98c841290 JavaThread "main"                              [_thread_in_Java, id=9856, stack(0x0000002451f00000,0x0000002452000000) (1024K)]
  0x000001a9a9a8f9c0 JavaThread "Reference Handler"          daemon [_thread_blocked, id=14044, stack(0x0000002452700000,0x0000002452800000) (1024K)]
  0x000001a9a9a91790 JavaThread "Finalizer"                  daemon [_thread_blocked, id=12364, stack(0x0000002452800000,0x0000002452900000) (1024K)]
  0x000001a9a9a92d30 JavaThread "Signal Dispatcher"          daemon [_thread_blocked, id=14324, stack(0x0000002452900000,0x0000002452a00000) (1024K)]
  0x000001a9a9a957a0 JavaThread "Attach Listener"            daemon [_thread_blocked, id=9628, stack(0x0000002452a00000,0x0000002452b00000) (1024K)]
  0x000001a9a9a96200 JavaThread "Service Thread"             daemon [_thread_blocked, id=12944, stack(0x0000002452b00000,0x0000002452c00000) (1024K)]
  0x000001a9a9a96c60 JavaThread "Monitor Deflation Thread"   daemon [_thread_blocked, id=15824, stack(0x0000002452c00000,0x0000002452d00000) (1024K)]
=>0x000001a9a9a98a00 JavaThread "C2 CompilerThread0"         daemon [_thread_in_native, id=9368, stack(0x0000002452d00000,0x0000002452e00000) (1024K)]
  0x000001a9a9aa0430 JavaThread "C1 CompilerThread0"         daemon [_thread_blocked, id=9116, stack(0x0000002452e00000,0x0000002452f00000) (1024K)]
  0x000001a9a9ba3cc0 JavaThread "Common-Cleaner"             daemon [_thread_blocked, id=5136, stack(0x0000002452f00000,0x0000002453000000) (1024K)]
  0x000001a9a9d7c200 JavaThread "Monitor Ctrl-Break"         daemon [_thread_in_native, id=4472, stack(0x0000002453000000,0x0000002453100000) (1024K)]
  0x000001a9a9d7c870 JavaThread "Notification Thread"        daemon [_thread_blocked, id=9652, stack(0x0000002453100000,0x0000002453200000) (1024K)]
  0x000001a9a9e222b0 JavaThread "Java2D Disposer"            daemon [_thread_blocked, id=13892, stack(0x0000002453200000,0x0000002453300000) (1024K)]
  0x000001a9a9e29720 JavaThread "AWT-Shutdown"                      [_thread_blocked, id=16120, stack(0x0000002453300000,0x0000002453400000) (1024K)]
  0x000001a9a9e2d240 JavaThread "AWT-Windows"                daemon [_thread_in_native, id=14220, stack(0x0000002453400000,0x0000002453500000) (1024K)]
  0x000001a9a9efb4e0 JavaThread "mysql-cj-abandoned-connection-cleanup" daemon [_thread_blocked, id=15208, stack(0x0000002453500000,0x0000002453600000) (1024K)]
Total: 16

Other Threads:
  0x000001a98ebfabf0 VMThread "VM Thread"                           [id=6184, stack(0x0000002452600000,0x0000002452700000) (1024K)]
  0x000001a98ebe8f70 WatcherThread "VM Periodic Task Thread"        [id=13428, stack(0x0000002452500000,0x0000002452600000) (1024K)]
  0x000001a98eb70f50 WorkerThread "GC Thread#0"                     [id=700, stack(0x0000002452000000,0x0000002452100000) (1024K)]
  0x000001a98eb7ca20 ConcurrentGCThread "G1 Main Marker"            [id=15504, stack(0x0000002452100000,0x0000002452200000) (1024K)]
  0x000001a98eb7dcd0 WorkerThread "G1 Conc#0"                       [id=2452, stack(0x0000002452200000,0x0000002452300000) (1024K)]
  0x000001a98ebd8180 ConcurrentGCThread "G1 Refine#0"               [id=9564, stack(0x0000002452300000,0x0000002452400000) (1024K)]
  0x000001a98ebd8d00 ConcurrentGCThread "G1 Service"                [id=15160, stack(0x0000002452400000,0x0000002452500000) (1024K)]
Total: 7

Threads with active compile tasks:
C2 CompilerThread0  1301  692 %     4       java.util.Properties$LineReader::readLine @ 53 (584 bytes)
Total: 1

VM state: not at safepoint (normal execution)

VM Mutex/Monitor currently owned by a thread: None

Heap address: 0x00000000c4800000, size: 952 MB, Compressed Oops mode: 32-bit

CDS archive(s) mapped at: [0x000001a9aa000000-0x000001a9aad70000-0x000001a9aad70000), size 14090240, SharedBaseAddress: 0x000001a9aa000000, ArchiveRelocationMode: 1.
Compressed class space mapped at: 0x000001a9ab000000-0x000001a9eb000000, reserved size: 1073741824
Narrow klass base: 0x000001a9aa000000, Narrow klass shift: 0, Narrow klass range: 0x41000000

GC Precious Log:
 CardTable entry size: 512
 Card Set container configuration: InlinePtr #cards 5 size 8 Array Of Cards #cards 10 size 36 Howl #buckets 4 coarsen threshold 1843 Howl Bitmap #cards 512 size 80 coarsen threshold 460 Card regions per heap region 1 cards per card region 2048
 CPUs: 4 total, 4 available
 Memory: 3801M
 Large Page Support: Disabled
 NUMA Support: Disabled
 Compressed Oops: Enabled (32-bit)
 Heap Region Size: 1M
 Heap Min Capacity: 8M
 Heap Initial Capacity: 60M
 Heap Max Capacity: 952M
 Pre-touch: Disabled
 Parallel Workers: 4
 Concurrent Workers: 1
 Concurrent Refinement Workers: 4
 Periodic GC: Disabled

Heap:
 garbage-first heap   total reserved 974848K, committed 61440K, used 8192K [0x00000000c4800000, 0x0000000100000000)
  region size 1024K, 10 young (10240K), 0 survivors (0K)
 Metaspace       used 6400K, committed 6656K, reserved 1114112K
  class space    used 665K, committed 768K, reserved 1048576K

Heap Regions: E=young(eden), S=young(survivor), O=old, HS=humongous(starts), HC=humongous(continues), CS=collection set, F=free, TAMS=top-at-mark-start, PB=parsable bottom
|   0|0x00000000c4800000, 0x00000000c4800000, 0x00000000c4900000|  0%| F|  |TAMS 0x00000000c4800000| PB 0x00000000c4800000| Untracked |  0
|   1|0x00000000c4900000, 0x00000000c4900000, 0x00000000c4a00000|  0%| F|  |TAMS 0x00000000c4900000| PB 0x00000000c4900000| Untracked |  0
|   2|0x00000000c4a00000, 0x00000000c4a00000, 0x00000000c4b00000|  0%| F|  |TAMS 0x00000000c4a00000| PB 0x00000000c4a00000| Untracked |  0
|   3|0x00000000c4b00000, 0x00000000c4b00000, 0x00000000c4c00000|  0%| F|  |TAMS 0x00000000c4b00000| PB 0x00000000c4b00000| Untracked |  0
|   4|0x00000000c4c00000, 0x00000000c4c00000, 0x00000000c4d00000|  0%| F|  |TAMS 0x00000000c4c00000| PB 0x00000000c4c00000| Untracked |  0
|   5|0x00000000c4d00000, 0x00000000c4d00000, 0x00000000c4e00000|  0%| F|  |TAMS 0x00000000c4d00000| PB 0x00000000c4d00000| Untracked |  0
|   6|0x00000000c4e00000, 0x00000000c4e00000, 0x00000000c4f00000|  0%| F|  |TAMS 0x00000000c4e00000| PB 0x00000000c4e00000| Untracked |  0
|   7|0x00000000c4f00000, 0x00000000c4f00000, 0x00000000c5000000|  0%| F|  |TAMS 0x00000000c4f00000| PB 0x00000000c4f00000| Untracked |  0
|   8|0x00000000c5000000, 0x00000000c5000000, 0x00000000c5100000|  0%| F|  |TAMS 0x00000000c5000000| PB 0x00000000c5000000| Untracked |  0
|   9|0x00000000c5100000, 0x00000000c5100000, 0x00000000c5200000|  0%| F|  |TAMS 0x00000000c5100000| PB 0x00000000c5100000| Untracked |  0
|  10|0x00000000c5200000, 0x00000000c5200000, 0x00000000c5300000|  0%| F|  |TAMS 0x00000000c5200000| PB 0x00000000c5200000| Untracked |  0
|  11|0x00000000c5300000, 0x00000000c5300000, 0x00000000c5400000|  0%| F|  |TAMS 0x00000000c5300000| PB 0x00000000c5300000| Untracked |  0
|  12|0x00000000c5400000, 0x00000000c5400000, 0x00000000c5500000|  0%| F|  |TAMS 0x00000000c5400000| PB 0x00000000c5400000| Untracked |  0
|  13|0x00000000c5500000, 0x00000000c5500000, 0x00000000c5600000|  0%| F|  |TAMS 0x00000000c5500000| PB 0x00000000c5500000| Untracked |  0
|  14|0x00000000c5600000, 0x00000000c5600000, 0x00000000c5700000|  0%| F|  |TAMS 0x00000000c5600000| PB 0x00000000c5600000| Untracked |  0
|  15|0x00000000c5700000, 0x00000000c5700000, 0x00000000c5800000|  0%| F|  |TAMS 0x00000000c5700000| PB 0x00000000c5700000| Untracked |  0
|  16|0x00000000c5800000, 0x00000000c5800000, 0x00000000c5900000|  0%| F|  |TAMS 0x00000000c5800000| PB 0x00000000c5800000| Untracked |  0
|  17|0x00000000c5900000, 0x00000000c5900000, 0x00000000c5a00000|  0%| F|  |TAMS 0x00000000c5900000| PB 0x00000000c5900000| Untracked |  0
|  18|0x00000000c5a00000, 0x00000000c5a00000, 0x00000000c5b00000|  0%| F|  |TAMS 0x00000000c5a00000| PB 0x00000000c5a00000| Untracked |  0
|  19|0x00000000c5b00000, 0x00000000c5b00000, 0x00000000c5c00000|  0%| F|  |TAMS 0x00000000c5b00000| PB 0x00000000c5b00000| Untracked |  0
|  20|0x00000000c5c00000, 0x00000000c5c00000, 0x00000000c5d00000|  0%| F|  |TAMS 0x00000000c5c00000| PB 0x00000000c5c00000| Untracked |  0
|  21|0x00000000c5d00000, 0x00000000c5d00000, 0x00000000c5e00000|  0%| F|  |TAMS 0x00000000c5d00000| PB 0x00000000c5d00000| Untracked |  0
|  22|0x00000000c5e00000, 0x00000000c5e00000, 0x00000000c5f00000|  0%| F|  |TAMS 0x00000000c5e00000| PB 0x00000000c5e00000| Untracked |  0
|  23|0x00000000c5f00000, 0x00000000c5f00000, 0x00000000c6000000|  0%| F|  |TAMS 0x00000000c5f00000| PB 0x00000000c5f00000| Untracked |  0
|  24|0x00000000c6000000, 0x00000000c6000000, 0x00000000c6100000|  0%| F|  |TAMS 0x00000000c6000000| PB 0x00000000c6000000| Untracked |  0
|  25|0x00000000c6100000, 0x00000000c6100000, 0x00000000c6200000|  0%| F|  |TAMS 0x00000000c6100000| PB 0x00000000c6100000| Untracked |  0
|  26|0x00000000c6200000, 0x00000000c6200000, 0x00000000c6300000|  0%| F|  |TAMS 0x00000000c6200000| PB 0x00000000c6200000| Untracked |  0
|  27|0x00000000c6300000, 0x00000000c6300000, 0x00000000c6400000|  0%| F|  |TAMS 0x00000000c6300000| PB 0x00000000c6300000| Untracked |  0
|  28|0x00000000c6400000, 0x00000000c6400000, 0x00000000c6500000|  0%| F|  |TAMS 0x00000000c6400000| PB 0x00000000c6400000| Untracked |  0
|  29|0x00000000c6500000, 0x00000000c6500000, 0x00000000c6600000|  0%| F|  |TAMS 0x00000000c6500000| PB 0x00000000c6500000| Untracked |  0
|  30|0x00000000c6600000, 0x00000000c6600000, 0x00000000c6700000|  0%| F|  |TAMS 0x00000000c6600000| PB 0x00000000c6600000| Untracked |  0
|  31|0x00000000c6700000, 0x00000000c6700000, 0x00000000c6800000|  0%| F|  |TAMS 0x00000000c6700000| PB 0x00000000c6700000| Untracked |  0
|  32|0x00000000c6800000, 0x00000000c6800000, 0x00000000c6900000|  0%| F|  |TAMS 0x00000000c6800000| PB 0x00000000c6800000| Untracked |  0
|  33|0x00000000c6900000, 0x00000000c6900000, 0x00000000c6a00000|  0%| F|  |TAMS 0x00000000c6900000| PB 0x00000000c6900000| Untracked |  0
|  34|0x00000000c6a00000, 0x00000000c6a00000, 0x00000000c6b00000|  0%| F|  |TAMS 0x00000000c6a00000| PB 0x00000000c6a00000| Untracked |  0
|  35|0x00000000c6b00000, 0x00000000c6b00000, 0x00000000c6c00000|  0%| F|  |TAMS 0x00000000c6b00000| PB 0x00000000c6b00000| Untracked |  0
|  36|0x00000000c6c00000, 0x00000000c6c00000, 0x00000000c6d00000|  0%| F|  |TAMS 0x00000000c6c00000| PB 0x00000000c6c00000| Untracked |  0
|  37|0x00000000c6d00000, 0x00000000c6d00000, 0x00000000c6e00000|  0%| F|  |TAMS 0x00000000c6d00000| PB 0x00000000c6d00000| Untracked |  0
|  38|0x00000000c6e00000, 0x00000000c6e00000, 0x00000000c6f00000|  0%| F|  |TAMS 0x00000000c6e00000| PB 0x00000000c6e00000| Untracked |  0
|  39|0x00000000c6f00000, 0x00000000c6f00000, 0x00000000c7000000|  0%| F|  |TAMS 0x00000000c6f00000| PB 0x00000000c6f00000| Untracked |  0
|  40|0x00000000c7000000, 0x00000000c7000000, 0x00000000c7100000|  0%| F|  |TAMS 0x00000000c7000000| PB 0x00000000c7000000| Untracked |  0
|  41|0x00000000c7100000, 0x00000000c7100000, 0x00000000c7200000|  0%| F|  |TAMS 0x00000000c7100000| PB 0x00000000c7100000| Untracked |  0
|  42|0x00000000c7200000, 0x00000000c7200000, 0x00000000c7300000|  0%| F|  |TAMS 0x00000000c7200000| PB 0x00000000c7200000| Untracked |  0
|  43|0x00000000c7300000, 0x00000000c7300000, 0x00000000c7400000|  0%| F|  |TAMS 0x00000000c7300000| PB 0x00000000c7300000| Untracked |  0
|  44|0x00000000c7400000, 0x00000000c7400000, 0x00000000c7500000|  0%| F|  |TAMS 0x00000000c7400000| PB 0x00000000c7400000| Untracked |  0
|  45|0x00000000c7500000, 0x00000000c7500000, 0x00000000c7600000|  0%| F|  |TAMS 0x00000000c7500000| PB 0x00000000c7500000| Untracked |  0
|  46|0x00000000c7600000, 0x00000000c7600000, 0x00000000c7700000|  0%| F|  |TAMS 0x00000000c7600000| PB 0x00000000c7600000| Untracked |  0
|  47|0x00000000c7700000, 0x00000000c7700000, 0x00000000c7800000|  0%| F|  |TAMS 0x00000000c7700000| PB 0x00000000c7700000| Untracked |  0
|  48|0x00000000c7800000, 0x00000000c7800000, 0x00000000c7900000|  0%| F|  |TAMS 0x00000000c7800000| PB 0x00000000c7800000| Untracked |  0
|  49|0x00000000c7900000, 0x00000000c7900000, 0x00000000c7a00000|  0%| F|  |TAMS 0x00000000c7900000| PB 0x00000000c7900000| Untracked |  0
|  50|0x00000000c7a00000, 0x00000000c7a36c98, 0x00000000c7b00000| 21%| E|  |TAMS 0x00000000c7a00000| PB 0x00000000c7a00000| Complete |  1
|  51|0x00000000c7b00000, 0x00000000c7c00000, 0x00000000c7c00000|100%| E|  |TAMS 0x00000000c7b00000| PB 0x00000000c7b00000| Complete |  0
|  52|0x00000000c7c00000, 0x00000000c7d00000, 0x00000000c7d00000|100%| E|CS|TAMS 0x00000000c7c00000| PB 0x00000000c7c00000| Complete |  0
|  53|0x00000000c7d00000, 0x00000000c7e00000, 0x00000000c7e00000|100%| E|CS|TAMS 0x00000000c7d00000| PB 0x00000000c7d00000| Complete |  0
|  54|0x00000000c7e00000, 0x00000000c7f00000, 0x00000000c7f00000|100%| E|CS|TAMS 0x00000000c7e00000| PB 0x00000000c7e00000| Complete |  0
|  55|0x00000000c7f00000, 0x00000000c8000000, 0x00000000c8000000|100%| E|CS|TAMS 0x00000000c7f00000| PB 0x00000000c7f00000| Complete |  0
|  56|0x00000000c8000000, 0x00000000c8100000, 0x00000000c8100000|100%| E|CS|TAMS 0x00000000c8000000| PB 0x00000000c8000000| Complete |  0
|  57|0x00000000c8100000, 0x00000000c8200000, 0x00000000c8200000|100%| E|CS|TAMS 0x00000000c8100000| PB 0x00000000c8100000| Complete |  0
|  58|0x00000000c8200000, 0x00000000c8300000, 0x00000000c8300000|100%| E|CS|TAMS 0x00000000c8200000| PB 0x00000000c8200000| Complete |  0
|  59|0x00000000c8300000, 0x00000000c8400000, 0x00000000c8400000|100%| E|CS|TAMS 0x00000000c8300000| PB 0x00000000c8300000| Complete |  0

Card table byte_map: [0x000001a9a6460000,0x000001a9a6640000] _byte_map_base: 0x000001a9a5e3c000

Marking Bits: (CMBitMap*) 0x000001a98eb71660
 Bits: [0x000001a9a6640000, 0x000001a9a7520000)

Polling page: 0x000001a98e300000

Metaspace:

Usage:
  Non-class:      5.64 MB used.
      Class:    672.64 KB used.
       Both:      6.30 MB used.

Virtual space:
  Non-class space:       64.00 MB reserved,       5.75 MB (  9%) committed,  1 nodes.
      Class space:        1.00 GB reserved,     768.00 KB ( <1%) committed,  1 nodes.
             Both:        1.06 GB reserved,       6.50 MB ( <1%) committed. 

Chunk freelists:
   Non-Class:  9.81 MB
       Class:  15.12 MB
        Both:  24.94 MB

MaxMetaspaceSize: unlimited
CompressedClassSpaceSize: 1.00 GB
Initial GC threshold: 21.00 MB
Current GC threshold: 21.00 MB
CDS: on
 - commit_granule_bytes: 65536.
 - commit_granule_words: 8192.
 - virtual_space_node_default_size: 8388608.
 - enlarge_chunks_in_place: 1.
 - use_allocation_guard: 0.


Internal statistics:

num_allocs_failed_limit: 0.
num_arena_births: 148.
num_arena_deaths: 0.
num_vsnodes_births: 2.
num_vsnodes_deaths: 0.
num_space_committed: 104.
num_space_uncommitted: 0.
num_chunks_returned_to_freelist: 0.
num_chunks_taken_from_freelist: 231.
num_chunk_merges: 0.
num_chunk_splits: 148.
num_chunks_enlarged: 81.
num_inconsistent_stats: 0.

CodeHeap 'non-profiled nmethods': size=120064Kb used=239Kb max_used=239Kb free=119824Kb
 bounds [0x000001a99ed40000, 0x000001a99efb0000, 0x000001a9a6280000]
CodeHeap 'profiled nmethods': size=120000Kb used=869Kb max_used=869Kb free=119130Kb
 bounds [0x000001a997280000, 0x000001a9974f0000, 0x000001a99e7b0000]
CodeHeap 'non-nmethods': size=5696Kb used=1470Kb max_used=1470Kb free=4226Kb
 bounds [0x000001a99e7b0000, 0x000001a99ea20000, 0x000001a99ed40000]
CodeCache: size=245760Kb, used=2578Kb, max_used=2578Kb, free=243180Kb
 total_blobs=1351, nmethods=785, adapters=472, full_count=0
Compilation: enabled, stopped_count=0, restarted_count=0

Compilation events (20 events):
Event: 1.149 Thread 0x000001a9a9aa0430  707       3       jdk.internal.org.objectweb.asm.MethodWriter::visitTypeInsn (116 bytes)
Event: 1.150 Thread 0x000001a9a9aa0430 nmethod 707 0x000001a99733ee08 code [0x000001a99733ef80, 0x000001a99733f358]
Event: 1.150 Thread 0x000001a9a9aa0430  708       3       jdk.internal.org.objectweb.asm.MethodWriter::visitEnd (1 bytes)
Event: 1.150 Thread 0x000001a9a9aa0430 nmethod 708 0x000001a99733f388 code [0x000001a99733f4a0, 0x000001a99733f5a8]
Event: 1.150 Thread 0x000001a9a9aa0430  709       3       jdk.internal.org.objectweb.asm.MethodWriter::computeMethodInfoSize (571 bytes)
Event: 1.153 Thread 0x000001a9a9aa0430 nmethod 709 0x000001a99733f688 code [0x000001a99733f940, 0x000001a997340730]
Event: 1.153 Thread 0x000001a9a9aa0430  710       3       jdk.internal.org.objectweb.asm.MethodWriter::hasFrames (13 bytes)
Event: 1.153 Thread 0x000001a9a9aa0430 nmethod 710 0x000001a997340788 code [0x000001a9973408a0, 0x000001a9973409f8]
Event: 1.153 Thread 0x000001a9a9aa0430  711       3       jdk.internal.org.objectweb.asm.MethodWriter::putMethodInfo (1274 bytes)
Event: 1.161 Thread 0x000001a9a9aa0430 nmethod 711 0x000001a997340a88 code [0x000001a997341120, 0x000001a997343778]
Event: 1.162 Thread 0x000001a9a9aa0430  713       3       sun.invoke.util.BytecodeDescriptor::unparse (24 bytes)
Event: 1.162 Thread 0x000001a9a9aa0430 nmethod 713 0x000001a997343808 code [0x000001a997343940, 0x000001a997343b38]
Event: 1.162 Thread 0x000001a9a9aa0430  714       3       java.lang.invoke.DirectMethodHandle::allocateInstance (16 bytes)
Event: 1.162 Thread 0x000001a9a9aa0430 nmethod 714 0x000001a997343b88 code [0x000001a997343cc0, 0x000001a997343ec8]
Event: 1.165 Thread 0x000001a9a9aa0430  715       3       java.lang.StringConcatHelper::newString (67 bytes)
Event: 1.166 Thread 0x000001a9a9aa0430 nmethod 715 0x000001a997343f08 code [0x000001a997344100, 0x000001a997344b00]
Event: 1.166 Thread 0x000001a9a9aa0430  717       1       java.security.CodeSource::getLocationNoFragString (5 bytes)
Event: 1.166 Thread 0x000001a9a9aa0430 nmethod 717 0x000001a99ed75c08 code [0x000001a99ed75d20, 0x000001a99ed75de8]
Event: 1.167 Thread 0x000001a9a9aa0430  718       1       java.net.URL::getHost (5 bytes)
Event: 1.168 Thread 0x000001a9a9aa0430 nmethod 718 0x000001a99ed75f08 code [0x000001a99ed76020, 0x000001a99ed760e8]

GC Heap History (0 events):
No events

Dll operation events (10 events):
Event: 0.035 Loaded shared library C:\Program Files\Java\jdk-23\bin\java.dll
Event: 0.117 Loaded shared library C:\Program Files\Java\jdk-23\bin\jsvml.dll
Event: 0.253 Loaded shared library C:\Program Files\Java\jdk-23\bin\zip.dll
Event: 0.262 Loaded shared library C:\Program Files\Java\jdk-23\bin\instrument.dll
Event: 0.276 Loaded shared library C:\Program Files\Java\jdk-23\bin\net.dll
Event: 0.279 Loaded shared library C:\Program Files\Java\jdk-23\bin\nio.dll
Event: 0.294 Loaded shared library C:\Program Files\Java\jdk-23\bin\zip.dll
Event: 0.337 Loaded shared library C:\Program Files\Java\jdk-23\bin\extnet.dll
Event: 0.358 Loaded shared library C:\Program Files\Java\jdk-23\bin\jimage.dll
Event: 0.396 Loaded shared library C:\Program Files\Java\jdk-23\bin\awt.dll

Deoptimization events (20 events):
Event: 0.954 Thread 0x000001a98c841290 Uncommon trap: trap_request=0xffffffc6 fr.pc=0x000001a99ed4f82c relative=0x0000000000000a0c
Event: 0.954 Thread 0x000001a98c841290 Uncommon trap: reason=bimorphic_or_optimized_type_check action=maybe_recompile pc=0x000001a99ed4f82c method=java.util.HashMap.putVal(ILjava/lang/Object;Ljava/lang/Object;ZZ)Ljava/lang/Object; @ 56 c2
Event: 0.954 Thread 0x000001a98c841290 DEOPT PACKING pc=0x000001a99ed4f82c sp=0x0000002451ffec00
Event: 0.954 Thread 0x000001a98c841290 DEOPT UNPACKING pc=0x000001a99e804402 sp=0x0000002451ffeb88 mode 2
Event: 0.994 Thread 0x000001a98c841290 Uncommon trap: trap_request=0xffffffde fr.pc=0x000001a99ed6e4dc relative=0x0000000000000a3c
Event: 0.994 Thread 0x000001a98c841290 Uncommon trap: reason=class_check action=maybe_recompile pc=0x000001a99ed6e4dc method=java.util.HashMap.putVal(ILjava/lang/Object;Ljava/lang/Object;ZZ)Ljava/lang/Object; @ 106 c2
Event: 0.994 Thread 0x000001a98c841290 DEOPT PACKING pc=0x000001a99ed6e4dc sp=0x0000002451ffe050
Event: 0.994 Thread 0x000001a98c841290 DEOPT UNPACKING pc=0x000001a99e804402 sp=0x0000002451ffdff8 mode 2
Event: 0.994 Thread 0x000001a98c841290 Uncommon trap: trap_request=0xffffffde fr.pc=0x000001a99ed6e4dc relative=0x0000000000000a3c
Event: 0.994 Thread 0x000001a98c841290 Uncommon trap: reason=class_check action=maybe_recompile pc=0x000001a99ed6e4dc method=java.util.HashMap.putVal(ILjava/lang/Object;Ljava/lang/Object;ZZ)Ljava/lang/Object; @ 106 c2
Event: 0.994 Thread 0x000001a98c841290 DEOPT PACKING pc=0x000001a99ed6e4dc sp=0x0000002451ffe050
Event: 0.994 Thread 0x000001a98c841290 DEOPT UNPACKING pc=0x000001a99e804402 sp=0x0000002451ffdff8 mode 2
Event: 0.994 Thread 0x000001a98c841290 Uncommon trap: trap_request=0xffffffde fr.pc=0x000001a99ed6e4dc relative=0x0000000000000a3c
Event: 0.994 Thread 0x000001a98c841290 Uncommon trap: reason=class_check action=maybe_recompile pc=0x000001a99ed6e4dc method=java.util.HashMap.putVal(ILjava/lang/Object;Ljava/lang/Object;ZZ)Ljava/lang/Object; @ 106 c2
Event: 0.994 Thread 0x000001a98c841290 DEOPT PACKING pc=0x000001a99ed6e4dc sp=0x0000002451ffe050
Event: 0.994 Thread 0x000001a98c841290 DEOPT UNPACKING pc=0x000001a99e804402 sp=0x0000002451ffdff8 mode 2
Event: 0.994 Thread 0x000001a98c841290 Uncommon trap: trap_request=0xffffffde fr.pc=0x000001a99ed6e4dc relative=0x0000000000000a3c
Event: 0.994 Thread 0x000001a98c841290 Uncommon trap: reason=class_check action=maybe_recompile pc=0x000001a99ed6e4dc method=java.util.HashMap.putVal(ILjava/lang/Object;Ljava/lang/Object;ZZ)Ljava/lang/Object; @ 106 c2
Event: 0.994 Thread 0x000001a98c841290 DEOPT PACKING pc=0x000001a99ed6e4dc sp=0x0000002451ffe050
Event: 0.994 Thread 0x000001a98c841290 DEOPT UNPACKING pc=0x000001a99e804402 sp=0x0000002451ffdff8 mode 2

Classes loaded (20 events):
Event: 1.104 Loading class sun/util/PropertyResourceBundleCharset
Event: 1.105 Loading class sun/util/PropertyResourceBundleCharset done
Event: 1.105 Loading class sun/util/PropertyResourceBundleCharset$PropertiesFileDecoder
Event: 1.106 Loading class sun/util/PropertyResourceBundleCharset$PropertiesFileDecoder done
Event: 1.136 Loading class java/text/MessageFormat
Event: 1.139 Loading class java/text/MessageFormat done
Event: 1.141 Loading class java/math/BigDecimal
Event: 1.143 Loading class java/math/BigDecimal done
Event: 1.144 Loading class java/math/MathContext
Event: 1.145 Loading class java/math/MathContext done
Event: 1.148 Loading class java/util/Collections$UnmodifiableMap$UnmodifiableEntrySet
Event: 1.149 Loading class java/util/Collections$UnmodifiableMap$UnmodifiableEntrySet done
Event: 1.149 Loading class java/util/Collections$UnmodifiableMap$UnmodifiableEntrySet$UnmodifiableEntrySetSpliterator
Event: 1.149 Loading class java/util/Collections$UnmodifiableMap$UnmodifiableEntrySet$UnmodifiableEntrySetSpliterator done
Event: 1.149 Loading class java/util/HashMap$EntrySpliterator
Event: 1.149 Loading class java/util/HashMap$EntrySpliterator done
Event: 1.150 Loading class java/lang/invoke/DirectMethodHandle$Special
Event: 1.150 Loading class java/lang/invoke/DirectMethodHandle$Special done
Event: 1.159 Loading class java/lang/NoSuchFieldError
Event: 1.159 Loading class java/lang/NoSuchFieldError done

Classes unloaded (0 events):
No events

Classes redefined (0 events):
No events

Internal exceptions (12 events):
Event: 0.314 Thread 0x000001a98c841290 Exception <a 'java/lang/NoSuchMethodError'{0x00000000c8156b20}: 'java.lang.Object java.lang.invoke.Invokers$Holder.invokeExact_MT(java.lang.Object, java.lang.Object, java.lang.Object, java.lang.Object, java.lang.Object)'> (0x00000000c8156b20) 
thrown [s\open\src\hotspot\share\interpreter\linkResolver.cpp, line 796]
Event: 0.342 Thread 0x000001a9a9d7c200 Exception <a 'java/lang/NoSuchMethodError'{0x00000000c8198408}: 'void java.lang.invoke.DirectMethodHandle$Holder.invokeStatic(java.lang.Object, java.lang.Object)'> (0x00000000c8198408) 
thrown [s\open\src\hotspot\share\interpreter\linkResolver.cpp, line 796]
Event: 0.375 Thread 0x000001a98c841290 Exception <a 'java/lang/ClassNotFoundException'{0x00000000c817b3a8}: sun/awt/resources/spi/awtProvider> (0x00000000c817b3a8) 
thrown [s\open\src\hotspot\share\classfile\systemDictionary.cpp, line 313]
Event: 0.446 Thread 0x000001a98c841290 Exception <a 'java/io/FileNotFoundException'{0x00000000c8014508}> (0x00000000c8014508) 
thrown [s\open\src\hotspot\share\prims\jni.cpp, line 520]
Event: 0.466 Thread 0x000001a98c841290 Exception <a 'java/io/FileNotFoundException'{0x00000000c8042690}> (0x00000000c8042690) 
thrown [s\open\src\hotspot\share\prims\jni.cpp, line 520]
Event: 0.852 Thread 0x000001a98c841290 Exception <a 'java/lang/NoSuchMethodError'{0x00000000c7f4aaf0}: 'void java.lang.invoke.DirectMethodHandle$Holder.invokeSpecial(java.lang.Object, java.lang.Object, java.lang.Object)'> (0x00000000c7f4aaf0) 
thrown [s\open\src\hotspot\share\interpreter\linkResolver.cpp, line 796]
Event: 0.884 Thread 0x000001a98c841290 Exception <a 'java/lang/NoSuchMethodError'{0x00000000c7f9a390}: 'java.lang.Object java.lang.invoke.DirectMethodHandle$Holder.invokeStatic(java.lang.Object, int, java.lang.Object)'> (0x00000000c7f9a390) 
thrown [s\open\src\hotspot\share\interpreter\linkResolver.cpp, line 796]
Event: 0.952 Thread 0x000001a98c841290 Exception <a 'java/lang/ClassNotFoundException'{0x00000000c7e413a0}: com/sun/swing/internal/plaf/metal/resources/spi/metalProvider> (0x00000000c7e413a0) 
thrown [s\open\src\hotspot\share\classfile\systemDictionary.cpp, line 313]
Event: 0.956 Thread 0x000001a98c841290 Exception <a 'java/lang/ClassNotFoundException'{0x00000000c7e45360}: com/sun/swing/internal/plaf/basic/resources/spi/basicProvider> (0x00000000c7e45360) 
thrown [s\open\src\hotspot\share\classfile\systemDictionary.cpp, line 313]
Event: 0.984 Thread 0x000001a98c841290 Exception <a 'java/lang/NoSuchMethodError'{0x00000000c7e61e00}: 'int java.lang.invoke.Invokers$Holder.invokeExact_MT(java.lang.Object, java.lang.Object)'> (0x00000000c7e61e00) 
thrown [s\open\src\hotspot\share\interpreter\linkResolver.cpp, line 796]
Event: 1.096 Thread 0x000001a98c841290 Exception <a 'java/lang/NoSuchMethodError'{0x00000000c7d83f10}: 'java.lang.Object java.lang.invoke.DirectMethodHandle$Holder.invokeInterface(java.lang.Object, java.lang.Object)'> (0x00000000c7d83f10) 
thrown [s\open\src\hotspot\share\interpreter\linkResolver.cpp, line 796]
Event: 1.152 Thread 0x000001a98c841290 Exception <a 'java/lang/NoSuchMethodError'{0x00000000c7c03a28}: 'java.lang.Object java.lang.invoke.DirectMethodHandle$Holder.invokeVirtual(java.lang.Object, java.lang.Object, java.lang.Object)'> (0x00000000c7c03a28) 
thrown [s\open\src\hotspot\share\interpreter\linkResolver.cpp, line 796]

VM Operations (6 events):
Event: 0.212 Executing VM operation: HandshakeAllThreads (Deoptimize)
Event: 0.212 Executing VM operation: HandshakeAllThreads (Deoptimize) done
Event: 0.642 Executing VM operation: HandshakeAllThreads (Deoptimize)
Event: 0.642 Executing VM operation: HandshakeAllThreads (Deoptimize) done
Event: 1.046 Executing VM operation: HandshakeAllThreads (Deoptimize)
Event: 1.046 Executing VM operation: HandshakeAllThreads (Deoptimize) done

Memory protections (0 events):
No events

Nmethod flushes (0 events):
No events

Events (16 events):
Event: 0.075 Thread 0x000001a98c841290 Thread added: 0x000001a98c841290
Event: 0.111 Thread 0x000001a98c841290 Thread added: 0x000001a9a9a8f9c0
Event: 0.111 Thread 0x000001a98c841290 Thread added: 0x000001a9a9a91790
Event: 0.112 Thread 0x000001a98c841290 Thread added: 0x000001a9a9a92d30
Event: 0.112 Thread 0x000001a98c841290 Thread added: 0x000001a9a9a957a0
Event: 0.112 Thread 0x000001a98c841290 Thread added: 0x000001a9a9a96200
Event: 0.112 Thread 0x000001a98c841290 Thread added: 0x000001a9a9a96c60
Event: 0.113 Thread 0x000001a98c841290 Thread added: 0x000001a9a9a98a00
Event: 0.113 Thread 0x000001a98c841290 Thread added: 0x000001a9a9aa0430
Event: 0.186 Thread 0x000001a98c841290 Thread added: 0x000001a9a9ba3cc0
Event: 0.318 Thread 0x000001a98c841290 Thread added: 0x000001a9a9d7c200
Event: 0.318 Thread 0x000001a98c841290 Thread added: 0x000001a9a9d7c870
Event: 0.781 Thread 0x000001a98c841290 Thread added: 0x000001a9a9e222b0
Event: 0.784 Thread 0x000001a98c841290 Thread added: 0x000001a9a9e29720
Event: 0.788 Thread 0x000001a98c841290 Thread added: 0x000001a9a9e2d240
Event: 1.015 Thread 0x000001a98c841290 Thread added: 0x000001a9a9efb4e0


Dynamic libraries:
0x00007ff778860000 - 0x00007ff778870000 	C:\Program Files\Java\jdk-23\bin\java.exe
0x00007ffbecbb0000 - 0x00007ffbecdc7000 	C:\Windows\SYSTEM32\ntdll.dll
0x00007ffbebdd0000 - 0x00007ffbebe94000 	C:\Windows\System32\KERNEL32.DLL
0x00007ffbea470000 - 0x00007ffbea843000 	C:\Windows\System32\KERNELBASE.dll
0x00007ffbea1e0000 - 0x00007ffbea2f1000 	C:\Windows\System32\ucrtbase.dll
0x00007ffbd29b0000 - 0x00007ffbd29cb000 	C:\Program Files\Java\jdk-23\bin\VCRUNTIME140.dll
0x00007ffbd29d0000 - 0x00007ffbd29e7000 	C:\Program Files\Java\jdk-23\bin\jli.dll
0x00007ffbea8e0000 - 0x00007ffbeaa91000 	C:\Windows\System32\USER32.dll
0x00007ffbe9cc0000 - 0x00007ffbe9ce6000 	C:\Windows\System32\win32u.dll
0x00007ffbeaaa0000 - 0x00007ffbeaac9000 	C:\Windows\System32\GDI32.dll
0x00007ffbea0c0000 - 0x00007ffbea1db000 	C:\Windows\System32\gdi32full.dll
0x00007ffbe9d20000 - 0x00007ffbe9dba000 	C:\Windows\System32\msvcp_win.dll
0x00007ffbdfd80000 - 0x00007ffbe0018000 	C:\Windows\WinSxS\amd64_microsoft.windows.common-controls_6595b64144ccf1df_6.0.22621.5124_none_270e8f4f7386d69d\COMCTL32.dll
0x00007ffbeac20000 - 0x00007ffbeacc7000 	C:\Windows\System32\msvcrt.dll
0x00007ffbeaad0000 - 0x00007ffbeab01000 	C:\Windows\System32\IMM32.DLL
0x00007ffbe3710000 - 0x00007ffbe371c000 	C:\Program Files\Java\jdk-23\bin\vcruntime140_1.dll
0x00007ffbbe720000 - 0x00007ffbbe7ae000 	C:\Program Files\Java\jdk-23\bin\msvcp140.dll
0x00007ffb7c7f0000 - 0x00007ffb7d540000 	C:\Program Files\Java\jdk-23\bin\server\jvm.dll
0x00007ffbec270000 - 0x00007ffbec321000 	C:\Windows\System32\ADVAPI32.dll
0x00007ffbecac0000 - 0x00007ffbecb68000 	C:\Windows\System32\sechost.dll
0x00007ffbe9cf0000 - 0x00007ffbe9d18000 	C:\Windows\System32\bcrypt.dll
0x00007ffbec8d0000 - 0x00007ffbec9e4000 	C:\Windows\System32\RPCRT4.dll
0x00007ffbec330000 - 0x00007ffbec3a1000 	C:\Windows\System32\WS2_32.dll
0x00007ffbe9b90000 - 0x00007ffbe9bdd000 	C:\Windows\SYSTEM32\POWRPROF.dll
0x00007ffbe41b0000 - 0x00007ffbe41e4000 	C:\Windows\SYSTEM32\WINMM.dll
0x00007ffbe4030000 - 0x00007ffbe403a000 	C:\Windows\SYSTEM32\VERSION.dll
0x00007ffbe9b70000 - 0x00007ffbe9b83000 	C:\Windows\SYSTEM32\UMPDC.dll
0x00007ffbe8cf0000 - 0x00007ffbe8d08000 	C:\Windows\SYSTEM32\kernel.appcore.dll
0x00007ffbdf1b0000 - 0x00007ffbdf1ba000 	C:\Program Files\Java\jdk-23\bin\jimage.dll
0x00007ffbe7640000 - 0x00007ffbe7872000 	C:\Windows\SYSTEM32\DBGHELP.DLL
0x00007ffbeb870000 - 0x00007ffbebc02000 	C:\Windows\System32\combase.dll
0x00007ffbec030000 - 0x00007ffbec107000 	C:\Windows\System32\OLEAUT32.dll
0x00007ffbe3370000 - 0x00007ffbe33a2000 	C:\Windows\SYSTEM32\dbgcore.DLL
0x00007ffbe9fc0000 - 0x00007ffbea03b000 	C:\Windows\System32\bcryptPrimitives.dll
0x00007ffbded60000 - 0x00007ffbded6f000 	C:\Program Files\Java\jdk-23\bin\instrument.dll
0x00007ffbd2990000 - 0x00007ffbd29ae000 	C:\Program Files\Java\jdk-23\bin\java.dll
0x00007ffbeace0000 - 0x00007ffbeae81000 	C:\Windows\System32\ole32.dll
0x00007ffbeaf00000 - 0x00007ffbeb796000 	C:\Windows\System32\SHELL32.dll
0x00007ffbe9dc0000 - 0x00007ffbe9eff000 	C:\Windows\System32\wintypes.dll
0x00007ffbe7be0000 - 0x00007ffbe84fa000 	C:\Windows\SYSTEM32\windows.storage.dll
0x00007ffbec110000 - 0x00007ffbec21a000 	C:\Windows\System32\SHCORE.dll
0x00007ffbeae90000 - 0x00007ffbeaef3000 	C:\Windows\System32\shlwapi.dll
0x00007ffbe9bf0000 - 0x00007ffbe9c1b000 	C:\Windows\SYSTEM32\profapi.dll
0x00007ffbbcd00000 - 0x00007ffbbcdd7000 	C:\Program Files\Java\jdk-23\bin\jsvml.dll
0x00007ffbcb880000 - 0x00007ffbcb897000 	C:\Program Files\Java\jdk-23\bin\zip.dll
0x00007ffbd5a80000 - 0x00007ffbd5a90000 	C:\Program Files\Java\jdk-23\bin\net.dll
0x00007ffbe9170000 - 0x00007ffbe91da000 	C:\Windows\system32\mswsock.dll
0x00007ffbca4b0000 - 0x00007ffbca4c6000 	C:\Program Files\Java\jdk-23\bin\nio.dll
0x00007ffbd59f0000 - 0x00007ffbd59f9000 	C:\Program Files\Java\jdk-23\bin\extnet.dll
0x00007ffbb2e90000 - 0x00007ffbb301e000 	C:\Program Files\Java\jdk-23\bin\awt.dll
0x00007ffbe63f0000 - 0x00007ffbe6487000 	C:\Windows\SYSTEM32\apphelp.dll
0x00007ffbe70d0000 - 0x00007ffbe70fe000 	C:\Windows\system32\DWMAPI.DLL
0x00007ffbe6e60000 - 0x00007ffbe6f13000 	C:\Windows\system32\uxtheme.dll
0x00007ffbd3d40000 - 0x00007ffbd3e40000 	C:\Windows\system32\opengl32.dll
0x00007ffbd1240000 - 0x00007ffbd126d000 	C:\Windows\SYSTEM32\GLU32.dll
0x00007ffbe6f60000 - 0x00007ffbe6f97000 	C:\Windows\SYSTEM32\dxcore.dll
0x00007ffbebea0000 - 0x00007ffbec000000 	C:\Windows\System32\MSCTF.dll

dbghelp: loaded successfully - version: 4.0.5 - missing functions: none
symbol engine: initialized successfully - sym options: 0x614 - pdb path: .;C:\Program Files\Java\jdk-23\bin;C:\Windows\SYSTEM32;C:\Windows\WinSxS\amd64_microsoft.windows.common-controls_6595b64144ccf1df_6.0.22621.5124_none_270e8f4f7386d69d;C:\Program Files\Java\jdk-23\bin\server

VM Arguments:
jvm_args: -javaagent:C:\Program Files\JetBrains\IntelliJ IDEA Community Edition 2025.1\lib\idea_rt.jar=52187 -Dfile.encoding=UTF-8 -Dsun.stdout.encoding=UTF-8 -Dsun.stderr.encoding=UTF-8 
java_command: university.management.system.StudentLeaveDetails
java_class_path (initial): C:\Users\furqan computers\OneDrive\Desktop\university management system\out\production\university management system;C:\Users\furqan computers\Downloads\mysql-connector-java-8.0.28 (2).jar;C:\Users\furqan computers\Downloads\jcalendar-tz-1.3.3-4.jar;C:\Users\furqan computers\Downloads\ResultSet2xml.jar
Launcher Type: SUN_STANDARD

[Global flags]
     intx CICompilerCount                          = 3                                         {product} {ergonomic}
     uint ConcGCThreads                            = 1                                         {product} {ergonomic}
     uint G1ConcRefinementThreads                  = 4                                         {product} {ergonomic}
   size_t G1HeapRegionSize                         = 1048576                                   {product} {ergonomic}
   size_t InitialHeapSize                          = 62914560                                  {product} {ergonomic}
   size_t MarkStackSize                            = 4194304                                   {product} {ergonomic}
   size_t MarkStackSizeMax                         = 536870912                                 {product} {ergonomic}
   size_t MaxHeapSize                              = 998244352                                 {product} {ergonomic}
   size_t MaxNewSize                               = 598736896                                 {product} {ergonomic}
   size_t MinHeapDeltaBytes                        = 1048576                                   {product} {ergonomic}
   size_t MinHeapSize                              = 8388608                                   {product} {ergonomic}
    uintx NonNMethodCodeHeapSize                   = 5832704                                {pd product} {ergonomic}
    uintx NonProfiledCodeHeapSize                  = 122945536                              {pd product} {ergonomic}
    uintx ProfiledCodeHeapSize                     = 122880000                              {pd product} {ergonomic}
    uintx ReservedCodeCacheSize                    = 251658240                              {pd product} {ergonomic}
     bool SegmentedCodeCache                       = true                                      {product} {ergonomic}
   size_t SoftMaxHeapSize                          = 998244352                              {manageable} {ergonomic}
     bool UseCompressedOops                        = true                           {product lp64_product} {ergonomic}
     bool UseG1GC                                  = true                                      {product} {ergonomic}
     bool UseLargePagesIndividualAllocation        = false                                  {pd product} {ergonomic}

Logging:
Log output configuration:
 #0: stdout all=warning uptime,level,tags foldmultilines=false
 #1: stderr all=off uptime,level,tags foldmultilines=false

Environment Variables:
CLASSPATH=C:\connector\mysql-connector-j-9.3.0.jar
PATH=C:\Program Files\Java\jdk-23\bin;C:\Program Files\Java\jdk-23\bin;C:\Program Files\JetBrains\IntelliJ IDEA Community Edition 2025.1\bin;
USERNAME=furqan computers
OS=Windows_NT
PROCESSOR_IDENTIFIER=Intel64 Family 6 Model 78 Stepping 3, GenuineIntel
TMP=C:\Users\FURQAN~1\AppData\Local\Temp
TEMP=C:\Windows\TEMP




Periodic native trim disabled

---------------  S Y S T E M  ---------------

OS:
 Windows 11 , 64 bit Build 22621 (10.0.22621.5124)
OS uptime: 0 days 16:41 hours

CPU: total 4 (initial active 4) (2 cores per cpu, 2 threads per core) family 6 model 78 stepping 3 microcode 0xe2, cx8, cmov, fxsr, ht, mmx, 3dnowpref, sse, sse2, sse3, ssse3, sse4.1, sse4.2, popcnt, lzcnt, tsc, tscinvbit, avx, avx2, aes, erms, clmul, bmi1, bmi2, adx, fma, vzeroupper, clflush, clflushopt, rdtscp, f16c
Processor Information for the first 4 processors :
  Max Mhz: 2000, Current Mhz: 2000, Mhz Limit: 2000

Memory: 4k page, system-wide physical 3801M (165M free)
TotalPageFile size 11287M (AvailPageFile size 60M)
current process WorkingSet (physical memory assigned to process): 61M, peak: 61M
current process commit charge ("private bytes"): 145M, peak: 145M

vm_info: Java HotSpot(TM) 64-Bit Server VM (23.0.2+7-58) for windows-amd64 JRE (23.0.2+7-58), built on 2024-11-29T09:34:55Z with MS VC++ 17.6 (VS2022)

END.
