#
# There is insufficient memory for the Java Runtime Environment to continue.
# Native memory allocation (mmap) failed to map 65536 bytes. Error detail: Failed to commit metaspace.
# Possible reasons:
#   The system is out of physical RAM or swap space
#   This process is running with CompressedOops enabled, and the Java Heap may be blocking the growth of the native heap
# Possible solutions:
#   Reduce memory load on the system
#   Increase physical memory or swap space
#   Check if swap backing store is full
#   Decrease Java heap size (-Xmx/-Xms)
#   Decrease number of Java threads
#   Decrease Java thread stack sizes (-Xss)
#   Set larger code cache with -XX:ReservedCodeCacheSize=
#   JVM is running with Unscaled Compressed Oops mode in which the Java heap is
#     placed in the first 4GB address space. The Java Heap base address is the
#     maximum limit for the native heap growth. Please use -XX:HeapBaseMinAddress
#     to set the Java Heap base and to place the Java Heap above 4GB virtual address.
# This output file may be truncated or incomplete.
#
#  Out of Memory Error (virtualSpaceNode.cpp:113), pid=11616, tid=12952
#
# JRE version: Java(TM) SE Runtime Environment (23.0.2+7) (build 23.0.2+7-58)
# Java VM: Java HotSpot(TM) 64-Bit Server VM (23.0.2+7-58, mixed mode, sharing, tiered, compressed oops, compressed class ptrs, g1 gc, windows-amd64)
# No core dump will be written. Minidumps are not enabled by default on client versions of Windows
#

---------------  S U M M A R Y ------------

Command Line: -javaagent:C:\Program Files\JetBrains\IntelliJ IDEA Community Edition 2025.1\lib\idea_rt.jar=53773 -Dfile.encoding=UTF-8 -Dsun.stdout.encoding=UTF-8 -Dsun.stderr.encoding=UTF-8 university.management.system.EnterMarks

Host: Intel(R) Core(TM) i3-6006U CPU @ 2.00GHz, 4 cores, 3G,  Windows 11 , 64 bit Build 22621 (10.0.22621.4974)
Time: Thu Apr 24 08:11:39 2025 Pacific Daylight Time elapsed time: 0.208596 seconds (0d 0h 0m 0s)

---------------  T H R E A D  ---------------

Current thread (0x0000013641144d30):  JavaThread "C1 CompilerThread0" daemon [_thread_in_vm, id=12952, stack(0x0000002ca0100000,0x0000002ca0200000) (1024K)]


Current CompileTask:
C1:208  148   !   3       java.util.concurrent.ConcurrentHashMap::putVal (432 bytes)

Stack: [0x0000002ca0100000,0x0000002ca0200000]
Native frames: (J=compiled Java code, j=interpreted, Vv=VM code, C=native code)
V  [jvm.dll+0x6e0b99]  (no source info available)
V  [jvm.dll+0x87e2b3]  (no source info available)
V  [jvm.dll+0x88073e]  (no source info available)
V  [jvm.dll+0x880e13]  (no source info available)
V  [jvm.dll+0x27b006]  (no source info available)
V  [jvm.dll+0x879ebe]  (no source info available)
V  [jvm.dll+0x6822f5]  (no source info available)
V  [jvm.dll+0x68235a]  (no source info available)
V  [jvm.dll+0x684b9a]  (no source info available)
V  [jvm.dll+0x221aec]  (no source info available)
V  [jvm.dll+0x682d0e]  (no source info available)
V  [jvm.dll+0x69436a]  (no source info available)
V  [jvm.dll+0x68d3c2]  (no source info available)
V  [jvm.dll+0x1ee970]  (no source info available)
V  [jvm.dll+0x1eeb58]  (no source info available)
V  [jvm.dll+0x16323e]  (no source info available)
V  [jvm.dll+0x163071]  (no source info available)
V  [jvm.dll+0x15a872]  (no source info available)
V  [jvm.dll+0x15caea]  (no source info available)
V  [jvm.dll+0x15b115]  (no source info available)
V  [jvm.dll+0x15463f]  (no source info available)
V  [jvm.dll+0x164cf1]  (no source info available)
V  [jvm.dll+0x14fd7b]  (no source info available)
V  [jvm.dll+0x150173]  (no source info available)
V  [jvm.dll+0x1504db]  (no source info available)
V  [jvm.dll+0x14f8a8]  (no source info available)
V  [jvm.dll+0x1516ed]  (no source info available)
V  [jvm.dll+0x253df1]  (no source info available)
V  [jvm.dll+0x2520aa]  (no source info available)
V  [jvm.dll+0x3ee226]  (no source info available)
V  [jvm.dll+0x8254cb]  (no source info available)
V  [jvm.dll+0x6df345]  (no source info available)
C  [ucrtbase.dll+0x29333]  (no source info available)
C  [KERNEL32.DLL+0x1259d]  (no source info available)
C  [ntdll.dll+0x5af38]  (no source info available)

Lock stack of current Java thread (top to bottom):


---------------  P R O C E S S  ---------------

Threads class SMR info:
_java_thread_list=0x00000136412322e0, length=10, elements={
0x000001364b170190, 0x000001364112ac50, 0x000001364112cb80, 0x0000013641130100,
0x0000013641132b70, 0x0000013641133d70, 0x00000136411350a0, 0x000001364113d480,
0x0000013641144d30, 0x000001364123f5e0
}

Java Threads: ( => current thread )
  0x000001364b170190 JavaThread "main"                              [_thread_in_vm, id=8944, stack(0x0000002c9f200000,0x0000002c9f300000) (1024K)]
  0x000001364112ac50 JavaThread "Reference Handler"          daemon [_thread_blocked, id=13220, stack(0x0000002c9fa00000,0x0000002c9fb00000) (1024K)]
  0x000001364112cb80 JavaThread "Finalizer"                  daemon [_thread_blocked, id=2396, stack(0x0000002c9fb00000,0x0000002c9fc00000) (1024K)]
  0x0000013641130100 JavaThread "Signal Dispatcher"          daemon [_thread_blocked, id=11856, stack(0x0000002c9fc00000,0x0000002c9fd00000) (1024K)]
  0x0000013641132b70 JavaThread "Attach Listener"            daemon [_thread_blocked, id=11320, stack(0x0000002c9fd00000,0x0000002c9fe00000) (1024K)]
  0x0000013641133d70 JavaThread "Service Thread"             daemon [_thread_blocked, id=4260, stack(0x0000002c9fe00000,0x0000002c9ff00000) (1024K)]
  0x00000136411350a0 JavaThread "Monitor Deflation Thread"   daemon [_thread_blocked, id=1308, stack(0x0000002c9ff00000,0x0000002ca0000000) (1024K)]
  0x000001364113d480 JavaThread "C2 CompilerThread0"         daemon [_thread_in_native, id=6528, stack(0x0000002ca0000000,0x0000002ca0100000) (1024K)]
=>0x0000013641144d30 JavaThread "C1 CompilerThread0"         daemon [_thread_in_vm, id=12952, stack(0x0000002ca0100000,0x0000002ca0200000) (1024K)]
  0x000001364123f5e0 JavaThread "Common-Cleaner"             daemon [_thread_blocked, id=7364, stack(0x0000002ca0200000,0x0000002ca0300000) (1024K)]
Total: 10

Other Threads:
  0x000001364d4a7230 VMThread "VM Thread"                           [id=8212, stack(0x0000002c9f900000,0x0000002c9fa00000) (1024K)]
  0x000001364111da20 WatcherThread "VM Periodic Task Thread"        [id=2004, stack(0x0000002c9f800000,0x0000002c9f900000) (1024K)]
  0x000001364d41ee30 WorkerThread "GC Thread#0"                     [id=10004, stack(0x0000002c9f300000,0x0000002c9f400000) (1024K)]
  0x000001364d4294f0 ConcurrentGCThread "G1 Main Marker"            [id=5900, stack(0x0000002c9f400000,0x0000002c9f500000) (1024K)]
  0x000001364d42a000 WorkerThread "G1 Conc#0"                       [id=12596, stack(0x0000002c9f500000,0x0000002c9f600000) (1024K)]
  0x000001364d485340 ConcurrentGCThread "G1 Refine#0"               [id=12768, stack(0x0000002c9f600000,0x0000002c9f700000) (1024K)]
  0x000001364d485ec0 ConcurrentGCThread "G1 Service"                [id=3184, stack(0x0000002c9f700000,0x0000002c9f800000) (1024K)]
Total: 7

Threads with active compile tasks:
C2 CompilerThread0  356  143       4       java.util.HashMap::putVal (300 bytes)
C1 CompilerThread0  356  148   !   3       java.util.concurrent.ConcurrentHashMap::putVal (432 bytes)
Total: 2

VM state: not at safepoint (normal execution)

VM Mutex/Monitor currently owned by a thread:  ([mutex/lock_event])
[0x00007fff99742888] Metaspace_lock - owner thread: 0x0000013641144d30

Heap address: 0x00000000c4800000, size: 952 MB, Compressed Oops mode: 32-bit

CDS archive(s) mapped at: [0x0000013600000000-0x0000013600d70000-0x0000013600d70000), size 14090240, SharedBaseAddress: 0x0000013600000000, ArchiveRelocationMode: 1.
Compressed class space mapped at: 0x0000013601000000-0x0000013641000000, reserved size: 1073741824
Narrow klass base: 0x0000013600000000, Narrow klass shift: 0, Narrow klass range: 0x41000000

GC Precious Log:
 CardTable entry size: 512
 Card Set container configuration: InlinePtr #cards 5 size 8 Array Of Cards #cards 10 size 36 Howl #buckets 4 coarsen threshold 1843 Howl Bitmap #cards 512 size 80 coarsen threshold 460 Card regions per heap region 1 cards per card region 2048
 CPUs: 4 total, 4 available
 Memory: 3801M
 Large Page Support: Disabled
 NUMA Support: Disabled
 Compressed Oops: Enabled (32-bit)
 Heap Region Size: 1M
 Heap Min Capacity: 8M
 Heap Initial Capacity: 60M
 Heap Max Capacity: 952M
 Pre-touch: Disabled
 Parallel Workers: 4
 Concurrent Workers: 1
 Concurrent Refinement Workers: 4
 Periodic GC: Disabled

Heap:
 garbage-first heap   total reserved 974848K, committed 61440K, used 1024K [0x00000000c4800000, 0x0000000100000000)
  region size 1024K, 2 young (2048K), 0 survivors (0K)
 Metaspace       used 198K, committed 384K, reserved 1114112K
  class space    used 5K, committed 128K, reserved 1048576K

Heap Regions: E=young(eden), S=young(survivor), O=old, HS=humongous(starts), HC=humongous(continues), CS=collection set, F=free, TAMS=top-at-mark-start, PB=parsable bottom
|   0|0x00000000c4800000, 0x00000000c4800000, 0x00000000c4900000|  0%| F|  |TAMS 0x00000000c4800000| PB 0x00000000c4800000| Untracked |  0
|   1|0x00000000c4900000, 0x00000000c4900000, 0x00000000c4a00000|  0%| F|  |TAMS 0x00000000c4900000| PB 0x00000000c4900000| Untracked |  0
|   2|0x00000000c4a00000, 0x00000000c4a00000, 0x00000000c4b00000|  0%| F|  |TAMS 0x00000000c4a00000| PB 0x00000000c4a00000| Untracked |  0
|   3|0x00000000c4b00000, 0x00000000c4b00000, 0x00000000c4c00000|  0%| F|  |TAMS 0x00000000c4b00000| PB 0x00000000c4b00000| Untracked |  0
|   4|0x00000000c4c00000, 0x00000000c4c00000, 0x00000000c4d00000|  0%| F|  |TAMS 0x00000000c4c00000| PB 0x00000000c4c00000| Untracked |  0
|   5|0x00000000c4d00000, 0x00000000c4d00000, 0x00000000c4e00000|  0%| F|  |TAMS 0x00000000c4d00000| PB 0x00000000c4d00000| Untracked |  0
|   6|0x00000000c4e00000, 0x00000000c4e00000, 0x00000000c4f00000|  0%| F|  |TAMS 0x00000000c4e00000| PB 0x00000000c4e00000| Untracked |  0
|   7|0x00000000c4f00000, 0x00000000c4f00000, 0x00000000c5000000|  0%| F|  |TAMS 0x00000000c4f00000| PB 0x00000000c4f00000| Untracked |  0
|   8|0x00000000c5000000, 0x00000000c5000000, 0x00000000c5100000|  0%| F|  |TAMS 0x00000000c5000000| PB 0x00000000c5000000| Untracked |  0
|   9|0x00000000c5100000, 0x00000000c5100000, 0x00000000c5200000|  0%| F|  |TAMS 0x00000000c5100000| PB 0x00000000c5100000| Untracked |  0
|  10|0x00000000c5200000, 0x00000000c5200000, 0x00000000c5300000|  0%| F|  |TAMS 0x00000000c5200000| PB 0x00000000c5200000| Untracked |  0
|  11|0x00000000c5300000, 0x00000000c5300000, 0x00000000c5400000|  0%| F|  |TAMS 0x00000000c5300000| PB 0x00000000c5300000| Untracked |  0
|  12|0x00000000c5400000, 0x00000000c5400000, 0x00000000c5500000|  0%| F|  |TAMS 0x00000000c5400000| PB 0x00000000c5400000| Untracked |  0
|  13|0x00000000c5500000, 0x00000000c5500000, 0x00000000c5600000|  0%| F|  |TAMS 0x00000000c5500000| PB 0x00000000c5500000| Untracked |  0
|  14|0x00000000c5600000, 0x00000000c5600000, 0x00000000c5700000|  0%| F|  |TAMS 0x00000000c5600000| PB 0x00000000c5600000| Untracked |  0
|  15|0x00000000c5700000, 0x00000000c5700000, 0x00000000c5800000|  0%| F|  |TAMS 0x00000000c5700000| PB 0x00000000c5700000| Untracked |  0
|  16|0x00000000c5800000, 0x00000000c5800000, 0x00000000c5900000|  0%| F|  |TAMS 0x00000000c5800000| PB 0x00000000c5800000| Untracked |  0
|  17|0x00000000c5900000, 0x00000000c5900000, 0x00000000c5a00000|  0%| F|  |TAMS 0x00000000c5900000| PB 0x00000000c5900000| Untracked |  0
|  18|0x00000000c5a00000, 0x00000000c5a00000, 0x00000000c5b00000|  0%| F|  |TAMS 0x00000000c5a00000| PB 0x00000000c5a00000| Untracked |  0
|  19|0x00000000c5b00000, 0x00000000c5b00000, 0x00000000c5c00000|  0%| F|  |TAMS 0x00000000c5b00000| PB 0x00000000c5b00000| Untracked |  0
|  20|0x00000000c5c00000, 0x00000000c5c00000, 0x00000000c5d00000|  0%| F|  |TAMS 0x00000000c5c00000| PB 0x00000000c5c00000| Untracked |  0
|  21|0x00000000c5d00000, 0x00000000c5d00000, 0x00000000c5e00000|  0%| F|  |TAMS 0x00000000c5d00000| PB 0x00000000c5d00000| Untracked |  0
|  22|0x00000000c5e00000, 0x00000000c5e00000, 0x00000000c5f00000|  0%| F|  |TAMS 0x00000000c5e00000| PB 0x00000000c5e00000| Untracked |  0
|  23|0x00000000c5f00000, 0x00000000c5f00000, 0x00000000c6000000|  0%| F|  |TAMS 0x00000000c5f00000| PB 0x00000000c5f00000| Untracked |  0
|  24|0x00000000c6000000, 0x00000000c6000000, 0x00000000c6100000|  0%| F|  |TAMS 0x00000000c6000000| PB 0x00000000c6000000| Untracked |  0
|  25|0x00000000c6100000, 0x00000000c6100000, 0x00000000c6200000|  0%| F|  |TAMS 0x00000000c6100000| PB 0x00000000c6100000| Untracked |  0
|  26|0x00000000c6200000, 0x00000000c6200000, 0x00000000c6300000|  0%| F|  |TAMS 0x00000000c6200000| PB 0x00000000c6200000| Untracked |  0
|  27|0x00000000c6300000, 0x00000000c6300000, 0x00000000c6400000|  0%| F|  |TAMS 0x00000000c6300000| PB 0x00000000c6300000| Untracked |  0
|  28|0x00000000c6400000, 0x00000000c6400000, 0x00000000c6500000|  0%| F|  |TAMS 0x00000000c6400000| PB 0x00000000c6400000| Untracked |  0
|  29|0x00000000c6500000, 0x00000000c6500000, 0x00000000c6600000|  0%| F|  |TAMS 0x00000000c6500000| PB 0x00000000c6500000| Untracked |  0
|  30|0x00000000c6600000, 0x00000000c6600000, 0x00000000c6700000|  0%| F|  |TAMS 0x00000000c6600000| PB 0x00000000c6600000| Untracked |  0
|  31|0x00000000c6700000, 0x00000000c6700000, 0x00000000c6800000|  0%| F|  |TAMS 0x00000000c6700000| PB 0x00000000c6700000| Untracked |  0
|  32|0x00000000c6800000, 0x00000000c6800000, 0x00000000c6900000|  0%| F|  |TAMS 0x00000000c6800000| PB 0x00000000c6800000| Untracked |  0
|  33|0x00000000c6900000, 0x00000000c6900000, 0x00000000c6a00000|  0%| F|  |TAMS 0x00000000c6900000| PB 0x00000000c6900000| Untracked |  0
|  34|0x00000000c6a00000, 0x00000000c6a00000, 0x00000000c6b00000|  0%| F|  |TAMS 0x00000000c6a00000| PB 0x00000000c6a00000| Untracked |  0
|  35|0x00000000c6b00000, 0x00000000c6b00000, 0x00000000c6c00000|  0%| F|  |TAMS 0x00000000c6b00000| PB 0x00000000c6b00000| Untracked |  0
|  36|0x00000000c6c00000, 0x00000000c6c00000, 0x00000000c6d00000|  0%| F|  |TAMS 0x00000000c6c00000| PB 0x00000000c6c00000| Untracked |  0
|  37|0x00000000c6d00000, 0x00000000c6d00000, 0x00000000c6e00000|  0%| F|  |TAMS 0x00000000c6d00000| PB 0x00000000c6d00000| Untracked |  0
|  38|0x00000000c6e00000, 0x00000000c6e00000, 0x00000000c6f00000|  0%| F|  |TAMS 0x00000000c6e00000| PB 0x00000000c6e00000| Untracked |  0
|  39|0x00000000c6f00000, 0x00000000c6f00000, 0x00000000c7000000|  0%| F|  |TAMS 0x00000000c6f00000| PB 0x00000000c6f00000| Untracked |  0
|  40|0x00000000c7000000, 0x00000000c7000000, 0x00000000c7100000|  0%| F|  |TAMS 0x00000000c7000000| PB 0x00000000c7000000| Untracked |  0
|  41|0x00000000c7100000, 0x00000000c7100000, 0x00000000c7200000|  0%| F|  |TAMS 0x00000000c7100000| PB 0x00000000c7100000| Untracked |  0
|  42|0x00000000c7200000, 0x00000000c7200000, 0x00000000c7300000|  0%| F|  |TAMS 0x00000000c7200000| PB 0x00000000c7200000| Untracked |  0
|  43|0x00000000c7300000, 0x00000000c7300000, 0x00000000c7400000|  0%| F|  |TAMS 0x00000000c7300000| PB 0x00000000c7300000| Untracked |  0
|  44|0x00000000c7400000, 0x00000000c7400000, 0x00000000c7500000|  0%| F|  |TAMS 0x00000000c7400000| PB 0x00000000c7400000| Untracked |  0
|  45|0x00000000c7500000, 0x00000000c7500000, 0x00000000c7600000|  0%| F|  |TAMS 0x00000000c7500000| PB 0x00000000c7500000| Untracked |  0
|  46|0x00000000c7600000, 0x00000000c7600000, 0x00000000c7700000|  0%| F|  |TAMS 0x00000000c7600000| PB 0x00000000c7600000| Untracked |  0
|  47|0x00000000c7700000, 0x00000000c7700000, 0x00000000c7800000|  0%| F|  |TAMS 0x00000000c7700000| PB 0x00000000c7700000| Untracked |  0
|  48|0x00000000c7800000, 0x00000000c7800000, 0x00000000c7900000|  0%| F|  |TAMS 0x00000000c7800000| PB 0x00000000c7800000| Untracked |  0
|  49|0x00000000c7900000, 0x00000000c7900000, 0x00000000c7a00000|  0%| F|  |TAMS 0x00000000c7900000| PB 0x00000000c7900000| Untracked |  0
|  50|0x00000000c7a00000, 0x00000000c7a00000, 0x00000000c7b00000|  0%| F|  |TAMS 0x00000000c7a00000| PB 0x00000000c7a00000| Untracked |  0
|  51|0x00000000c7b00000, 0x00000000c7b00000, 0x00000000c7c00000|  0%| F|  |TAMS 0x00000000c7b00000| PB 0x00000000c7b00000| Untracked |  0
|  52|0x00000000c7c00000, 0x00000000c7c00000, 0x00000000c7d00000|  0%| F|  |TAMS 0x00000000c7c00000| PB 0x00000000c7c00000| Untracked |  0
|  53|0x00000000c7d00000, 0x00000000c7d00000, 0x00000000c7e00000|  0%| F|  |TAMS 0x00000000c7d00000| PB 0x00000000c7d00000| Untracked |  0
|  54|0x00000000c7e00000, 0x00000000c7e00000, 0x00000000c7f00000|  0%| F|  |TAMS 0x00000000c7e00000| PB 0x00000000c7e00000| Untracked |  0
|  55|0x00000000c7f00000, 0x00000000c7f00000, 0x00000000c8000000|  0%| F|  |TAMS 0x00000000c7f00000| PB 0x00000000c7f00000| Untracked |  0
|  56|0x00000000c8000000, 0x00000000c8000000, 0x00000000c8100000|  0%| F|  |TAMS 0x00000000c8000000| PB 0x00000000c8000000| Untracked |  0
|  57|0x00000000c8100000, 0x00000000c8100000, 0x00000000c8200000|  0%| F|  |TAMS 0x00000000c8100000| PB 0x00000000c8100000| Untracked |  0
|  58|0x00000000c8200000, 0x00000000c8300000, 0x00000000c8300000|100%| E|  |TAMS 0x00000000c8200000| PB 0x00000000c8200000| Complete |  0
|  59|0x00000000c8300000, 0x00000000c8400000, 0x00000000c8400000|100%| E|CS|TAMS 0x00000000c8300000| PB 0x00000000c8300000| Complete |  0

Card table byte_map: [0x0000013664d10000,0x0000013664ef0000] _byte_map_base: 0x00000136646ec000

Marking Bits: (CMBitMap*) 0x000001364d41f540
 Bits: [0x0000013664ef0000, 0x0000013665dd0000)

Polling page: 0x000001364cbb0000

Metaspace:

Usage:
  Non-class:    193.32 KB used.
      Class:      5.47 KB used.
       Both:    198.79 KB used.

Virtual space:
  Non-class space:       64.00 MB reserved,     256.00 KB ( <1%) committed,  1 nodes.
      Class space:        1.00 GB reserved,     128.00 KB ( <1%) committed,  1 nodes.
             Both:        1.06 GB reserved,     384.00 KB ( <1%) committed. 

Chunk freelists:
   Non-Class:  12.00 MB
       Class:  15.75 MB
        Both:  27.74 MB

MaxMetaspaceSize: unlimited
CompressedClassSpaceSize: 1.00 GB
Initial GC threshold: 21.00 MB
Current GC threshold: 21.00 MB
CDS: on
 - commit_granule_bytes: 65536.
 - commit_granule_words: 8192.
 - virtual_space_node_default_size: 8388608.
 - enlarge_chunks_in_place: 1.
 - use_allocation_guard: 0.


Internal statistics:

num_allocs_failed_limit: 0.
num_arena_births: 6.
num_arena_deaths: 0.
num_vsnodes_births: 2.
num_vsnodes_deaths: 0.
num_space_committed: 6.
num_space_uncommitted: 0.
num_chunks_returned_to_freelist: 0.
num_chunks_taken_from_freelist: 7.
num_chunk_merges: 0.
num_chunk_splits: 5.
num_chunks_enlarged: 2.
num_inconsistent_stats: 0.

CodeHeap 'non-profiled nmethods': size=120064Kb used=45Kb max_used=45Kb free=120018Kb
 bounds [0x000001365d5f0000, 0x000001365d860000, 0x0000013664b30000]
CodeHeap 'profiled nmethods': size=120000Kb used=112Kb max_used=112Kb free=119887Kb
 bounds [0x0000013655b30000, 0x0000013655da0000, 0x000001365d060000]
CodeHeap 'non-nmethods': size=5696Kb used=1239Kb max_used=1253Kb free=4456Kb
 bounds [0x000001365d060000, 0x000001365d2d0000, 0x000001365d5f0000]
CodeCache: size=245760Kb, used=1396Kb, max_used=1410Kb, free=244361Kb
 total_blobs=507, nmethods=140, adapters=273, full_count=0
Compilation: enabled, stopped_count=0, restarted_count=0

Compilation events (20 events):
Event: 0.197 Thread 0x0000013641144d30 nmethod 113 0x000001365d5fab88 code [0x000001365d5faca0, 0x000001365d5fad68]
Event: 0.197 Thread 0x0000013641144d30  127       1       java.lang.module.ModuleDescriptor::provides (5 bytes)
Event: 0.197 Thread 0x0000013641144d30 nmethod 127 0x000001365d5fae88 code [0x000001365d5fafa0, 0x000001365d5fb068]
Event: 0.197 Thread 0x0000013641144d30  135       3       java.util.HashMap$HashIterator::<init> (79 bytes)
Event: 0.198 Thread 0x0000013641144d30 nmethod 135 0x0000013655b49f08 code [0x0000013655b4a040, 0x0000013655b4a428]
Event: 0.198 Thread 0x0000013641144d30  137       3       java.util.Arrays::copyOfRange (82 bytes)
Event: 0.198 Thread 0x000001364113d480 nmethod 132 0x000001365d5fb188 code [0x000001365d5fb2a0, 0x000001365d5fb3c8]
Event: 0.199 Thread 0x000001364113d480  134       4       java.util.ImmutableCollections$SetN$SetNIterator::hasNext (13 bytes)
Event: 0.199 Thread 0x0000013641144d30 nmethod 137 0x0000013655b4a488 code [0x0000013655b4a680, 0x0000013655b4b100]
Event: 0.199 Thread 0x0000013641144d30  139       3       java.util.HashMap::keySet (25 bytes)
Event: 0.199 Thread 0x000001364113d480 nmethod 134 0x000001365d5fb488 code [0x000001365d5fb580, 0x000001365d5fb608]
Event: 0.200 Thread 0x000001364113d480  143       4       java.util.HashMap::putVal (300 bytes)
Event: 0.200 Thread 0x0000013641144d30 nmethod 139 0x0000013655b4b188 code [0x0000013655b4b2c0, 0x0000013655b4b688]
Event: 0.200 Thread 0x0000013641144d30  142       3       java.util.HashSet::iterator (13 bytes)
Event: 0.200 Thread 0x0000013641144d30 nmethod 142 0x0000013655b4b708 code [0x0000013655b4b840, 0x0000013655b4bad8]
Event: 0.200 Thread 0x0000013641144d30  145       3       java.lang.module.ResolvedModule::hashCode (16 bytes)
Event: 0.200 Thread 0x0000013641144d30 nmethod 145 0x0000013655b4bb08 code [0x0000013655b4bc40, 0x0000013655b4be70]
Event: 0.200 Thread 0x0000013641144d30  140       3       java.util.HashMap$KeySet::iterator (12 bytes)
Event: 0.201 Thread 0x0000013641144d30 nmethod 140 0x0000013655b4bf08 code [0x0000013655b4c040, 0x0000013655b4c248]
Event: 0.201 Thread 0x0000013641144d30  148   !   3       java.util.concurrent.ConcurrentHashMap::putVal (432 bytes)

GC Heap History (0 events):
No events

Dll operation events (2 events):
Event: 0.023 Loaded shared library C:\Program Files\Java\jdk-23\bin\java.dll
Event: 0.104 Loaded shared library C:\Program Files\Java\jdk-23\bin\jsvml.dll

Deoptimization events (0 events):
No events

Classes loaded (2 events):
Event: 0.183 Loading class jdk/internal/module/ModuleReferenceImpl$CachedHash
Event: 0.184 Loading class jdk/internal/module/ModuleReferenceImpl$CachedHash done

Classes unloaded (0 events):
No events

Classes redefined (0 events):
No events

Internal exceptions (0 events):
No events

VM Operations (2 events):
Event: 0.182 Executing VM operation: HandshakeAllThreads (Deoptimize)
Event: 0.182 Executing VM operation: HandshakeAllThreads (Deoptimize) done

Memory protections (0 events):
No events

Nmethod flushes (0 events):
No events

Events (10 events):
Event: 0.063 Thread 0x000001364b170190 Thread added: 0x000001364b170190
Event: 0.099 Thread 0x000001364b170190 Thread added: 0x000001364112ac50
Event: 0.099 Thread 0x000001364b170190 Thread added: 0x000001364112cb80
Event: 0.100 Thread 0x000001364b170190 Thread added: 0x0000013641130100
Event: 0.100 Thread 0x000001364b170190 Thread added: 0x0000013641132b70
Event: 0.100 Thread 0x000001364b170190 Thread added: 0x0000013641133d70
Event: 0.100 Thread 0x000001364b170190 Thread added: 0x00000136411350a0
Event: 0.101 Thread 0x000001364b170190 Thread added: 0x000001364113d480
Event: 0.101 Thread 0x000001364b170190 Thread added: 0x0000013641144d30
Event: 0.166 Thread 0x000001364b170190 Thread added: 0x000001364123f5e0


Dynamic libraries:
0x00007ff680f30000 - 0x00007ff680f40000 	C:\Program Files\Java\jdk-23\bin\java.exe
0x00007ffffaab0000 - 0x00007ffffacc7000 	C:\Windows\SYSTEM32\ntdll.dll
0x00007ffffa630000 - 0x00007ffffa6f4000 	C:\Windows\System32\KERNEL32.DLL
0x00007ffff8260000 - 0x00007ffff8631000 	C:\Windows\System32\KERNELBASE.dll
0x00007ffff7d30000 - 0x00007ffff7e41000 	C:\Windows\System32\ucrtbase.dll
0x00007fffeecf0000 - 0x00007fffeed0b000 	C:\Program Files\Java\jdk-23\bin\VCRUNTIME140.dll
0x00007fffeecc0000 - 0x00007fffeecd7000 	C:\Program Files\Java\jdk-23\bin\jli.dll
0x00007ffff98c0000 - 0x00007ffff9a71000 	C:\Windows\System32\USER32.dll
0x00007fffe65c0000 - 0x00007fffe6852000 	C:\Windows\WinSxS\amd64_microsoft.windows.common-controls_6595b64144ccf1df_6.0.22621.4830_none_270fe7d773858e80\COMCTL32.dll
0x00007ffff9810000 - 0x00007ffff98b7000 	C:\Windows\System32\msvcrt.dll
0x00007ffff7e50000 - 0x00007ffff7e76000 	C:\Windows\System32\win32u.dll
0x00007ffff96b0000 - 0x00007ffff96d9000 	C:\Windows\System32\GDI32.dll
0x00007ffff80a0000 - 0x00007ffff81bb000 	C:\Windows\System32\gdi32full.dll
0x00007ffff81c0000 - 0x00007ffff825a000 	C:\Windows\System32\msvcp_win.dll
0x00007ffff96e0000 - 0x00007ffff9711000 	C:\Windows\System32\IMM32.DLL
0x00007ffff1d00000 - 0x00007ffff1d0c000 	C:\Program Files\Java\jdk-23\bin\vcruntime140_1.dll
0x00007fffe36b0000 - 0x00007fffe373e000 	C:\Program Files\Java\jdk-23\bin\msvcp140.dll
0x00007fff98ad0000 - 0x00007fff99820000 	C:\Program Files\Java\jdk-23\bin\server\jvm.dll
0x00007ffff88a0000 - 0x00007ffff8951000 	C:\Windows\System32\ADVAPI32.dll
0x00007ffff8960000 - 0x00007ffff8a07000 	C:\Windows\System32\sechost.dll
0x00007ffff7e80000 - 0x00007ffff7ea8000 	C:\Windows\System32\bcrypt.dll
0x00007ffff8780000 - 0x00007ffff8894000 	C:\Windows\System32\RPCRT4.dll
0x00007ffff9af0000 - 0x00007ffff9b61000 	C:\Windows\System32\WS2_32.dll
0x00007ffff3a80000 - 0x00007ffff3ab4000 	C:\Windows\SYSTEM32\WINMM.dll
0x00007ffff7ac0000 - 0x00007ffff7b0d000 	C:\Windows\SYSTEM32\POWRPROF.dll
0x00007fffef960000 - 0x00007fffef96a000 	C:\Windows\SYSTEM32\VERSION.dll
0x00007ffff7aa0000 - 0x00007ffff7ab3000 	C:\Windows\SYSTEM32\UMPDC.dll
0x00007ffff6c40000 - 0x00007ffff6c58000 	C:\Windows\SYSTEM32\kernel.appcore.dll
0x00007ffff1330000 - 0x00007ffff133a000 	C:\Program Files\Java\jdk-23\bin\jimage.dll
0x00007ffff55b0000 - 0x00007ffff57e2000 	C:\Windows\SYSTEM32\DBGHELP.DLL
0x00007ffff9c50000 - 0x00007ffff9fe0000 	C:\Windows\System32\combase.dll
0x00007ffff9720000 - 0x00007ffff97f7000 	C:\Windows\System32\OLEAUT32.dll
0x00007fffdd530000 - 0x00007fffdd562000 	C:\Windows\SYSTEM32\dbgcore.DLL
0x00007ffff8640000 - 0x00007ffff86bb000 	C:\Windows\System32\bcryptPrimitives.dll
0x00007fffeecb0000 - 0x00007fffeecbf000 	C:\Program Files\Java\jdk-23\bin\instrument.dll
0x00007fffe4ae0000 - 0x00007fffe4afe000 	C:\Program Files\Java\jdk-23\bin\java.dll
0x00007ffff92b0000 - 0x00007ffff9451000 	C:\Windows\System32\ole32.dll
0x00007ffff8a10000 - 0x00007ffff9298000 	C:\Windows\System32\SHELL32.dll
0x00007ffff7bf0000 - 0x00007ffff7d2f000 	C:\Windows\System32\wintypes.dll
0x00007ffff5b50000 - 0x00007ffff645d000 	C:\Windows\SYSTEM32\windows.storage.dll
0x00007ffffa4c0000 - 0x00007ffffa5ca000 	C:\Windows\System32\SHCORE.dll
0x00007ffffa5d0000 - 0x00007ffffa62e000 	C:\Windows\System32\shlwapi.dll
0x00007ffff7b20000 - 0x00007ffff7b4b000 	C:\Windows\SYSTEM32\profapi.dll
0x00007fffe3740000 - 0x00007fffe3817000 	C:\Program Files\Java\jdk-23\bin\jsvml.dll

dbghelp: loaded successfully - version: 4.0.5 - missing functions: none
symbol engine: initialized successfully - sym options: 0x614 - pdb path: .;C:\Program Files\Java\jdk-23\bin;C:\Windows\SYSTEM32;C:\Windows\WinSxS\amd64_microsoft.windows.common-controls_6595b64144ccf1df_6.0.22621.4830_none_270fe7d773858e80;C:\Program Files\Java\jdk-23\bin\server

VM Arguments:
jvm_args: -javaagent:C:\Program Files\JetBrains\IntelliJ IDEA Community Edition 2025.1\lib\idea_rt.jar=53773 -Dfile.encoding=UTF-8 -Dsun.stdout.encoding=UTF-8 -Dsun.stderr.encoding=UTF-8 
java_command: university.management.system.EnterMarks
java_class_path (initial): C:\Users\furqan computers\OneDrive\Desktop\university management system\out\production\university management system;C:\Users\furqan computers\Downloads\mysql-connector-java-8.0.28 (2).jar;C:\Users\furqan computers\Downloads\jcalendar-tz-1.3.3-4.jar;C:\Users\furqan computers\Downloads\ResultSet2xml.jar
Launcher Type: SUN_STANDARD

[Global flags]
     intx CICompilerCount                          = 3                                         {product} {ergonomic}
     uint ConcGCThreads                            = 1                                         {product} {ergonomic}
     uint G1ConcRefinementThreads                  = 4                                         {product} {ergonomic}
   size_t G1HeapRegionSize                         = 1048576                                   {product} {ergonomic}
   size_t InitialHeapSize                          = 62914560                                  {product} {ergonomic}
   size_t MarkStackSize                            = 4194304                                   {product} {ergonomic}
   size_t MarkStackSizeMax                         = 536870912                                 {product} {ergonomic}
   size_t MaxHeapSize                              = 998244352                                 {product} {ergonomic}
   size_t MaxNewSize                               = 598736896                                 {product} {ergonomic}
   size_t MinHeapDeltaBytes                        = 1048576                                   {product} {ergonomic}
   size_t MinHeapSize                              = 8388608                                   {product} {ergonomic}
    uintx NonNMethodCodeHeapSize                   = 5832704                                {pd product} {ergonomic}
    uintx NonProfiledCodeHeapSize                  = 122945536                              {pd product} {ergonomic}
    uintx ProfiledCodeHeapSize                     = 122880000                              {pd product} {ergonomic}
    uintx ReservedCodeCacheSize                    = 251658240                              {pd product} {ergonomic}
     bool SegmentedCodeCache                       = true                                      {product} {ergonomic}
   size_t SoftMaxHeapSize                          = 998244352                              {manageable} {ergonomic}
     bool UseCompressedOops                        = true                           {product lp64_product} {ergonomic}
     bool UseG1GC                                  = true                                      {product} {ergonomic}
     bool UseLargePagesIndividualAllocation        = false                                  {pd product} {ergonomic}

Logging:
Log output configuration:
 #0: stdout all=warning uptime,level,tags foldmultilines=false
 #1: stderr all=off uptime,level,tags foldmultilines=false

Environment Variables:
CLASSPATH=C:\connector\mysql-connector-j-9.3.0.jar
PATH=C:\Program Files\Java\jdk-23\bin;C:\Program Files\JetBrains\IntelliJ IDEA Community Edition 2025.1\bin
USERNAME=furqan computers
OS=Windows_NT
PROCESSOR_IDENTIFIER=Intel64 Family 6 Model 78 Stepping 3, GenuineIntel
TMP=C:\Users\FURQAN~1\AppData\Local\Temp
TEMP=C:\Windows\TEMP




Periodic native trim disabled

---------------  S Y S T E M  ---------------

OS:
 Windows 11 , 64 bit Build 22621 (10.0.22621.4974)
OS uptime: 0 days 18:54 hours

CPU: total 4 (initial active 4) (2 cores per cpu, 2 threads per core) family 6 model 78 stepping 3 microcode 0xe2, cx8, cmov, fxsr, ht, mmx, 3dnowpref, sse, sse2, sse3, ssse3, sse4.1, sse4.2, popcnt, lzcnt, tsc, tscinvbit, avx, avx2, aes, erms, clmul, bmi1, bmi2, adx, fma, vzeroupper, clflush, clflushopt, rdtscp, f16c
Processor Information for the first 4 processors :
  Max Mhz: 2000, Current Mhz: 2000, Mhz Limit: 2000

Memory: 4k page, system-wide physical 3801M (347M free)
TotalPageFile size 11287M (AvailPageFile size 58M)
current process WorkingSet (physical memory assigned to process): 36M, peak: 36M
current process commit charge ("private bytes"): 131M, peak: 131M

vm_info: Java HotSpot(TM) 64-Bit Server VM (23.0.2+7-58) for windows-amd64 JRE (23.0.2+7-58), built on 2024-11-29T09:34:55Z with MS VC++ 17.6 (VS2022)

END.
