#
# There is insufficient memory for the Java Runtime Environment to continue.
# Native memory allocation (malloc) failed to allocate 32744 bytes. Error detail: Chunk::new
# Possible reasons:
#   The system is out of physical RAM or swap space
#   This process is running with CompressedOops enabled, and the Java Heap may be blocking the growth of the native heap
# Possible solutions:
#   Reduce memory load on the system
#   Increase physical memory or swap space
#   Check if swap backing store is full
#   Decrease Java heap size (-Xmx/-Xms)
#   Decrease number of Java threads
#   Decrease Java thread stack sizes (-Xss)
#   Set larger code cache with -XX:ReservedCodeCacheSize=
#   JVM is running with Unscaled Compressed Oops mode in which the Java heap is
#     placed in the first 4GB address space. The Java Heap base address is the
#     maximum limit for the native heap growth. Please use -XX:HeapBaseMinAddress
#     to set the Java Heap base and to place the Java Heap above 4GB virtual address.
# This output file may be truncated or incomplete.
#
#  Out of Memory Error (arena.cpp:149), pid=14056, tid=12160
#
# JRE version: Java(TM) SE Runtime Environment (23.0.2+7) (build 23.0.2+7-58)
# Java VM: Java HotSpot(TM) 64-Bit Server VM (23.0.2+7-58, mixed mode, sharing, tiered, compressed oops, compressed class ptrs, g1 gc, windows-amd64)
# No core dump will be written. Minidumps are not enabled by default on client versions of Windows
#

---------------  S U M M A R Y ------------

Command Line: -javaagent:C:\Program Files\JetBrains\IntelliJ IDEA Community Edition 2025.1\lib\idea_rt.jar=53228 -Dfile.encoding=UTF-8 -Dsun.stdout.encoding=UTF-8 -Dsun.stderr.encoding=UTF-8 university.management.system.updateStudent

Host: Intel(R) Core(TM) i3-6006U CPU @ 2.00GHz, 4 cores, 3G,  Windows 11 , 64 bit Build 22621 (10.0.22621.4974)
Time: Thu Apr 24 07:25:02 2025 Pacific Daylight Time elapsed time: 38.650650 seconds (0d 0h 0m 38s)

---------------  T H R E A D  ---------------

Current thread (0x000002bed0149f70):  JavaThread "C1 CompilerThread0" daemon [_thread_in_native, id=12160, stack(0x000000fe34200000,0x000000fe34300000) (1024K)]


Current CompileTask:
C1:38651 2254   !   3       java.awt.DefaultKeyboardFocusManager::dispatchEvent (1625 bytes)

Stack: [0x000000fe34200000,0x000000fe34300000]
Native frames: (J=compiled Java code, j=interpreted, Vv=VM code, C=native code)
V  [jvm.dll+0x6e0b99]  (no source info available)
V  [jvm.dll+0x87e2b3]  (no source info available)
V  [jvm.dll+0x88073e]  (no source info available)
V  [jvm.dll+0x880e13]  (no source info available)
V  [jvm.dll+0x27b006]  (no source info available)
V  [jvm.dll+0xbc06f]  (no source info available)
V  [jvm.dll+0xbc2cb]  (no source info available)
V  [jvm.dll+0x158f48]  (no source info available)
V  [jvm.dll+0x156a63]  (no source info available)
V  [jvm.dll+0x155913]  (no source info available)
V  [jvm.dll+0x15cadb]  (no source info available)
V  [jvm.dll+0x15b115]  (no source info available)
V  [jvm.dll+0x163ba1]  (no source info available)
V  [jvm.dll+0x163071]  (no source info available)
V  [jvm.dll+0x15a872]  (no source info available)
V  [jvm.dll+0x15caea]  (no source info available)
V  [jvm.dll+0x15b115]  (no source info available)
V  [jvm.dll+0x163ba1]  (no source info available)
V  [jvm.dll+0x163071]  (no source info available)
V  [jvm.dll+0x15a872]  (no source info available)
V  [jvm.dll+0x15caea]  (no source info available)
V  [jvm.dll+0x15b115]  (no source info available)
V  [jvm.dll+0x15463f]  (no source info available)
V  [jvm.dll+0x164cf1]  (no source info available)
V  [jvm.dll+0x14fd7b]  (no source info available)
V  [jvm.dll+0x150173]  (no source info available)
V  [jvm.dll+0x1504db]  (no source info available)
V  [jvm.dll+0x14f8a8]  (no source info available)
V  [jvm.dll+0x1516ed]  (no source info available)
V  [jvm.dll+0x253df1]  (no source info available)
V  [jvm.dll+0x2520aa]  (no source info available)
V  [jvm.dll+0x3ee226]  (no source info available)
V  [jvm.dll+0x8254cb]  (no source info available)
V  [jvm.dll+0x6df345]  (no source info available)
C  [ucrtbase.dll+0x29333]  (no source info available)
C  [KERNEL32.DLL+0x1259d]  (no source info available)
C  [ntdll.dll+0x5af38]  (no source info available)

Lock stack of current Java thread (top to bottom):


---------------  P R O C E S S  ---------------

Threads class SMR info:
_java_thread_list=0x000002bed6993870, length=18, elements={
0x000002bed012d310, 0x000002bed012e2d0, 0x000002bed01316a0, 0x000002bed0134460,
0x000002bed0134ff0, 0x000002bed0135b80, 0x000002bed0143220, 0x000002bed0149f70,
0x000002bed023f1c0, 0x000002bed035e870, 0x000002bed036b250, 0x000002bed04ea3a0,
0x000002bed04f3140, 0x000002bed0556b40, 0x000002bed6184a30, 0x000002bed61850a0,
0x000002beeee89910, 0x000002bed5cd91e0
}

Java Threads: ( => current thread )
  0x000002bed012d310 JavaThread "Reference Handler"          daemon [_thread_blocked, id=9560, stack(0x000000fe33b00000,0x000000fe33c00000) (1024K)]
  0x000002bed012e2d0 JavaThread "Finalizer"                  daemon [_thread_blocked, id=2280, stack(0x000000fe33c00000,0x000000fe33d00000) (1024K)]
  0x000002bed01316a0 JavaThread "Signal Dispatcher"          daemon [_thread_blocked, id=5572, stack(0x000000fe33d00000,0x000000fe33e00000) (1024K)]
  0x000002bed0134460 JavaThread "Attach Listener"            daemon [_thread_blocked, id=14152, stack(0x000000fe33e00000,0x000000fe33f00000) (1024K)]
  0x000002bed0134ff0 JavaThread "Service Thread"             daemon [_thread_blocked, id=5652, stack(0x000000fe33f00000,0x000000fe34000000) (1024K)]
  0x000002bed0135b80 JavaThread "Monitor Deflation Thread"   daemon [_thread_blocked, id=9832, stack(0x000000fe34000000,0x000000fe34100000) (1024K)]
  0x000002bed0143220 JavaThread "C2 CompilerThread0"         daemon [_thread_blocked, id=8616, stack(0x000000fe34100000,0x000000fe34200000) (1024K)]
=>0x000002bed0149f70 JavaThread "C1 CompilerThread0"         daemon [_thread_in_native, id=12160, stack(0x000000fe34200000,0x000000fe34300000) (1024K)]
  0x000002bed023f1c0 JavaThread "Common-Cleaner"             daemon [_thread_blocked, id=7640, stack(0x000000fe34300000,0x000000fe34400000) (1024K)]
  0x000002bed035e870 JavaThread "Monitor Ctrl-Break"         daemon [_thread_in_native, id=1588, stack(0x000000fe34400000,0x000000fe34500000) (1024K)]
  0x000002bed036b250 JavaThread "Notification Thread"        daemon [_thread_blocked, id=2404, stack(0x000000fe34500000,0x000000fe34600000) (1024K)]
  0x000002bed04ea3a0 JavaThread "Java2D Disposer"            daemon [_thread_blocked, id=1692, stack(0x000000fe34600000,0x000000fe34700000) (1024K)]
  0x000002bed04f3140 JavaThread "AWT-Windows"                daemon [_thread_in_native, id=11172, stack(0x000000fe34800000,0x000000fe34900000) (1024K)]
  0x000002bed0556b40 JavaThread "mysql-cj-abandoned-connection-cleanup" daemon [_thread_blocked, id=4028, stack(0x000000fe34900000,0x000000fe34a00000) (1024K)]
  0x000002bed6184a30 JavaThread "AWT-Shutdown"                      [_thread_blocked, id=10628, stack(0x000000fe34c00000,0x000000fe34d00000) (1024K)]
  0x000002bed61850a0 JavaThread "AWT-EventQueue-0"                  [_thread_blocked, id=9536, stack(0x000000fe34d00000,0x000000fe34e00000) (1024K)]
  0x000002beeee89910 JavaThread "DestroyJavaVM"                     [_thread_blocked, id=2440, stack(0x000000fe33300000,0x000000fe33400000) (1024K)]
  0x000002bed5cd91e0 JavaThread "TimerQueue"                 daemon [_thread_blocked, id=8500, stack(0x000000fe35100000,0x000000fe35200000) (1024K)]
Total: 18

Other Threads:
  0x000002beeef493c0 VMThread "VM Thread"                           [id=1028, stack(0x000000fe33a00000,0x000000fe33b00000) (1024K)]
  0x000002bed011ce00 WatcherThread "VM Periodic Task Thread"        [id=7708, stack(0x000000fe33900000,0x000000fe33a00000) (1024K)]
  0x000002beeeec2080 WorkerThread "GC Thread#0"                     [id=12360, stack(0x000000fe33400000,0x000000fe33500000) (1024K)]
  0x000002bed5ec3780 WorkerThread "GC Thread#1"                     [id=14072, stack(0x000000fe34700000,0x000000fe34800000) (1024K)]
  0x000002bed5e25540 WorkerThread "GC Thread#2"                     [id=14076, stack(0x000000fe34a00000,0x000000fe34b00000) (1024K)]
  0x000002bed5e258f0 WorkerThread "GC Thread#3"                     [id=4468, stack(0x000000fe34b00000,0x000000fe34c00000) (1024K)]
  0x000002beeeecd5a0 ConcurrentGCThread "G1 Main Marker"            [id=7432, stack(0x000000fe33500000,0x000000fe33600000) (1024K)]
  0x000002beeeecea00 WorkerThread "G1 Conc#0"                       [id=2604, stack(0x000000fe33600000,0x000000fe33700000) (1024K)]
  0x000002beeef27200 ConcurrentGCThread "G1 Refine#0"               [id=9228, stack(0x000000fe33700000,0x000000fe33800000) (1024K)]
  0x000002beeef28d90 ConcurrentGCThread "G1 Service"                [id=12716, stack(0x000000fe33800000,0x000000fe33900000) (1024K)]
Total: 10

Threads with active compile tasks:
C1 CompilerThread0  38928 2254   !   3       java.awt.DefaultKeyboardFocusManager::dispatchEvent (1625 bytes)
Total: 1

VM state: not at safepoint (normal execution)

VM Mutex/Monitor currently owned by a thread: None

Heap address: 0x00000000c4800000, size: 952 MB, Compressed Oops mode: 32-bit

CDS archive(s) mapped at: [0x000002be8f000000-0x000002be8fd70000-0x000002be8fd70000), size 14090240, SharedBaseAddress: 0x000002be8f000000, ArchiveRelocationMode: 1.
Compressed class space mapped at: 0x000002be90000000-0x000002bed0000000, reserved size: 1073741824
Narrow klass base: 0x000002be8f000000, Narrow klass shift: 0, Narrow klass range: 0x41000000

GC Precious Log:
 CardTable entry size: 512
 Card Set container configuration: InlinePtr #cards 5 size 8 Array Of Cards #cards 10 size 36 Howl #buckets 4 coarsen threshold 1843 Howl Bitmap #cards 512 size 80 coarsen threshold 460 Card regions per heap region 1 cards per card region 2048
 CPUs: 4 total, 4 available
 Memory: 3801M
 Large Page Support: Disabled
 NUMA Support: Disabled
 Compressed Oops: Enabled (32-bit)
 Heap Region Size: 1M
 Heap Min Capacity: 8M
 Heap Initial Capacity: 60M
 Heap Max Capacity: 952M
 Pre-touch: Disabled
 Parallel Workers: 4
 Concurrent Workers: 1
 Concurrent Refinement Workers: 4
 Periodic GC: Disabled

Heap:
 garbage-first heap   total reserved 974848K, committed 61440K, used 13952K [0x00000000c4800000, 0x0000000100000000)
  region size 1024K, 10 young (10240K), 2 survivors (2048K)
 Metaspace       used 17120K, committed 17408K, reserved 1114112K
  class space    used 1922K, committed 2048K, reserved 1048576K

Heap Regions: E=young(eden), S=young(survivor), O=old, HS=humongous(starts), HC=humongous(continues), CS=collection set, F=free, TAMS=top-at-mark-start, PB=parsable bottom
|   0|0x00000000c4800000, 0x00000000c4900000, 0x00000000c4900000|100%| O|  |TAMS 0x00000000c4800000| PB 0x00000000c4800000| Untracked |  0
|   1|0x00000000c4900000, 0x00000000c49a0000, 0x00000000c4a00000| 62%| O|  |TAMS 0x00000000c4900000| PB 0x00000000c4900000| Untracked |  0
|   2|0x00000000c4a00000, 0x00000000c4b00000, 0x00000000c4b00000|100%|HS|  |TAMS 0x00000000c4a00000| PB 0x00000000c4a00000| Complete |  0
|   3|0x00000000c4b00000, 0x00000000c4c00000, 0x00000000c4c00000|100%|HC|  |TAMS 0x00000000c4b00000| PB 0x00000000c4b00000| Complete |  0
|   4|0x00000000c4c00000, 0x00000000c4d00000, 0x00000000c4d00000|100%|HC|  |TAMS 0x00000000c4c00000| PB 0x00000000c4c00000| Complete |  0
|   5|0x00000000c4d00000, 0x00000000c4d00000, 0x00000000c4e00000|  0%| F|  |TAMS 0x00000000c4d00000| PB 0x00000000c4d00000| Untracked |  0
|   6|0x00000000c4e00000, 0x00000000c4e00000, 0x00000000c4f00000|  0%| F|  |TAMS 0x00000000c4e00000| PB 0x00000000c4e00000| Untracked |  0
|   7|0x00000000c4f00000, 0x00000000c4f00000, 0x00000000c5000000|  0%| F|  |TAMS 0x00000000c4f00000| PB 0x00000000c4f00000| Untracked |  0
|   8|0x00000000c5000000, 0x00000000c5000000, 0x00000000c5100000|  0%| F|  |TAMS 0x00000000c5000000| PB 0x00000000c5000000| Untracked |  0
|   9|0x00000000c5100000, 0x00000000c5100000, 0x00000000c5200000|  0%| F|  |TAMS 0x00000000c5100000| PB 0x00000000c5100000| Untracked |  0
|  10|0x00000000c5200000, 0x00000000c5200000, 0x00000000c5300000|  0%| F|  |TAMS 0x00000000c5200000| PB 0x00000000c5200000| Untracked |  0
|  11|0x00000000c5300000, 0x00000000c5300000, 0x00000000c5400000|  0%| F|  |TAMS 0x00000000c5300000| PB 0x00000000c5300000| Untracked |  0
|  12|0x00000000c5400000, 0x00000000c5400000, 0x00000000c5500000|  0%| F|  |TAMS 0x00000000c5400000| PB 0x00000000c5400000| Untracked |  0
|  13|0x00000000c5500000, 0x00000000c5500000, 0x00000000c5600000|  0%| F|  |TAMS 0x00000000c5500000| PB 0x00000000c5500000| Untracked |  0
|  14|0x00000000c5600000, 0x00000000c5600000, 0x00000000c5700000|  0%| F|  |TAMS 0x00000000c5600000| PB 0x00000000c5600000| Untracked |  0
|  15|0x00000000c5700000, 0x00000000c5700000, 0x00000000c5800000|  0%| F|  |TAMS 0x00000000c5700000| PB 0x00000000c5700000| Untracked |  0
|  16|0x00000000c5800000, 0x00000000c5800000, 0x00000000c5900000|  0%| F|  |TAMS 0x00000000c5800000| PB 0x00000000c5800000| Untracked |  0
|  17|0x00000000c5900000, 0x00000000c5900000, 0x00000000c5a00000|  0%| F|  |TAMS 0x00000000c5900000| PB 0x00000000c5900000| Untracked |  0
|  18|0x00000000c5a00000, 0x00000000c5a00000, 0x00000000c5b00000|  0%| F|  |TAMS 0x00000000c5a00000| PB 0x00000000c5a00000| Untracked |  0
|  19|0x00000000c5b00000, 0x00000000c5b00000, 0x00000000c5c00000|  0%| F|  |TAMS 0x00000000c5b00000| PB 0x00000000c5b00000| Untracked |  0
|  20|0x00000000c5c00000, 0x00000000c5c00000, 0x00000000c5d00000|  0%| F|  |TAMS 0x00000000c5c00000| PB 0x00000000c5c00000| Untracked |  0
|  21|0x00000000c5d00000, 0x00000000c5d00000, 0x00000000c5e00000|  0%| F|  |TAMS 0x00000000c5d00000| PB 0x00000000c5d00000| Untracked |  0
|  22|0x00000000c5e00000, 0x00000000c5e00000, 0x00000000c5f00000|  0%| F|  |TAMS 0x00000000c5e00000| PB 0x00000000c5e00000| Untracked |  0
|  23|0x00000000c5f00000, 0x00000000c5f00000, 0x00000000c6000000|  0%| F|  |TAMS 0x00000000c5f00000| PB 0x00000000c5f00000| Untracked |  0
|  24|0x00000000c6000000, 0x00000000c6000000, 0x00000000c6100000|  0%| F|  |TAMS 0x00000000c6000000| PB 0x00000000c6000000| Untracked |  0
|  25|0x00000000c6100000, 0x00000000c6100000, 0x00000000c6200000|  0%| F|  |TAMS 0x00000000c6100000| PB 0x00000000c6100000| Untracked |  0
|  26|0x00000000c6200000, 0x00000000c6200000, 0x00000000c6300000|  0%| F|  |TAMS 0x00000000c6200000| PB 0x00000000c6200000| Untracked |  0
|  27|0x00000000c6300000, 0x00000000c6300000, 0x00000000c6400000|  0%| F|  |TAMS 0x00000000c6300000| PB 0x00000000c6300000| Untracked |  0
|  28|0x00000000c6400000, 0x00000000c6400000, 0x00000000c6500000|  0%| F|  |TAMS 0x00000000c6400000| PB 0x00000000c6400000| Untracked |  0
|  29|0x00000000c6500000, 0x00000000c6500000, 0x00000000c6600000|  0%| F|  |TAMS 0x00000000c6500000| PB 0x00000000c6500000| Untracked |  0
|  30|0x00000000c6600000, 0x00000000c6600000, 0x00000000c6700000|  0%| F|  |TAMS 0x00000000c6600000| PB 0x00000000c6600000| Untracked |  0
|  31|0x00000000c6700000, 0x00000000c6700000, 0x00000000c6800000|  0%| F|  |TAMS 0x00000000c6700000| PB 0x00000000c6700000| Untracked |  0
|  32|0x00000000c6800000, 0x00000000c6800000, 0x00000000c6900000|  0%| F|  |TAMS 0x00000000c6800000| PB 0x00000000c6800000| Untracked |  0
|  33|0x00000000c6900000, 0x00000000c6900000, 0x00000000c6a00000|  0%| F|  |TAMS 0x00000000c6900000| PB 0x00000000c6900000| Untracked |  0
|  34|0x00000000c6a00000, 0x00000000c6a00000, 0x00000000c6b00000|  0%| F|  |TAMS 0x00000000c6a00000| PB 0x00000000c6a00000| Untracked |  0
|  35|0x00000000c6b00000, 0x00000000c6b00000, 0x00000000c6c00000|  0%| F|  |TAMS 0x00000000c6b00000| PB 0x00000000c6b00000| Untracked |  0
|  36|0x00000000c6c00000, 0x00000000c6c00000, 0x00000000c6d00000|  0%| F|  |TAMS 0x00000000c6c00000| PB 0x00000000c6c00000| Untracked |  0
|  37|0x00000000c6d00000, 0x00000000c6d00000, 0x00000000c6e00000|  0%| F|  |TAMS 0x00000000c6d00000| PB 0x00000000c6d00000| Untracked |  0
|  38|0x00000000c6e00000, 0x00000000c6e00000, 0x00000000c6f00000|  0%| F|  |TAMS 0x00000000c6e00000| PB 0x00000000c6e00000| Untracked |  0
|  39|0x00000000c6f00000, 0x00000000c6f00000, 0x00000000c7000000|  0%| F|  |TAMS 0x00000000c6f00000| PB 0x00000000c6f00000| Untracked |  0
|  40|0x00000000c7000000, 0x00000000c7000000, 0x00000000c7100000|  0%| F|  |TAMS 0x00000000c7000000| PB 0x00000000c7000000| Untracked |  0
|  41|0x00000000c7100000, 0x00000000c7100000, 0x00000000c7200000|  0%| F|  |TAMS 0x00000000c7100000| PB 0x00000000c7100000| Untracked |  0
|  42|0x00000000c7200000, 0x00000000c7200000, 0x00000000c7300000|  0%| F|  |TAMS 0x00000000c7200000| PB 0x00000000c7200000| Untracked |  0
|  43|0x00000000c7300000, 0x00000000c7300000, 0x00000000c7400000|  0%| F|  |TAMS 0x00000000c7300000| PB 0x00000000c7300000| Untracked |  0
|  44|0x00000000c7400000, 0x00000000c7500000, 0x00000000c7500000|100%| S|CS|TAMS 0x00000000c7400000| PB 0x00000000c7400000| Complete |  0
|  45|0x00000000c7500000, 0x00000000c7600000, 0x00000000c7600000|100%| S|CS|TAMS 0x00000000c7500000| PB 0x00000000c7500000| Complete |  0
|  46|0x00000000c7600000, 0x00000000c7600000, 0x00000000c7700000|  0%| F|  |TAMS 0x00000000c7600000| PB 0x00000000c7600000| Untracked |  0
|  47|0x00000000c7700000, 0x00000000c7700000, 0x00000000c7800000|  0%| F|  |TAMS 0x00000000c7700000| PB 0x00000000c7700000| Untracked |  0
|  48|0x00000000c7800000, 0x00000000c7800000, 0x00000000c7900000|  0%| F|  |TAMS 0x00000000c7800000| PB 0x00000000c7800000| Untracked |  0
|  49|0x00000000c7900000, 0x00000000c7900000, 0x00000000c7a00000|  0%| F|  |TAMS 0x00000000c7900000| PB 0x00000000c7900000| Untracked |  0
|  50|0x00000000c7a00000, 0x00000000c7a00000, 0x00000000c7b00000|  0%| F|  |TAMS 0x00000000c7a00000| PB 0x00000000c7a00000| Untracked |  0
|  51|0x00000000c7b00000, 0x00000000c7b00000, 0x00000000c7c00000|  0%| F|  |TAMS 0x00000000c7b00000| PB 0x00000000c7b00000| Untracked |  0
|  52|0x00000000c7c00000, 0x00000000c7c21dc8, 0x00000000c7d00000| 13%| E|  |TAMS 0x00000000c7c00000| PB 0x00000000c7c00000| Complete |  0
|  53|0x00000000c7d00000, 0x00000000c7e00000, 0x00000000c7e00000|100%| E|CS|TAMS 0x00000000c7d00000| PB 0x00000000c7d00000| Complete |  0
|  54|0x00000000c7e00000, 0x00000000c7f00000, 0x00000000c7f00000|100%| E|CS|TAMS 0x00000000c7e00000| PB 0x00000000c7e00000| Complete |  0
|  55|0x00000000c7f00000, 0x00000000c8000000, 0x00000000c8000000|100%| E|CS|TAMS 0x00000000c7f00000| PB 0x00000000c7f00000| Complete |  0
|  56|0x00000000c8000000, 0x00000000c8100000, 0x00000000c8100000|100%| E|CS|TAMS 0x00000000c8000000| PB 0x00000000c8000000| Complete |  0
|  57|0x00000000c8100000, 0x00000000c8200000, 0x00000000c8200000|100%| E|CS|TAMS 0x00000000c8100000| PB 0x00000000c8100000| Complete |  0
|  58|0x00000000c8200000, 0x00000000c8300000, 0x00000000c8300000|100%| E|CS|TAMS 0x00000000c8200000| PB 0x00000000c8200000| Complete |  0
|  59|0x00000000c8300000, 0x00000000c8400000, 0x00000000c8400000|100%| E|CS|TAMS 0x00000000c8300000| PB 0x00000000c8300000| Complete |  0

Card table byte_map: [0x000002bef77b0000,0x000002bef7990000] _byte_map_base: 0x000002bef718c000

Marking Bits: (CMBitMap*) 0x000002beeeec2790
 Bits: [0x000002bef7990000, 0x000002bef8870000)

Polling page: 0x000002beecd90000

Metaspace:

Usage:
  Non-class:     14.84 MB used.
      Class:      1.88 MB used.
       Both:     16.72 MB used.

Virtual space:
  Non-class space:       64.00 MB reserved,      15.00 MB ( 23%) committed,  1 nodes.
      Class space:        1.00 GB reserved,       2.00 MB ( <1%) committed,  1 nodes.
             Both:        1.06 GB reserved,      17.00 MB (  2%) committed. 

Chunk freelists:
   Non-Class:  1001.00 KB
       Class:  14.02 MB
        Both:  15.00 MB

MaxMetaspaceSize: unlimited
CompressedClassSpaceSize: 1.00 GB
Initial GC threshold: 21.00 MB
Current GC threshold: 21.00 MB
CDS: on
 - commit_granule_bytes: 65536.
 - commit_granule_words: 8192.
 - virtual_space_node_default_size: 8388608.
 - enlarge_chunks_in_place: 1.
 - use_allocation_guard: 0.


Internal statistics:

num_allocs_failed_limit: 0.
num_arena_births: 188.
num_arena_deaths: 0.
num_vsnodes_births: 2.
num_vsnodes_deaths: 0.
num_space_committed: 272.
num_space_uncommitted: 0.
num_chunks_returned_to_freelist: 0.
num_chunks_taken_from_freelist: 367.
num_chunk_merges: 0.
num_chunk_splits: 223.
num_chunks_enlarged: 126.
num_inconsistent_stats: 0.

CodeHeap 'non-profiled nmethods': size=120064Kb used=643Kb max_used=643Kb free=119420Kb
 bounds [0x000002be87ac0000, 0x000002be87d30000, 0x000002be8f000000]
CodeHeap 'profiled nmethods': size=120000Kb used=3066Kb max_used=3066Kb free=116933Kb
 bounds [0x000002be80000000, 0x000002be80300000, 0x000002be87530000]
CodeHeap 'non-nmethods': size=5696Kb used=1678Kb max_used=1690Kb free=4018Kb
 bounds [0x000002be87530000, 0x000002be877a0000, 0x000002be87ac0000]
CodeCache: size=245760Kb, used=5387Kb, max_used=5399Kb, free=240371Kb
 total_blobs=2985, nmethods=2253, adapters=637, full_count=0
Compilation: enabled, stopped_count=0, restarted_count=0

Compilation events (20 events):
Event: 38.424 Thread 0x000002bed0149f70 nmethod 2244 0x000002be802fdd08 code [0x000002be802fde20, 0x000002be802fe048]
Event: 38.424 Thread 0x000002bed0149f70 2245       3       java.awt.Component::isFocusTraversable (17 bytes)
Event: 38.425 Thread 0x000002bed0149f70 nmethod 2245 0x000002be802fe088 code [0x000002be802fe1a0, 0x000002be802fe2e8]
Event: 38.451 Thread 0x000002bed0149f70 2246       1       java.awt.event.MouseEvent::getButton (5 bytes)
Event: 38.452 Thread 0x000002bed0149f70 nmethod 2246 0x000002be87b5f808 code [0x000002be87b5f920, 0x000002be87b5f9e8]
Event: 38.489 Thread 0x000002bed0149f70 2247       1       java.awt.event.MouseEvent::getClickCount (5 bytes)
Event: 38.490 Thread 0x000002bed0149f70 nmethod 2247 0x000002be87b5fb08 code [0x000002be87b5fc20, 0x000002be87b5fce8]
Event: 38.530 Thread 0x000002bed0149f70 2248       1       java.awt.event.MouseEvent::isPopupTrigger (5 bytes)
Event: 38.530 Thread 0x000002bed0149f70 nmethod 2248 0x000002be87b5fe08 code [0x000002be87b5ff20, 0x000002be87b5fff0]
Event: 38.564 Thread 0x000002bed0149f70 2249       1       java.awt.event.MouseEvent::getXOnScreen (5 bytes)
Event: 38.565 Thread 0x000002bed0149f70 nmethod 2249 0x000002be87b60108 code [0x000002be87b60220, 0x000002be87b602e8]
Event: 38.565 Thread 0x000002bed0149f70 2250       1       java.awt.event.MouseEvent::getYOnScreen (5 bytes)
Event: 38.565 Thread 0x000002bed0149f70 nmethod 2250 0x000002be87b60408 code [0x000002be87b60520, 0x000002be87b605e8]
Event: 38.575 Thread 0x000002bed0149f70 2251       1       sun.awt.windows.WObjectPeer::getTarget (5 bytes)
Event: 38.575 Thread 0x000002bed0149f70 nmethod 2251 0x000002be87b60708 code [0x000002be87b60820, 0x000002be87b608e8]
Event: 38.575 Thread 0x000002bed0149f70 2253       3       java.awt.Window::isOpaque (29 bytes)
Event: 38.576 Thread 0x000002bed0149f70 nmethod 2253 0x000002be802fe388 code [0x000002be802fe4e0, 0x000002be802fea80]
Event: 38.577 Thread 0x000002bed0149f70 2252       1       sun.java2d.windows.GDIWindowSurfaceData::getDeviceConfiguration (5 bytes)
Event: 38.577 Thread 0x000002bed0149f70 nmethod 2252 0x000002be87b60a08 code [0x000002be87b60b20, 0x000002be87b60be8]
Event: 38.623 Thread 0x000002bed0149f70 2254   !   3       java.awt.DefaultKeyboardFocusManager::dispatchEvent (1625 bytes)

GC Heap History (2 events):
Event: 3.330 GC heap before
{Heap before GC invocations=0 (full 0):
 garbage-first heap   total reserved 974848K, committed 61440K, used 13312K [0x00000000c4800000, 0x0000000100000000)
  region size 1024K, 14 young (14336K), 0 survivors (0K)
 Metaspace       used 9242K, committed 9472K, reserved 1114112K
  class space    used 994K, committed 1088K, reserved 1048576K
}
Event: 3.505 GC heap after
{Heap after GC invocations=1 (full 0):
 garbage-first heap   total reserved 974848K, committed 61440K, used 3712K [0x00000000c4800000, 0x0000000100000000)
  region size 1024K, 2 young (2048K), 2 survivors (2048K)
 Metaspace       used 9242K, committed 9472K, reserved 1114112K
  class space    used 994K, committed 1088K, reserved 1048576K
}

Dll operation events (13 events):
Event: 0.042 Loaded shared library C:\Program Files\Java\jdk-23\bin\java.dll
Event: 0.117 Loaded shared library C:\Program Files\Java\jdk-23\bin\jsvml.dll
Event: 0.222 Loaded shared library C:\Program Files\Java\jdk-23\bin\zip.dll
Event: 0.229 Loaded shared library C:\Program Files\Java\jdk-23\bin\instrument.dll
Event: 0.242 Loaded shared library C:\Program Files\Java\jdk-23\bin\net.dll
Event: 0.245 Loaded shared library C:\Program Files\Java\jdk-23\bin\nio.dll
Event: 0.263 Loaded shared library C:\Program Files\Java\jdk-23\bin\zip.dll
Event: 0.334 Loaded shared library C:\Program Files\Java\jdk-23\bin\extnet.dll
Event: 0.343 Loaded shared library C:\Program Files\Java\jdk-23\bin\jimage.dll
Event: 0.395 Loaded shared library C:\Program Files\Java\jdk-23\bin\awt.dll
Event: 3.840 Loaded shared library C:\Program Files\Java\jdk-23\bin\sunmscapi.dll
Event: 5.043 Loaded shared library C:\Program Files\Java\jdk-23\bin\freetype.dll
Event: 5.048 Loaded shared library C:\Program Files\Java\jdk-23\bin\fontmanager.dll

Deoptimization events (20 events):
Event: 5.074 Thread 0x000002beeee89910 Uncommon trap: trap_request=0xffffff45 fr.pc=0x000002be87af5b9c relative=0x000000000000021c
Event: 5.074 Thread 0x000002beeee89910 Uncommon trap: reason=unstable_if action=reinterpret pc=0x000002be87af5b9c method=java.lang.StringUTF16.compress([CI[BII)I @ 20 c2
Event: 5.074 Thread 0x000002beeee89910 DEOPT PACKING pc=0x000002be87af5b9c sp=0x000000fe333fe050
Event: 5.074 Thread 0x000002beeee89910 DEOPT UNPACKING pc=0x000002be87584402 sp=0x000000fe333fdfc0 mode 2
Event: 13.673 Thread 0x000002bed61850a0 Uncommon trap: trap_request=0xffffffde fr.pc=0x000002be87ad02a8 relative=0x00000000000001a8
Event: 13.673 Thread 0x000002bed61850a0 Uncommon trap: reason=class_check action=maybe_recompile pc=0x000002be87ad02a8 method=java.lang.String.equals(Ljava/lang/Object;)Z @ 8 c2
Event: 13.673 Thread 0x000002bed61850a0 DEOPT PACKING pc=0x000002be87ad02a8 sp=0x000000fe34dfde90
Event: 13.674 Thread 0x000002bed61850a0 DEOPT UNPACKING pc=0x000002be87584402 sp=0x000000fe34dfde28 mode 2
Event: 13.674 Thread 0x000002bed61850a0 Uncommon trap: trap_request=0xffffffde fr.pc=0x000002be87ad02a8 relative=0x00000000000001a8
Event: 13.674 Thread 0x000002bed61850a0 Uncommon trap: reason=class_check action=maybe_recompile pc=0x000002be87ad02a8 method=java.lang.String.equals(Ljava/lang/Object;)Z @ 8 c2
Event: 13.674 Thread 0x000002bed61850a0 DEOPT PACKING pc=0x000002be87ad02a8 sp=0x000000fe34dfde90
Event: 13.674 Thread 0x000002bed61850a0 DEOPT UNPACKING pc=0x000002be87584402 sp=0x000000fe34dfde28 mode 2
Event: 14.137 Thread 0x000002bed61850a0 Uncommon trap: trap_request=0xffffffde fr.pc=0x000002be87ad02a8 relative=0x00000000000001a8
Event: 14.137 Thread 0x000002bed61850a0 Uncommon trap: reason=class_check action=maybe_recompile pc=0x000002be87ad02a8 method=java.lang.String.equals(Ljava/lang/Object;)Z @ 8 c2
Event: 14.137 Thread 0x000002bed61850a0 DEOPT PACKING pc=0x000002be87ad02a8 sp=0x000000fe34dfde90
Event: 14.137 Thread 0x000002bed61850a0 DEOPT UNPACKING pc=0x000002be87584402 sp=0x000000fe34dfde28 mode 2
Event: 14.137 Thread 0x000002bed61850a0 Uncommon trap: trap_request=0xffffffde fr.pc=0x000002be87ad02a8 relative=0x00000000000001a8
Event: 14.137 Thread 0x000002bed61850a0 Uncommon trap: reason=class_check action=maybe_recompile pc=0x000002be87ad02a8 method=java.lang.String.equals(Ljava/lang/Object;)Z @ 8 c2
Event: 14.137 Thread 0x000002bed61850a0 DEOPT PACKING pc=0x000002be87ad02a8 sp=0x000000fe34dfde90
Event: 14.137 Thread 0x000002bed61850a0 DEOPT UNPACKING pc=0x000002be87584402 sp=0x000000fe34dfde28 mode 2

Classes loaded (20 events):
Event: 13.669 Loading class javax/swing/JLayer
Event: 13.670 Loading class javax/swing/JLayer done
Event: 13.670 Loading class javax/swing/JViewport
Event: 13.672 Loading class javax/swing/JViewport done
Event: 13.672 Loading class javax/swing/text/AbstractDocument$UndoRedoDocumentEvent
Event: 13.673 Loading class javax/swing/text/AbstractDocument$UndoRedoDocumentEvent done
Event: 13.674 Loading class javax/swing/RepaintManager$3
Event: 13.674 Loading class javax/swing/RepaintManager$3 done
Event: 14.166 Loading class javax/swing/text/GapContent$UndoPosRef
Event: 14.166 Loading class javax/swing/text/GapContent$UndoPosRef done
Event: 14.277 Loading class javax/swing/JInternalFrame
Event: 14.281 Loading class javax/swing/JInternalFrame done
Event: 14.282 Loading class javax/swing/KeyboardManager
Event: 14.283 Loading class javax/swing/KeyboardManager done
Event: 14.283 Loading class javax/swing/Popup$HeavyWeightWindow
Event: 14.284 Loading class sun/awt/ModalExclude
Event: 14.284 Loading class sun/awt/ModalExclude done
Event: 14.284 Loading class javax/swing/JWindow
Event: 14.285 Loading class javax/swing/JWindow done
Event: 14.285 Loading class javax/swing/Popup$HeavyWeightWindow done

Classes unloaded (0 events):
No events

Classes redefined (0 events):
No events

Internal exceptions (18 events):
Event: 0.295 Thread 0x000002beeee89910 Exception <a 'java/lang/NoSuchMethodError'{0x00000000c8156a58}: 'java.lang.Object java.lang.invoke.Invokers$Holder.invokeExact_MT(java.lang.Object, java.lang.Object, java.lang.Object, java.lang.Object, java.lang.Object)'> (0x00000000c8156a58) 
thrown [s\open\src\hotspot\share\interpreter\linkResolver.cpp, line 796]
Event: 0.337 Thread 0x000002bed035e870 Exception <a 'java/lang/NoSuchMethodError'{0x00000000c8198408}: 'void java.lang.invoke.DirectMethodHandle$Holder.invokeStatic(java.lang.Object, java.lang.Object)'> (0x00000000c8198408) 
thrown [s\open\src\hotspot\share\interpreter\linkResolver.cpp, line 796]
Event: 0.360 Thread 0x000002beeee89910 Exception <a 'java/lang/ClassNotFoundException'{0x00000000c817d710}: sun/awt/resources/spi/awtProvider> (0x00000000c817d710) 
thrown [s\open\src\hotspot\share\classfile\systemDictionary.cpp, line 313]
Event: 0.418 Thread 0x000002beeee89910 Exception <a 'java/io/FileNotFoundException'{0x00000000c8016640}> (0x00000000c8016640) 
thrown [s\open\src\hotspot\share\prims\jni.cpp, line 520]
Event: 0.435 Thread 0x000002beeee89910 Exception <a 'java/io/FileNotFoundException'{0x00000000c80447c8}> (0x00000000c80447c8) 
thrown [s\open\src\hotspot\share\prims\jni.cpp, line 520]
Event: 0.699 Thread 0x000002beeee89910 Exception <a 'java/lang/NoSuchMethodError'{0x00000000c7f4cf00}: 'void java.lang.invoke.DirectMethodHandle$Holder.invokeSpecial(java.lang.Object, java.lang.Object, java.lang.Object)'> (0x00000000c7f4cf00) 
thrown [s\open\src\hotspot\share\interpreter\linkResolver.cpp, line 796]
Event: 0.746 Thread 0x000002beeee89910 Exception <a 'java/lang/NoSuchMethodError'{0x00000000c7f9c8b8}: 'java.lang.Object java.lang.invoke.DirectMethodHandle$Holder.invokeStatic(java.lang.Object, int, java.lang.Object)'> (0x00000000c7f9c8b8) 
thrown [s\open\src\hotspot\share\interpreter\linkResolver.cpp, line 796]
Event: 0.798 Thread 0x000002beeee89910 Exception <a 'java/lang/ClassNotFoundException'{0x00000000c7e43868}: com/sun/swing/internal/plaf/metal/resources/spi/metalProvider> (0x00000000c7e43868) 
thrown [s\open\src\hotspot\share\classfile\systemDictionary.cpp, line 313]
Event: 0.801 Thread 0x000002beeee89910 Exception <a 'java/lang/ClassNotFoundException'{0x00000000c7e47828}: com/sun/swing/internal/plaf/basic/resources/spi/basicProvider> (0x00000000c7e47828) 
thrown [s\open\src\hotspot\share\classfile\systemDictionary.cpp, line 313]
Event: 0.829 Thread 0x000002beeee89910 Exception <a 'java/lang/NoSuchMethodError'{0x00000000c7e642b8}: 'int java.lang.invoke.Invokers$Holder.invokeExact_MT(java.lang.Object, java.lang.Object)'> (0x00000000c7e642b8) 
thrown [s\open\src\hotspot\share\interpreter\linkResolver.cpp, line 796]
Event: 0.943 Thread 0x000002beeee89910 Exception <a 'java/lang/NoSuchMethodError'{0x00000000c7d85c20}: 'java.lang.Object java.lang.invoke.DirectMethodHandle$Holder.invokeInterface(java.lang.Object, java.lang.Object)'> (0x00000000c7d85c20) 
thrown [s\open\src\hotspot\share\interpreter\linkResolver.cpp, line 796]
Event: 1.005 Thread 0x000002beeee89910 Exception <a 'java/lang/NoSuchMethodError'{0x00000000c7c04870}: 'java.lang.Object java.lang.invoke.DirectMethodHandle$Holder.invokeVirtual(java.lang.Object, java.lang.Object, java.lang.Object)'> (0x00000000c7c04870) 
thrown [s\open\src\hotspot\share\interpreter\linkResolver.cpp, line 796]
Event: 1.556 Thread 0x000002beeee89910 Exception <a 'java/lang/NoSuchMethodError'{0x00000000c770ce10}: 'void java.lang.invoke.DirectMethodHandle$Holder.invokeStaticInit(java.lang.Object, java.lang.Object)'> (0x00000000c770ce10) 
thrown [s\open\src\hotspot\share\interpreter\linkResolver.cpp, line 796]
Event: 2.563 Thread 0x000002beeee89910 Exception <a 'sun/nio/fs/WindowsException'{0x00000000c7682298}> (0x00000000c7682298) 
thrown [s\open\src\hotspot\share\prims\jni.cpp, line 520]
Event: 3.533 Thread 0x000002beeee89910 Exception <a 'java/lang/NoSuchMethodError'{0x00000000c832a568}: 'java.lang.Object java.lang.invoke.DirectMethodHandle$Holder.invokeStaticInit(java.lang.Object, int, int, int, int)'> (0x00000000c832a568) 
thrown [s\open\src\hotspot\share\interpreter\linkResolver.cpp, line 796]
Event: 3.747 Thread 0x000002beeee89910 Exception <a 'java/lang/NoSuchMethodError'{0x00000000c83c4ea8}: 'java.lang.Object java.lang.invoke.DirectMethodHandle$Holder.invokeStaticInit(java.lang.Object, java.lang.Object, int, int, int, int)'> (0x00000000c83c4ea8) 
thrown [s\open\src\hotspot\share\interpreter\linkResolver.cpp, line 796]
Event: 4.403 Thread 0x000002beeee89910 Exception <a 'java/lang/NoSuchMethodError'{0x00000000c829d0b8}: 'void java.lang.invoke.DirectMethodHandle$Holder.invokeVirtual(java.lang.Object, java.lang.Object)'> (0x00000000c829d0b8) 
thrown [s\open\src\hotspot\share\interpreter\linkResolver.cpp, line 796]
Event: 5.287 Thread 0x000002beeee89910 Exception <a 'java/lang/NoSuchMethodError'{0x00000000c7e3a910}: 'void java.lang.invoke.DirectMethodHandle$Holder.invokeStaticInit(java.lang.Object)'> (0x00000000c7e3a910) 
thrown [s\open\src\hotspot\share\interpreter\linkResolver.cpp, line 796]

VM Operations (16 events):
Event: 0.184 Executing VM operation: HandshakeAllThreads (Deoptimize)
Event: 0.184 Executing VM operation: HandshakeAllThreads (Deoptimize) done
Event: 0.465 Executing VM operation: HandshakeAllThreads (Deoptimize)
Event: 0.465 Executing VM operation: HandshakeAllThreads (Deoptimize) done
Event: 0.892 Executing VM operation: HandshakeAllThreads (Deoptimize)
Event: 0.892 Executing VM operation: HandshakeAllThreads (Deoptimize) done
Event: 2.275 Executing VM operation: HandshakeAllThreads (Deoptimize)
Event: 2.275 Executing VM operation: HandshakeAllThreads (Deoptimize) done
Event: 3.330 Executing VM operation: G1CollectForAllocation (G1 Evacuation Pause)
Event: 3.505 Executing VM operation: G1CollectForAllocation (G1 Evacuation Pause) done
Event: 4.887 Executing VM operation: HandshakeAllThreads (Deoptimize)
Event: 4.887 Executing VM operation: HandshakeAllThreads (Deoptimize) done
Event: 5.101 Executing VM operation: HandshakeAllThreads (Deoptimize)
Event: 5.101 Executing VM operation: HandshakeAllThreads (Deoptimize) done
Event: 5.500 Executing VM operation: HandshakeAllThreads (Deoptimize)
Event: 5.500 Executing VM operation: HandshakeAllThreads (Deoptimize) done

Memory protections (0 events):
No events

Nmethod flushes (0 events):
No events

Events (20 events):
Event: 0.112 Thread 0x000002beeee89910 Thread added: 0x000002bed012e2d0
Event: 0.112 Thread 0x000002beeee89910 Thread added: 0x000002bed01316a0
Event: 0.112 Thread 0x000002beeee89910 Thread added: 0x000002bed0134460
Event: 0.112 Thread 0x000002beeee89910 Thread added: 0x000002bed0134ff0
Event: 0.113 Thread 0x000002beeee89910 Thread added: 0x000002bed0135b80
Event: 0.113 Thread 0x000002beeee89910 Thread added: 0x000002bed0143220
Event: 0.113 Thread 0x000002beeee89910 Thread added: 0x000002bed0149f70
Event: 0.166 Thread 0x000002beeee89910 Thread added: 0x000002bed023f1c0
Event: 0.312 Thread 0x000002beeee89910 Thread added: 0x000002bed035e870
Event: 0.312 Thread 0x000002beeee89910 Thread added: 0x000002bed036b250
Event: 0.606 Thread 0x000002beeee89910 Thread added: 0x000002bed04ea3a0
Event: 0.609 Thread 0x000002beeee89910 Thread added: 0x000002bed04efe30
Event: 0.612 Thread 0x000002beeee89910 Thread added: 0x000002bed04f3140
Event: 0.862 Thread 0x000002beeee89910 Thread added: 0x000002bed0556b40
Event: 1.923 Thread 0x000002bed04efe30 Thread exited: 0x000002bed04efe30
Event: 5.026 Thread 0x000002beeee89910 Thread added: 0x000002bed6184a30
Event: 5.027 Thread 0x000002beeee89910 Thread added: 0x000002bed61850a0
Event: 5.492 Thread 0x000002beeee89910 Thread exited: 0x000002beeee89910
Event: 5.492 Thread 0x000002beeee89910 Thread added: 0x000002beeee89910
Event: 11.155 Thread 0x000002bed61850a0 Thread added: 0x000002bed5cd91e0


Dynamic libraries:
0x00007ff680f30000 - 0x00007ff680f40000 	C:\Program Files\Java\jdk-23\bin\java.exe
0x00007ffffaab0000 - 0x00007ffffacc7000 	C:\Windows\SYSTEM32\ntdll.dll
0x00007ffffa630000 - 0x00007ffffa6f4000 	C:\Windows\System32\KERNEL32.DLL
0x00007ffff8260000 - 0x00007ffff8631000 	C:\Windows\System32\KERNELBASE.dll
0x00007ffff7d30000 - 0x00007ffff7e41000 	C:\Windows\System32\ucrtbase.dll
0x00007fffeecf0000 - 0x00007fffeed0b000 	C:\Program Files\Java\jdk-23\bin\VCRUNTIME140.dll
0x00007fffeecc0000 - 0x00007fffeecd7000 	C:\Program Files\Java\jdk-23\bin\jli.dll
0x00007ffff98c0000 - 0x00007ffff9a71000 	C:\Windows\System32\USER32.dll
0x00007ffff7e50000 - 0x00007ffff7e76000 	C:\Windows\System32\win32u.dll
0x00007ffff96b0000 - 0x00007ffff96d9000 	C:\Windows\System32\GDI32.dll
0x00007ffff80a0000 - 0x00007ffff81bb000 	C:\Windows\System32\gdi32full.dll
0x00007fffe65c0000 - 0x00007fffe6852000 	C:\Windows\WinSxS\amd64_microsoft.windows.common-controls_6595b64144ccf1df_6.0.22621.4830_none_270fe7d773858e80\COMCTL32.dll
0x00007ffff81c0000 - 0x00007ffff825a000 	C:\Windows\System32\msvcp_win.dll
0x00007ffff9810000 - 0x00007ffff98b7000 	C:\Windows\System32\msvcrt.dll
0x00007ffff96e0000 - 0x00007ffff9711000 	C:\Windows\System32\IMM32.DLL
0x00007ffff1d00000 - 0x00007ffff1d0c000 	C:\Program Files\Java\jdk-23\bin\vcruntime140_1.dll
0x00007fffe36b0000 - 0x00007fffe373e000 	C:\Program Files\Java\jdk-23\bin\msvcp140.dll
0x00007fff98ad0000 - 0x00007fff99820000 	C:\Program Files\Java\jdk-23\bin\server\jvm.dll
0x00007ffff88a0000 - 0x00007ffff8951000 	C:\Windows\System32\ADVAPI32.dll
0x00007ffff8960000 - 0x00007ffff8a07000 	C:\Windows\System32\sechost.dll
0x00007ffff7e80000 - 0x00007ffff7ea8000 	C:\Windows\System32\bcrypt.dll
0x00007ffff8780000 - 0x00007ffff8894000 	C:\Windows\System32\RPCRT4.dll
0x00007ffff9af0000 - 0x00007ffff9b61000 	C:\Windows\System32\WS2_32.dll
0x00007ffff7ac0000 - 0x00007ffff7b0d000 	C:\Windows\SYSTEM32\POWRPROF.dll
0x00007ffff3a80000 - 0x00007ffff3ab4000 	C:\Windows\SYSTEM32\WINMM.dll
0x00007fffef960000 - 0x00007fffef96a000 	C:\Windows\SYSTEM32\VERSION.dll
0x00007ffff7aa0000 - 0x00007ffff7ab3000 	C:\Windows\SYSTEM32\UMPDC.dll
0x00007ffff6c40000 - 0x00007ffff6c58000 	C:\Windows\SYSTEM32\kernel.appcore.dll
0x00007ffff1330000 - 0x00007ffff133a000 	C:\Program Files\Java\jdk-23\bin\jimage.dll
0x00007ffff55b0000 - 0x00007ffff57e2000 	C:\Windows\SYSTEM32\DBGHELP.DLL
0x00007ffff9c50000 - 0x00007ffff9fe0000 	C:\Windows\System32\combase.dll
0x00007ffff9720000 - 0x00007ffff97f7000 	C:\Windows\System32\OLEAUT32.dll
0x00007fffdd530000 - 0x00007fffdd562000 	C:\Windows\SYSTEM32\dbgcore.DLL
0x00007ffff8640000 - 0x00007ffff86bb000 	C:\Windows\System32\bcryptPrimitives.dll
0x00007fffeecb0000 - 0x00007fffeecbf000 	C:\Program Files\Java\jdk-23\bin\instrument.dll
0x00007fffe4ae0000 - 0x00007fffe4afe000 	C:\Program Files\Java\jdk-23\bin\java.dll
0x00007ffff92b0000 - 0x00007ffff9451000 	C:\Windows\System32\ole32.dll
0x00007ffff8a10000 - 0x00007ffff9298000 	C:\Windows\System32\SHELL32.dll
0x00007ffff7bf0000 - 0x00007ffff7d2f000 	C:\Windows\System32\wintypes.dll
0x00007ffff5b50000 - 0x00007ffff645d000 	C:\Windows\SYSTEM32\windows.storage.dll
0x00007ffffa4c0000 - 0x00007ffffa5ca000 	C:\Windows\System32\SHCORE.dll
0x00007ffffa5d0000 - 0x00007ffffa62e000 	C:\Windows\System32\shlwapi.dll
0x00007ffff7b20000 - 0x00007ffff7b4b000 	C:\Windows\SYSTEM32\profapi.dll
0x00007fffe3740000 - 0x00007fffe3817000 	C:\Program Files\Java\jdk-23\bin\jsvml.dll
0x00007fffe4260000 - 0x00007fffe4277000 	C:\Program Files\Java\jdk-23\bin\zip.dll
0x00007fffeeaf0000 - 0x00007fffeeb00000 	C:\Program Files\Java\jdk-23\bin\net.dll
0x00007ffff70b0000 - 0x00007ffff711a000 	C:\Windows\system32\mswsock.dll
0x00007fffe4280000 - 0x00007fffe4296000 	C:\Program Files\Java\jdk-23\bin\nio.dll
0x00007fffe6360000 - 0x00007fffe6369000 	C:\Program Files\Java\jdk-23\bin\extnet.dll
0x00007fffe2d80000 - 0x00007fffe2f0e000 	C:\Program Files\Java\jdk-23\bin\awt.dll
0x00007ffff3da0000 - 0x00007ffff3e37000 	C:\Windows\SYSTEM32\apphelp.dll
0x00007ffff5230000 - 0x00007ffff525b000 	C:\Windows\system32\DWMAPI.DLL
0x00007ffff4e00000 - 0x00007ffff4eb3000 	C:\Windows\system32\uxtheme.dll
0x00007fffdb6e0000 - 0x00007fffdb7e0000 	C:\Windows\system32\opengl32.dll
0x00007fffdb6b0000 - 0x00007fffdb6dd000 	C:\Windows\SYSTEM32\GLU32.dll
0x00007ffff4ef0000 - 0x00007ffff4f27000 	C:\Windows\SYSTEM32\dxcore.dll
0x00007ffffa860000 - 0x00007ffffa9bd000 	C:\Windows\System32\MSCTF.dll
0x00007ffff6730000 - 0x00007ffff6832000 	C:\Windows\SYSTEM32\DNSAPI.dll
0x00007ffff66c0000 - 0x00007ffff66ed000 	C:\Windows\SYSTEM32\IPHLPAPI.DLL
0x00007ffff9800000 - 0x00007ffff9809000 	C:\Windows\System32\NSI.dll
0x00007fffe2b20000 - 0x00007fffe2b2a000 	C:\Windows\System32\rasadhlp.dll
0x00007ffff0ea0000 - 0x00007ffff0f23000 	C:\Windows\System32\fwpuclnt.dll
0x00007ffff7300000 - 0x00007ffff731b000 	C:\Windows\SYSTEM32\CRYPTSP.dll
0x00007ffff6ba0000 - 0x00007ffff6bd7000 	C:\Windows\system32\rsaenh.dll
0x00007ffff71a0000 - 0x00007ffff71c8000 	C:\Windows\SYSTEM32\USERENV.dll
0x00007ffff7320000 - 0x00007ffff732c000 	C:\Windows\SYSTEM32\CRYPTBASE.dll
0x00007fffeeae0000 - 0x00007fffeeaee000 	C:\Program Files\Java\jdk-23\bin\sunmscapi.dll
0x00007ffff7f30000 - 0x00007ffff8096000 	C:\Windows\System32\CRYPT32.dll
0x00007ffff74c0000 - 0x00007ffff74ed000 	C:\Windows\SYSTEM32\ncrypt.dll
0x00007ffff7480000 - 0x00007ffff74b7000 	C:\Windows\SYSTEM32\NTASN1.dll
0x00007fffe3270000 - 0x00007fffe32f7000 	C:\Program Files\Java\jdk-23\bin\freetype.dll
0x00007fffe2c30000 - 0x00007fffe2d07000 	C:\Program Files\Java\jdk-23\bin\fontmanager.dll
0x00007ffffa9c0000 - 0x00007ffffaa70000 	C:\Windows\System32\clbcatq.dll
0x00007ffff4bf0000 - 0x00007ffff4da0000 	C:\Windows\SYSTEM32\WindowsCodecs.dll
0x00007fffc8610000 - 0x00007fffc866e000 	C:\Windows\system32\dataexchange.dll
0x00007fffef530000 - 0x00007fffef7d5000 	C:\Windows\system32\twinapi.appcore.dll
0x00007fffe6c90000 - 0x00007fffe6dd3000 	C:\Windows\SYSTEM32\textinputframework.dll
0x00007ffff3310000 - 0x00007ffff3445000 	C:\Windows\SYSTEM32\CoreMessaging.dll
0x00007ffff0880000 - 0x00007ffff0bec000 	C:\Windows\SYSTEM32\CoreUIComponents.dll

dbghelp: loaded successfully - version: 4.0.5 - missing functions: none
symbol engine: initialized successfully - sym options: 0x614 - pdb path: .;C:\Program Files\Java\jdk-23\bin;C:\Windows\SYSTEM32;C:\Windows\WinSxS\amd64_microsoft.windows.common-controls_6595b64144ccf1df_6.0.22621.4830_none_270fe7d773858e80;C:\Program Files\Java\jdk-23\bin\server

VM Arguments:
jvm_args: -javaagent:C:\Program Files\JetBrains\IntelliJ IDEA Community Edition 2025.1\lib\idea_rt.jar=53228 -Dfile.encoding=UTF-8 -Dsun.stdout.encoding=UTF-8 -Dsun.stderr.encoding=UTF-8 
java_command: university.management.system.updateStudent
java_class_path (initial): C:\Users\furqan computers\OneDrive\Desktop\university management system\out\production\university management system;C:\Users\furqan computers\Downloads\mysql-connector-java-8.0.28 (2).jar;C:\Users\furqan computers\Downloads\jcalendar-tz-1.3.3-4.jar;C:\Users\furqan computers\Downloads\ResultSet2xml.jar
Launcher Type: SUN_STANDARD

[Global flags]
     intx CICompilerCount                          = 3                                         {product} {ergonomic}
     uint ConcGCThreads                            = 1                                         {product} {ergonomic}
     uint G1ConcRefinementThreads                  = 4                                         {product} {ergonomic}
   size_t G1HeapRegionSize                         = 1048576                                   {product} {ergonomic}
   size_t InitialHeapSize                          = 62914560                                  {product} {ergonomic}
   size_t MarkStackSize                            = 4194304                                   {product} {ergonomic}
   size_t MarkStackSizeMax                         = 536870912                                 {product} {ergonomic}
   size_t MaxHeapSize                              = 998244352                                 {product} {ergonomic}
   size_t MaxNewSize                               = 598736896                                 {product} {ergonomic}
   size_t MinHeapDeltaBytes                        = 1048576                                   {product} {ergonomic}
   size_t MinHeapSize                              = 8388608                                   {product} {ergonomic}
    uintx NonNMethodCodeHeapSize                   = 5832704                                {pd product} {ergonomic}
    uintx NonProfiledCodeHeapSize                  = 122945536                              {pd product} {ergonomic}
    uintx ProfiledCodeHeapSize                     = 122880000                              {pd product} {ergonomic}
    uintx ReservedCodeCacheSize                    = 251658240                              {pd product} {ergonomic}
     bool SegmentedCodeCache                       = true                                      {product} {ergonomic}
   size_t SoftMaxHeapSize                          = 998244352                              {manageable} {ergonomic}
     bool UseCompressedOops                        = true                           {product lp64_product} {ergonomic}
     bool UseG1GC                                  = true                                      {product} {ergonomic}
     bool UseLargePagesIndividualAllocation        = false                                  {pd product} {ergonomic}

Logging:
Log output configuration:
 #0: stdout all=warning uptime,level,tags foldmultilines=false
 #1: stderr all=off uptime,level,tags foldmultilines=false

Environment Variables:
CLASSPATH=C:\connector\mysql-connector-j-9.3.0.jar
PATH=C:\Program Files\Java\jdk-23\bin;C:\Program Files\JetBrains\IntelliJ IDEA Community Edition 2025.1\bin
USERNAME=furqan computers
OS=Windows_NT
PROCESSOR_IDENTIFIER=Intel64 Family 6 Model 78 Stepping 3, GenuineIntel
TMP=C:\Users\FURQAN~1\AppData\Local\Temp
TEMP=C:\Windows\TEMP




Periodic native trim disabled

---------------  S Y S T E M  ---------------

OS:
 Windows 11 , 64 bit Build 22621 (10.0.22621.4974)
OS uptime: 0 days 18:07 hours

CPU: total 4 (initial active 4) (2 cores per cpu, 2 threads per core) family 6 model 78 stepping 3 microcode 0xe2, cx8, cmov, fxsr, ht, mmx, 3dnowpref, sse, sse2, sse3, ssse3, sse4.1, sse4.2, popcnt, lzcnt, tsc, tscinvbit, avx, avx2, aes, erms, clmul, bmi1, bmi2, adx, fma, vzeroupper, clflush, clflushopt, rdtscp, f16c
Processor Information for processor 0
  Max Mhz: 2000, Current Mhz: 2000, Mhz Limit: 2000
Processor Information for processor 1
  Max Mhz: 2000, Current Mhz: 1500, Mhz Limit: 2000
Processor Information for processor 2
  Max Mhz: 2000, Current Mhz: 1500, Mhz Limit: 2000
Processor Information for processor 3
  Max Mhz: 2000, Current Mhz: 1500, Mhz Limit: 2000

Memory: 4k page, system-wide physical 3801M (227M free)
TotalPageFile size 11287M (AvailPageFile size 0M)
current process WorkingSet (physical memory assigned to process): 98M, peak: 98M
current process commit charge ("private bytes"): 163M, peak: 170M

vm_info: Java HotSpot(TM) 64-Bit Server VM (23.0.2+7-58) for windows-amd64 JRE (23.0.2+7-58), built on 2024-11-29T09:34:55Z with MS VC++ 17.6 (VS2022)

END.
