#
# There is insufficient memory for the Java Runtime Environment to continue.
# Native memory allocation (mmap) failed to map 38797312 bytes. Error detail: G1 virtual space
# Possible reasons:
#   The system is out of physical RAM or swap space
#   This process is running with CompressedOops enabled, and the Java Heap may be blocking the growth of the native heap
# Possible solutions:
#   Reduce memory load on the system
#   Increase physical memory or swap space
#   Check if swap backing store is full
#   Decrease Java heap size (-Xmx/-Xms)
#   Decrease number of Java threads
#   Decrease Java thread stack sizes (-Xss)
#   Set larger code cache with -XX:ReservedCodeCacheSize=
#   JVM is running with Unscaled Compressed Oops mode in which the Java heap is
#     placed in the first 4GB address space. The Java Heap base address is the
#     maximum limit for the native heap growth. Please use -XX:HeapBaseMinAddress
#     to set the Java Heap base and to place the Java Heap above 4GB virtual address.
# This output file may be truncated or incomplete.
#
#  Out of Memory Error (os_windows.cpp:3707), pid=14364, tid=3788
#
# JRE version: Java(TM) SE Runtime Environment (23.0.2+7) (build 23.0.2+7-58)
# Java VM: Java HotSpot(TM) 64-Bit Server VM (23.0.2+7-58, mixed mode, sharing, tiered, compressed oops, compressed class ptrs, g1 gc, windows-amd64)
# No core dump will be written. Minidumps are not enabled by default on client versions of Windows
#

---------------  S U M M A R Y ------------

Command Line: -javaagent:C:\Program Files\JetBrains\IntelliJ IDEA Community Edition 2025.1\lib\idea_rt.jar=51605 -Dfile.encoding=UTF-8 -Dsun.stdout.encoding=UTF-8 -Dsun.stderr.encoding=UTF-8 university.management.system.Splash

Host: Intel(R) Core(TM) i3-6006U CPU @ 2.00GHz, 4 cores, 3G,  Windows 11 , 64 bit Build 22621 (10.0.22621.5124)
Time: Fri Apr 25 08:25:37 2025 Pacific Daylight Time elapsed time: 4.728979 seconds (0d 0h 0m 4s)

---------------  T H R E A D  ---------------

Current thread (0x000001a46a95dbc0):  VMThread "VM Thread"          [id=3788, stack(0x00000086d3200000,0x00000086d3300000) (1024K)]

Stack: [0x00000086d3200000,0x00000086d3300000]
Native frames: (J=compiled Java code, j=interpreted, Vv=VM code, C=native code)
V  [jvm.dll+0x6e0b99]  (no source info available)
V  [jvm.dll+0x87e2b3]  (no source info available)
V  [jvm.dll+0x88073e]  (no source info available)
V  [jvm.dll+0x880e13]  (no source info available)
V  [jvm.dll+0x27b006]  (no source info available)
V  [jvm.dll+0x6dd485]  (no source info available)
V  [jvm.dll+0x6d127a]  (no source info available)
V  [jvm.dll+0x35b50a]  (no source info available)
V  [jvm.dll+0x363916]  (no source info available)
V  [jvm.dll+0x34fe7e]  (no source info available)
V  [jvm.dll+0x350118]  (no source info available)
V  [jvm.dll+0x328aec]  (no source info available)
V  [jvm.dll+0x328b7a]  (no source info available)
V  [jvm.dll+0x374db2]  (no source info available)
V  [jvm.dll+0x3734b2]  (no source info available)
V  [jvm.dll+0x3282c7]  (no source info available)
V  [jvm.dll+0x372f78]  (no source info available)
V  [jvm.dll+0x886d50]  (no source info available)
V  [jvm.dll+0x888077]  (no source info available)
V  [jvm.dll+0x8885a8]  (no source info available)
V  [jvm.dll+0x888843]  (no source info available)
V  [jvm.dll+0x8254cb]  (no source info available)
V  [jvm.dll+0x6df345]  (no source info available)
C  [ucrtbase.dll+0x29333]  (no source info available)
C  [KERNEL32.DLL+0x1259d]  (no source info available)
C  [ntdll.dll+0x5af38]  (no source info available)

VM_Operation (0x00000086d46fdb78): G1TryInitiateConcMark, mode: safepoint, requested by thread 0x000001a445344a40


---------------  P R O C E S S  ---------------

Threads class SMR info:
_java_thread_list=0x000001a445380730, length=18, elements={
0x000001a44d5c0220, 0x000001a46a972ad0, 0x000001a46a9754c0, 0x000001a46a976670,
0x000001a46a978cf0, 0x000001a46a979360, 0x000001a46a981140, 0x000001a46a98dc40,
0x000001a46a991850, 0x000001a46a94a640, 0x000001a4451f0fe0, 0x000001a4451f1e80,
0x000001a4453186c0, 0x000001a445322f10, 0x000001a445380810, 0x000001a44531c780,
0x000001a44531e5f0, 0x000001a445344a40
}

Java Threads: ( => current thread )
  0x000001a44d5c0220 JavaThread "main"                              [_thread_blocked, id=15728, stack(0x00000086d2b00000,0x00000086d2c00000) (1024K)]
  0x000001a46a972ad0 JavaThread "Reference Handler"          daemon [_thread_blocked, id=5248, stack(0x00000086d3300000,0x00000086d3400000) (1024K)]
  0x000001a46a9754c0 JavaThread "Finalizer"                  daemon [_thread_blocked, id=6396, stack(0x00000086d3400000,0x00000086d3500000) (1024K)]
  0x000001a46a976670 JavaThread "Signal Dispatcher"          daemon [_thread_blocked, id=12688, stack(0x00000086d3500000,0x00000086d3600000) (1024K)]
  0x000001a46a978cf0 JavaThread "Attach Listener"            daemon [_thread_blocked, id=11492, stack(0x00000086d3600000,0x00000086d3700000) (1024K)]
  0x000001a46a979360 JavaThread "Service Thread"             daemon [_thread_blocked, id=14996, stack(0x00000086d3700000,0x00000086d3800000) (1024K)]
  0x000001a46a981140 JavaThread "Monitor Deflation Thread"   daemon [_thread_blocked, id=15320, stack(0x00000086d3800000,0x00000086d3900000) (1024K)]
  0x000001a46a98dc40 JavaThread "C2 CompilerThread0"         daemon [_thread_blocked, id=5844, stack(0x00000086d3900000,0x00000086d3a00000) (1024K)]
  0x000001a46a991850 JavaThread "C1 CompilerThread0"         daemon [_thread_blocked, id=8604, stack(0x00000086d3a00000,0x00000086d3b00000) (1024K)]
  0x000001a46a94a640 JavaThread "Common-Cleaner"             daemon [_thread_blocked, id=14308, stack(0x00000086d3b00000,0x00000086d3c00000) (1024K)]
  0x000001a4451f0fe0 JavaThread "Monitor Ctrl-Break"         daemon [_thread_in_native, id=14428, stack(0x00000086d3c00000,0x00000086d3d00000) (1024K)]
  0x000001a4451f1e80 JavaThread "Notification Thread"        daemon [_thread_blocked, id=14092, stack(0x00000086d3d00000,0x00000086d3e00000) (1024K)]
  0x000001a4453186c0 JavaThread "Java2D Disposer"            daemon [_thread_blocked, id=13660, stack(0x00000086d3e00000,0x00000086d3f00000) (1024K)]
  0x000001a445322f10 JavaThread "AWT-Windows"                daemon [_thread_blocked, id=15604, stack(0x00000086d4000000,0x00000086d4100000) (1024K)]
  0x000001a445380810 JavaThread "Image Fetcher 0"            daemon [_thread_blocked, id=13956, stack(0x00000086d4100000,0x00000086d4200000) (1024K)]
  0x000001a44531c780 JavaThread "Thread-0"                          [_thread_blocked, id=10688, stack(0x00000086d3f00000,0x00000086d4000000) (1024K)]
  0x000001a44531e5f0 JavaThread "AWT-Shutdown"                      [_thread_blocked, id=14952, stack(0x00000086d4500000,0x00000086d4600000) (1024K)]
  0x000001a445344a40 JavaThread "AWT-EventQueue-0"                  [_thread_blocked, id=1764, stack(0x00000086d4600000,0x00000086d4700000) (1024K)]
Total: 18

Other Threads:
=>0x000001a46a95dbc0 VMThread "VM Thread"                           [id=3788, stack(0x00000086d3200000,0x00000086d3300000) (1024K)]
  0x000001a44faae7c0 WatcherThread "VM Periodic Task Thread"        [id=14504, stack(0x00000086d3100000,0x00000086d3200000) (1024K)]
  0x000001a44fa1eee0 WorkerThread "GC Thread#0"                     [id=14840, stack(0x00000086d2c00000,0x00000086d2d00000) (1024K)]
  0x000001a4467067f0 WorkerThread "GC Thread#1"                     [id=13356, stack(0x00000086d4200000,0x00000086d4300000) (1024K)]
  0x000001a446a28a60 WorkerThread "GC Thread#2"                     [id=15996, stack(0x00000086d4300000,0x00000086d4400000) (1024K)]
  0x000001a446a28e10 WorkerThread "GC Thread#3"                     [id=14088, stack(0x00000086d4400000,0x00000086d4500000) (1024K)]
  0x000001a44fa295a0 ConcurrentGCThread "G1 Main Marker"            [id=15044, stack(0x00000086d2d00000,0x00000086d2e00000) (1024K)]
  0x000001a44fa2b860 WorkerThread "G1 Conc#0"                       [id=11272, stack(0x00000086d2e00000,0x00000086d2f00000) (1024K)]
  0x000001a46a8210a0 ConcurrentGCThread "G1 Refine#0"               [id=15248, stack(0x00000086d2f00000,0x00000086d3000000) (1024K)]
  0x000001a46a821830 ConcurrentGCThread "G1 Service"                [id=11480, stack(0x00000086d3000000,0x00000086d3100000) (1024K)]
Total: 10

Threads with active compile tasks:
Total: 0

VM state: at safepoint (normal execution)

VM Mutex/Monitor currently owned by a thread:  ([mutex/lock_event])
[0x00007ffb7d464888] Threads_lock - owner thread: 0x000001a46a95dbc0
[0x00007ffb7d464988] Heap_lock - owner thread: 0x000001a445344a40

Heap address: 0x00000000c4800000, size: 952 MB, Compressed Oops mode: 32-bit

CDS archive(s) mapped at: [0x000001a400000000-0x000001a400d70000-0x000001a400d70000), size 14090240, SharedBaseAddress: 0x000001a400000000, ArchiveRelocationMode: 1.
Compressed class space mapped at: 0x000001a401000000-0x000001a441000000, reserved size: 1073741824
Narrow klass base: 0x000001a400000000, Narrow klass shift: 0, Narrow klass range: 0x41000000

GC Precious Log:
 CardTable entry size: 512
 Card Set container configuration: InlinePtr #cards 5 size 8 Array Of Cards #cards 10 size 36 Howl #buckets 4 coarsen threshold 1843 Howl Bitmap #cards 512 size 80 coarsen threshold 460 Card regions per heap region 1 cards per card region 2048
 CPUs: 4 total, 4 available
 Memory: 3801M
 Large Page Support: Disabled
 NUMA Support: Disabled
 Compressed Oops: Enabled (32-bit)
 Heap Region Size: 1M
 Heap Min Capacity: 8M
 Heap Initial Capacity: 60M
 Heap Max Capacity: 952M
 Pre-touch: Disabled
 Parallel Workers: 4
 Concurrent Workers: 1
 Concurrent Refinement Workers: 4
 Periodic GC: Disabled

Heap:
 garbage-first heap   total reserved 974848K, committed 61440K, used 24455K [0x00000000c4800000, 0x0000000100000000)
  region size 1024K, 1 young (1024K), 1 survivors (1024K)
 Metaspace       used 7478K, committed 7680K, reserved 1114112K
  class space    used 771K, committed 896K, reserved 1048576K

Heap Regions: E=young(eden), S=young(survivor), O=old, HS=humongous(starts), HC=humongous(continues), CS=collection set, F=free, TAMS=top-at-mark-start, PB=parsable bottom
|   0|0x00000000c4800000, 0x00000000c4900000, 0x00000000c4900000|100%|HS|  |TAMS 0x00000000c4900000| PB 0x00000000c4800000| Complete |  0
|   1|0x00000000c4900000, 0x00000000c4a00000, 0x00000000c4a00000|100%|HC|  |TAMS 0x00000000c4a00000| PB 0x00000000c4900000| Complete |  0
|   2|0x00000000c4a00000, 0x00000000c4a00000, 0x00000000c4b00000|  0%| F|  |TAMS 0x00000000c4a00000| PB 0x00000000c4a00000| Untracked |  0
|   3|0x00000000c4b00000, 0x00000000c4c00000, 0x00000000c4c00000|100%|HS|  |TAMS 0x00000000c4c00000| PB 0x00000000c4b00000| Complete |  0
|   4|0x00000000c4c00000, 0x00000000c4d00000, 0x00000000c4d00000|100%|HC|  |TAMS 0x00000000c4d00000| PB 0x00000000c4c00000| Complete |  0
|   5|0x00000000c4d00000, 0x00000000c4e00000, 0x00000000c4e00000|100%|HC|  |TAMS 0x00000000c4e00000| PB 0x00000000c4d00000| Complete |  0
|   6|0x00000000c4e00000, 0x00000000c4f00000, 0x00000000c4f00000|100%|HC|  |TAMS 0x00000000c4f00000| PB 0x00000000c4e00000| Complete |  0
|   7|0x00000000c4f00000, 0x00000000c5000000, 0x00000000c5000000|100%|HC|  |TAMS 0x00000000c5000000| PB 0x00000000c4f00000| Complete |  0
|   8|0x00000000c5000000, 0x00000000c5100000, 0x00000000c5100000|100%|HC|  |TAMS 0x00000000c5100000| PB 0x00000000c5000000| Complete |  0
|   9|0x00000000c5100000, 0x00000000c5200000, 0x00000000c5200000|100%|HC|  |TAMS 0x00000000c5200000| PB 0x00000000c5100000| Complete |  0
|  10|0x00000000c5200000, 0x00000000c5300000, 0x00000000c5300000|100%|HC|  |TAMS 0x00000000c5300000| PB 0x00000000c5200000| Complete |  0
|  11|0x00000000c5300000, 0x00000000c5400000, 0x00000000c5400000|100%| O|  |TAMS 0x00000000c5400000| PB 0x00000000c5300000| Untracked |  0
|  12|0x00000000c5400000, 0x00000000c5500000, 0x00000000c5500000|100%|HS|  |TAMS 0x00000000c5500000| PB 0x00000000c5400000| Complete |  0
|  13|0x00000000c5500000, 0x00000000c5600000, 0x00000000c5600000|100%|HC|  |TAMS 0x00000000c5600000| PB 0x00000000c5500000| Complete |  0
|  14|0x00000000c5600000, 0x00000000c5600000, 0x00000000c5700000|  0%| F|  |TAMS 0x00000000c5600000| PB 0x00000000c5600000| Untracked |  0
|  15|0x00000000c5700000, 0x00000000c5800000, 0x00000000c5800000|100%|HS|  |TAMS 0x00000000c5800000| PB 0x00000000c5700000| Complete |  0
|  16|0x00000000c5800000, 0x00000000c5900000, 0x00000000c5900000|100%|HC|  |TAMS 0x00000000c5900000| PB 0x00000000c5800000| Complete |  0
|  17|0x00000000c5900000, 0x00000000c5a00000, 0x00000000c5a00000|100%|HC|  |TAMS 0x00000000c5a00000| PB 0x00000000c5900000| Complete |  0
|  18|0x00000000c5a00000, 0x00000000c5b00000, 0x00000000c5b00000|100%| O|  |TAMS 0x00000000c5b00000| PB 0x00000000c5a00000| Untracked |  0
|  19|0x00000000c5b00000, 0x00000000c5b8fcd0, 0x00000000c5c00000| 56%| O|  |TAMS 0x00000000c5b8fcd0| PB 0x00000000c5b00000| Untracked |  0
|  20|0x00000000c5c00000, 0x00000000c5d00000, 0x00000000c5d00000|100%|HS|  |TAMS 0x00000000c5d00000| PB 0x00000000c5c00000| Complete |  0
|  21|0x00000000c5d00000, 0x00000000c5e00000, 0x00000000c5e00000|100%|HC|  |TAMS 0x00000000c5e00000| PB 0x00000000c5d00000| Complete |  0
|  22|0x00000000c5e00000, 0x00000000c5f00000, 0x00000000c5f00000|100%|HS|  |TAMS 0x00000000c5f00000| PB 0x00000000c5e00000| Complete |  0
|  23|0x00000000c5f00000, 0x00000000c6000000, 0x00000000c6000000|100%|HC|  |TAMS 0x00000000c6000000| PB 0x00000000c5f00000| Complete |  0
|  24|0x00000000c6000000, 0x00000000c6000000, 0x00000000c6100000|  0%| F|  |TAMS 0x00000000c6000000| PB 0x00000000c6000000| Untracked |  0
|  25|0x00000000c6100000, 0x00000000c6100000, 0x00000000c6200000|  0%| F|  |TAMS 0x00000000c6100000| PB 0x00000000c6100000| Untracked |  0
|  26|0x00000000c6200000, 0x00000000c6200000, 0x00000000c6300000|  0%| F|  |TAMS 0x00000000c6200000| PB 0x00000000c6200000| Untracked |  0
|  27|0x00000000c6300000, 0x00000000c6300000, 0x00000000c6400000|  0%| F|  |TAMS 0x00000000c6300000| PB 0x00000000c6300000| Untracked |  0
|  28|0x00000000c6400000, 0x00000000c6500000, 0x00000000c6500000|100%|HS|  |TAMS 0x00000000c6500000| PB 0x00000000c6400000| Complete |  0
|  29|0x00000000c6500000, 0x00000000c6600000, 0x00000000c6600000|100%|HC|  |TAMS 0x00000000c6600000| PB 0x00000000c6500000| Complete |  0
|  30|0x00000000c6600000, 0x00000000c6600000, 0x00000000c6700000|  0%| F|  |TAMS 0x00000000c6600000| PB 0x00000000c6600000| Untracked |  0
|  31|0x00000000c6700000, 0x00000000c6700000, 0x00000000c6800000|  0%| F|  |TAMS 0x00000000c6700000| PB 0x00000000c6700000| Untracked |  0
|  32|0x00000000c6800000, 0x00000000c6800000, 0x00000000c6900000|  0%| F|  |TAMS 0x00000000c6800000| PB 0x00000000c6800000| Untracked |  0
|  33|0x00000000c6900000, 0x00000000c6900000, 0x00000000c6a00000|  0%| F|  |TAMS 0x00000000c6900000| PB 0x00000000c6900000| Untracked |  0
|  34|0x00000000c6a00000, 0x00000000c6a00000, 0x00000000c6b00000|  0%| F|  |TAMS 0x00000000c6a00000| PB 0x00000000c6a00000| Untracked |  0
|  35|0x00000000c6b00000, 0x00000000c6b00000, 0x00000000c6c00000|  0%| F|  |TAMS 0x00000000c6b00000| PB 0x00000000c6b00000| Untracked |  0
|  36|0x00000000c6c00000, 0x00000000c6c00000, 0x00000000c6d00000|  0%| F|  |TAMS 0x00000000c6c00000| PB 0x00000000c6c00000| Untracked |  0
|  37|0x00000000c6d00000, 0x00000000c6d00000, 0x00000000c6e00000|  0%| F|  |TAMS 0x00000000c6d00000| PB 0x00000000c6d00000| Untracked |  0
|  38|0x00000000c6e00000, 0x00000000c6e00000, 0x00000000c6f00000|  0%| F|  |TAMS 0x00000000c6e00000| PB 0x00000000c6e00000| Untracked |  0
|  39|0x00000000c6f00000, 0x00000000c6f00000, 0x00000000c7000000|  0%| F|  |TAMS 0x00000000c6f00000| PB 0x00000000c6f00000| Untracked |  0
|  40|0x00000000c7000000, 0x00000000c7000000, 0x00000000c7100000|  0%| F|  |TAMS 0x00000000c7000000| PB 0x00000000c7000000| Untracked |  0
|  41|0x00000000c7100000, 0x00000000c7100000, 0x00000000c7200000|  0%| F|  |TAMS 0x00000000c7100000| PB 0x00000000c7100000| Untracked |  0
|  42|0x00000000c7200000, 0x00000000c7200000, 0x00000000c7300000|  0%| F|  |TAMS 0x00000000c7200000| PB 0x00000000c7200000| Untracked |  0
|  43|0x00000000c7300000, 0x00000000c7300000, 0x00000000c7400000|  0%| F|  |TAMS 0x00000000c7300000| PB 0x00000000c7300000| Untracked |  0
|  44|0x00000000c7400000, 0x00000000c7400000, 0x00000000c7500000|  0%| F|  |TAMS 0x00000000c7400000| PB 0x00000000c7400000| Untracked |  0
|  45|0x00000000c7500000, 0x00000000c7500000, 0x00000000c7600000|  0%| F|  |TAMS 0x00000000c7500000| PB 0x00000000c7500000| Untracked |  0
|  46|0x00000000c7600000, 0x00000000c7600000, 0x00000000c7700000|  0%| F|  |TAMS 0x00000000c7600000| PB 0x00000000c7600000| Untracked |  0
|  47|0x00000000c7700000, 0x00000000c7700000, 0x00000000c7800000|  0%| F|  |TAMS 0x00000000c7700000| PB 0x00000000c7700000| Untracked |  0
|  48|0x00000000c7800000, 0x00000000c7800000, 0x00000000c7900000|  0%| F|  |TAMS 0x00000000c7800000| PB 0x00000000c7800000| Untracked |  0
|  49|0x00000000c7900000, 0x00000000c7900000, 0x00000000c7a00000|  0%| F|  |TAMS 0x00000000c7900000| PB 0x00000000c7900000| Untracked |  0
|  50|0x00000000c7a00000, 0x00000000c7a00000, 0x00000000c7b00000|  0%| F|  |TAMS 0x00000000c7a00000| PB 0x00000000c7a00000| Untracked |  0
|  51|0x00000000c7b00000, 0x00000000c7b00000, 0x00000000c7c00000|  0%| F|  |TAMS 0x00000000c7b00000| PB 0x00000000c7b00000| Untracked |  0
|  52|0x00000000c7c00000, 0x00000000c7c00000, 0x00000000c7d00000|  0%| F|  |TAMS 0x00000000c7c00000| PB 0x00000000c7c00000| Untracked |  0
|  53|0x00000000c7d00000, 0x00000000c7d00000, 0x00000000c7e00000|  0%| F|  |TAMS 0x00000000c7d00000| PB 0x00000000c7d00000| Untracked |  0
|  54|0x00000000c7e00000, 0x00000000c7e00000, 0x00000000c7f00000|  0%| F|  |TAMS 0x00000000c7e00000| PB 0x00000000c7e00000| Untracked |  0
|  55|0x00000000c7f00000, 0x00000000c7f00000, 0x00000000c8000000|  0%| F|  |TAMS 0x00000000c7f00000| PB 0x00000000c7f00000| Untracked |  0
|  56|0x00000000c8000000, 0x00000000c8000000, 0x00000000c8100000|  0%| F|  |TAMS 0x00000000c8000000| PB 0x00000000c8000000| Untracked |  0
|  57|0x00000000c8100000, 0x00000000c8152070, 0x00000000c8200000| 32%| S|CS|TAMS 0x00000000c8100000| PB 0x00000000c8100000| Complete |  0
|  58|0x00000000c8200000, 0x00000000c8200000, 0x00000000c8300000|  0%| F|  |TAMS 0x00000000c8200000| PB 0x00000000c8200000| Untracked |  0
|  59|0x00000000c8300000, 0x00000000c8300000, 0x00000000c8400000|  0%| F|  |TAMS 0x00000000c8300000| PB 0x00000000c8300000| Untracked |  0

Card table byte_map: [0x000001a467310000,0x000001a4674f0000] _byte_map_base: 0x000001a466cec000

Marking Bits: (CMBitMap*) 0x000001a44fa1f5f0
 Bits: [0x000001a4674f0000, 0x000001a4683d0000)

Polling page: 0x000001a44d810000

Metaspace:

Usage:
  Non-class:      6.55 MB used.
      Class:    771.06 KB used.
       Both:      7.30 MB used.

Virtual space:
  Non-class space:       64.00 MB reserved,       6.62 MB ( 10%) committed,  1 nodes.
      Class space:        1.00 GB reserved,     896.00 KB ( <1%) committed,  1 nodes.
             Both:        1.06 GB reserved,       7.50 MB ( <1%) committed. 

Chunk freelists:
   Non-Class:  9.00 MB
       Class:  15.11 MB
        Both:  24.11 MB

MaxMetaspaceSize: unlimited
CompressedClassSpaceSize: 1.00 GB
Initial GC threshold: 21.00 MB
Current GC threshold: 21.00 MB
CDS: on
 - commit_granule_bytes: 65536.
 - commit_granule_words: 8192.
 - virtual_space_node_default_size: 8388608.
 - enlarge_chunks_in_place: 1.
 - use_allocation_guard: 0.


Internal statistics:

num_allocs_failed_limit: 0.
num_arena_births: 162.
num_arena_deaths: 0.
num_vsnodes_births: 2.
num_vsnodes_deaths: 0.
num_space_committed: 120.
num_space_uncommitted: 0.
num_chunks_returned_to_freelist: 0.
num_chunks_taken_from_freelist: 207.
num_chunk_merges: 0.
num_chunk_splits: 120.
num_chunks_enlarged: 48.
num_inconsistent_stats: 0.

CodeHeap 'non-profiled nmethods': size=120064Kb used=499Kb max_used=499Kb free=119564Kb
 bounds [0x000001a45fbf0000, 0x000001a45fe60000, 0x000001a467130000]
CodeHeap 'profiled nmethods': size=120000Kb used=1779Kb max_used=1779Kb free=118220Kb
 bounds [0x000001a458130000, 0x000001a4583a0000, 0x000001a45f660000]
CodeHeap 'non-nmethods': size=5696Kb used=1535Kb max_used=1628Kb free=4160Kb
 bounds [0x000001a45f660000, 0x000001a45f8d0000, 0x000001a45fbf0000]
CodeCache: size=245760Kb, used=3813Kb, max_used=3906Kb, free=241944Kb
 total_blobs=2017, nmethods=1397, adapters=525, full_count=0
Compilation: enabled, stopped_count=0, restarted_count=0

Compilation events (20 events):
Event: 4.688 Thread 0x000001a46a98dc40 1388       4       sun.java2d.StateTrackableDelegate::markDirty (6 bytes)
Event: 4.691 Thread 0x000001a46a98dc40 nmethod 1388 0x000001a45fc6cb88 code [0x000001a45fc6cc80, 0x000001a45fc6cd50]
Event: 4.693 Thread 0x000001a46a991850 1389       3       java.awt.image.SinglePixelPackedSampleModel::<init> (243 bytes)
Event: 4.696 Thread 0x000001a46a991850 nmethod 1389 0x000001a4582e7488 code [0x000001a4582e76a0, 0x000001a4582e83a0]
Event: 4.696 Thread 0x000001a46a991850 1390       3       sun.java2d.SunGraphics2D::setComposite (224 bytes)
Event: 4.698 Thread 0x000001a46a991850 nmethod 1390 0x000001a4582e8408 code [0x000001a4582e8600, 0x000001a4582e9578]
Event: 4.698 Thread 0x000001a46a991850 1391       3       sun.java2d.loops.CompositeType::forAlphaComposite (152 bytes)
Event: 4.699 Thread 0x000001a46a991850 nmethod 1391 0x000001a4582e9608 code [0x000001a4582e9800, 0x000001a4582e9ea0]
Event: 4.699 Thread 0x000001a46a991850 1392       3       java.util.concurrent.locks.LockSupport::setCurrentBlocker (14 bytes)
Event: 4.699 Thread 0x000001a46a991850 nmethod 1392 0x000001a4582e9f08 code [0x000001a4582ea020, 0x000001a4582ea248]
Event: 4.707 Thread 0x000001a46a991850 1393       3       sun.awt.SunToolkit::wakeupEventQueue (11 bytes)
Event: 4.708 Thread 0x000001a46a991850 nmethod 1393 0x000001a4582ea288 code [0x000001a4582ea440, 0x000001a4582eaa28]
Event: 4.709 Thread 0x000001a46a991850 1394       3       sun.awt.AWTAccessor::getEventQueueAccessor (19 bytes)
Event: 4.710 Thread 0x000001a46a991850 nmethod 1394 0x000001a4582eaa88 code [0x000001a4582eac20, 0x000001a4582eb098]
Event: 4.710 Thread 0x000001a46a991850 1395       3       java.awt.EventQueue$2::wakeup (6 bytes)
Event: 4.710 Thread 0x000001a46a991850 nmethod 1395 0x000001a4582eb108 code [0x000001a4582eb220, 0x000001a4582eb368]
Event: 4.710 Thread 0x000001a46a991850 1396   !   3       java.awt.EventQueue::wakeup (79 bytes)
Event: 4.711 Thread 0x000001a46a991850 nmethod 1396 0x000001a4582eb408 code [0x000001a4582eb5e0, 0x000001a4582ebdd8]
Event: 4.714 Thread 0x000001a46a991850 1397   !   3       sun.awt.PostEventQueue::postEvent (81 bytes)
Event: 4.716 Thread 0x000001a46a991850 nmethod 1397 0x000001a4582ebe88 code [0x000001a4582ec0a0, 0x000001a4582ecd18]

GC Heap History (17 events):
Event: 1.412 GC heap before
{Heap before GC invocations=0 (full 0):
 garbage-first heap   total reserved 974848K, committed 61440K, used 24576K [0x00000000c4800000, 0x0000000100000000)
  region size 1024K, 14 young (14336K), 0 survivors (0K)
 Metaspace       used 5193K, committed 5440K, reserved 1114112K
  class space    used 535K, committed 640K, reserved 1048576K
}
Event: 1.420 GC heap after
{Heap after GC invocations=1 (full 0):
 garbage-first heap   total reserved 974848K, committed 61440K, used 13832K [0x00000000c4800000, 0x0000000100000000)
  region size 1024K, 2 young (2048K), 2 survivors (2048K)
 Metaspace       used 5193K, committed 5440K, reserved 1114112K
  class space    used 535K, committed 640K, reserved 1048576K
}
Event: 3.517 GC heap before
{Heap before GC invocations=1 (full 0):
 garbage-first heap   total reserved 974848K, committed 61440K, used 32264K [0x00000000c4800000, 0x0000000100000000)
  region size 1024K, 15 young (15360K), 2 survivors (2048K)
 Metaspace       used 7292K, committed 7488K, reserved 1114112K
  class space    used 768K, committed 896K, reserved 1048576K
}
Event: 3.524 GC heap after
{Heap after GC invocations=2 (full 0):
 garbage-first heap   total reserved 974848K, committed 61440K, used 14807K [0x00000000c4800000, 0x0000000100000000)
  region size 1024K, 1 young (1024K), 1 survivors (1024K)
 Metaspace       used 7292K, committed 7488K, reserved 1114112K
  class space    used 768K, committed 896K, reserved 1048576K
}
Event: 4.141 GC heap before
{Heap before GC invocations=2 (full 0):
 garbage-first heap   total reserved 974848K, committed 61440K, used 32215K [0x00000000c4800000, 0x0000000100000000)
  region size 1024K, 7 young (7168K), 1 survivors (1024K)
 Metaspace       used 7361K, committed 7552K, reserved 1114112K
  class space    used 771K, committed 896K, reserved 1048576K
}
Event: 4.143 GC heap after
{Heap after GC invocations=3 (full 0):
 garbage-first heap   total reserved 974848K, committed 61440K, used 27551K [0x00000000c4800000, 0x0000000100000000)
  region size 1024K, 1 young (1024K), 1 survivors (1024K)
 Metaspace       used 7361K, committed 7552K, reserved 1114112K
  class space    used 771K, committed 896K, reserved 1048576K
}
Event: 4.165 GC heap before
{Heap before GC invocations=3 (full 0):
 garbage-first heap   total reserved 974848K, committed 61440K, used 28575K [0x00000000c4800000, 0x0000000100000000)
  region size 1024K, 2 young (2048K), 1 survivors (1024K)
 Metaspace       used 7362K, committed 7552K, reserved 1114112K
  class space    used 771K, committed 896K, reserved 1048576K
}
Event: 4.168 GC heap after
{Heap after GC invocations=4 (full 0):
 garbage-first heap   total reserved 974848K, committed 61440K, used 16270K [0x00000000c4800000, 0x0000000100000000)
  region size 1024K, 1 young (1024K), 1 survivors (1024K)
 Metaspace       used 7362K, committed 7552K, reserved 1114112K
  class space    used 771K, committed 896K, reserved 1048576K
}
Event: 4.438 GC heap before
{Heap before GC invocations=4 (full 0):
 garbage-first heap   total reserved 974848K, committed 61440K, used 27534K [0x00000000c4800000, 0x0000000100000000)
  region size 1024K, 2 young (2048K), 1 survivors (1024K)
 Metaspace       used 7435K, committed 7680K, reserved 1114112K
  class space    used 771K, committed 896K, reserved 1048576K
}
Event: 4.440 GC heap after
{Heap after GC invocations=5 (full 0):
 garbage-first heap   total reserved 974848K, committed 61440K, used 26486K [0x00000000c4800000, 0x0000000100000000)
  region size 1024K, 1 young (1024K), 1 survivors (1024K)
 Metaspace       used 7435K, committed 7680K, reserved 1114112K
  class space    used 771K, committed 896K, reserved 1048576K
}
Event: 4.466 GC heap before
{Heap before GC invocations=5 (full 0):
 garbage-first heap   total reserved 974848K, committed 61440K, used 27510K [0x00000000c4800000, 0x0000000100000000)
  region size 1024K, 2 young (2048K), 1 survivors (1024K)
 Metaspace       used 7436K, committed 7680K, reserved 1114112K
  class space    used 771K, committed 896K, reserved 1048576K
}
Event: 4.468 GC heap after
{Heap after GC invocations=6 (full 0):
 garbage-first heap   total reserved 974848K, committed 61440K, used 16257K [0x00000000c4800000, 0x0000000100000000)
  region size 1024K, 1 young (1024K), 1 survivors (1024K)
 Metaspace       used 7436K, committed 7680K, reserved 1114112K
  class space    used 771K, committed 896K, reserved 1048576K
}
Event: 4.588 GC heap before
{Heap before GC invocations=6 (full 0):
 garbage-first heap   total reserved 974848K, committed 61440K, used 26497K [0x00000000c4800000, 0x0000000100000000)
  region size 1024K, 2 young (2048K), 1 survivors (1024K)
 Metaspace       used 7437K, committed 7680K, reserved 1114112K
  class space    used 771K, committed 896K, reserved 1048576K
}
Event: 4.590 GC heap after
{Heap after GC invocations=7 (full 0):
 garbage-first heap   total reserved 974848K, committed 61440K, used 25455K [0x00000000c4800000, 0x0000000100000000)
  region size 1024K, 1 young (1024K), 1 survivors (1024K)
 Metaspace       used 7437K, committed 7680K, reserved 1114112K
  class space    used 771K, committed 896K, reserved 1048576K
}
Event: 4.616 GC heap before
{Heap before GC invocations=7 (full 0):
 garbage-first heap   total reserved 974848K, committed 61440K, used 27503K [0x00000000c4800000, 0x0000000100000000)
  region size 1024K, 2 young (2048K), 1 survivors (1024K)
 Metaspace       used 7437K, committed 7680K, reserved 1114112K
  class space    used 771K, committed 896K, reserved 1048576K
}
Event: 4.617 GC heap after
{Heap after GC invocations=8 (full 0):
 garbage-first heap   total reserved 974848K, committed 61440K, used 18310K [0x00000000c4800000, 0x0000000100000000)
  region size 1024K, 1 young (1024K), 1 survivors (1024K)
 Metaspace       used 7437K, committed 7680K, reserved 1114112K
  class space    used 771K, committed 896K, reserved 1048576K
}
Event: 4.719 GC heap before
{Heap before GC invocations=8 (full 0):
 garbage-first heap   total reserved 974848K, committed 61440K, used 26502K [0x00000000c4800000, 0x0000000100000000)
  region size 1024K, 2 young (2048K), 1 survivors (1024K)
 Metaspace       used 7478K, committed 7680K, reserved 1114112K
  class space    used 771K, committed 896K, reserved 1048576K
}

Dll operation events (12 events):
Event: 0.027 Loaded shared library C:\Program Files\Java\jdk-23\bin\java.dll
Event: 0.119 Loaded shared library C:\Program Files\Java\jdk-23\bin\jsvml.dll
Event: 0.264 Loaded shared library C:\Program Files\Java\jdk-23\bin\zip.dll
Event: 0.270 Loaded shared library C:\Program Files\Java\jdk-23\bin\instrument.dll
Event: 0.282 Loaded shared library C:\Program Files\Java\jdk-23\bin\net.dll
Event: 0.286 Loaded shared library C:\Program Files\Java\jdk-23\bin\nio.dll
Event: 0.304 Loaded shared library C:\Program Files\Java\jdk-23\bin\zip.dll
Event: 0.355 Loaded shared library C:\Program Files\Java\jdk-23\bin\extnet.dll
Event: 0.361 Loaded shared library C:\Program Files\Java\jdk-23\bin\jimage.dll
Event: 0.396 Loaded shared library C:\Program Files\Java\jdk-23\bin\awt.dll
Event: 2.036 Loaded shared library C:\Program Files\Java\jdk-23\bin\freetype.dll
Event: 2.041 Loaded shared library C:\Program Files\Java\jdk-23\bin\fontmanager.dll

Deoptimization events (20 events):
Event: 1.909 Thread 0x000001a445380810 DEOPT PACKING pc=0x000001a458243d18 sp=0x00000086d41ff430
Event: 1.909 Thread 0x000001a445380810 DEOPT UNPACKING pc=0x000001a45f6b4b22 sp=0x00000086d41fe8c0 mode 0
Event: 1.949 Thread 0x000001a445380810 Uncommon trap: trap_request=0xffffff45 fr.pc=0x000001a45fc2ed6c relative=0x0000000000002bec
Event: 1.949 Thread 0x000001a445380810 Uncommon trap: reason=unstable_if action=reinterpret pc=0x000001a45fc2ed6c method=sun.awt.image.PNGImageDecoder.produceImage()V @ 867 c2
Event: 1.949 Thread 0x000001a445380810 DEOPT PACKING pc=0x000001a45fc2ed6c sp=0x00000086d41ff5c0
Event: 1.950 Thread 0x000001a445380810 DEOPT UNPACKING pc=0x000001a45f6b4402 sp=0x00000086d41ff560 mode 2
Event: 1.950 Thread 0x000001a445380810 DEOPT PACKING pc=0x000001a45823d014 sp=0x00000086d41ff360
Event: 1.950 Thread 0x000001a445380810 DEOPT UNPACKING pc=0x000001a45f6b4b22 sp=0x00000086d41fe830 mode 0
Event: 1.957 Thread 0x000001a44d5c0220 Uncommon trap: trap_request=0xffffff45 fr.pc=0x000001a45fc22afc relative=0x000000000000011c
Event: 1.957 Thread 0x000001a44d5c0220 Uncommon trap: reason=unstable_if action=reinterpret pc=0x000001a45fc22afc method=java.lang.ref.ReferenceQueue.headIsNull()Z @ 4 c2
Event: 1.957 Thread 0x000001a44d5c0220 DEOPT PACKING pc=0x000001a45fc22afc sp=0x00000086d2bff130
Event: 1.957 Thread 0x000001a44d5c0220 DEOPT UNPACKING pc=0x000001a45f6b4402 sp=0x00000086d2bfeff0 mode 2
Event: 2.062 Thread 0x000001a44d5c0220 Uncommon trap: trap_request=0xffffff45 fr.pc=0x000001a45fc1fa14 relative=0x0000000000000214
Event: 2.062 Thread 0x000001a44d5c0220 Uncommon trap: reason=unstable_if action=reinterpret pc=0x000001a45fc1fa14 method=java.lang.StringUTF16.compress([CI[BII)I @ 20 c2
Event: 2.062 Thread 0x000001a44d5c0220 DEOPT PACKING pc=0x000001a45fc1fa14 sp=0x00000086d2bfe040
Event: 2.062 Thread 0x000001a44d5c0220 DEOPT UNPACKING pc=0x000001a45f6b4402 sp=0x00000086d2bfdfb0 mode 2
Event: 2.391 Thread 0x000001a445344a40 Uncommon trap: trap_request=0xffffff45 fr.pc=0x000001a45fc24c98 relative=0x0000000000000978
Event: 2.391 Thread 0x000001a445344a40 Uncommon trap: reason=unstable_if action=reinterpret pc=0x000001a45fc24c98 method=java.util.HashMap.putVal(ILjava/lang/Object;Ljava/lang/Object;ZZ)Ljava/lang/Object; @ 181 c2
Event: 2.391 Thread 0x000001a445344a40 DEOPT PACKING pc=0x000001a45fc24c98 sp=0x00000086d46fd180
Event: 2.391 Thread 0x000001a445344a40 DEOPT UNPACKING pc=0x000001a45f6b4402 sp=0x00000086d46fd0c8 mode 2

Classes loaded (20 events):
Event: 2.401 Loading class sun/font/CMap
Event: 2.402 Loading class sun/font/CMap done
Event: 2.402 Loading class sun/font/CMap$NullCMapClass
Event: 2.402 Loading class sun/font/CMap$NullCMapClass done
Event: 2.403 Loading class sun/font/CMap$CMapFormat4
Event: 2.403 Loading class sun/font/CMap$CMapFormat4 done
Event: 2.403 Loading class java/nio/ByteBufferAsCharBufferB
Event: 2.404 Loading class java/nio/ByteBufferAsCharBufferB done
Event: 2.415 Loading class sun/font/FontDesignMetrics$KeyReference
Event: 2.415 Loading class sun/font/FontDesignMetrics$KeyReference done
Event: 2.415 Loading class sun/awt/image/BufImgSurfaceManager
Event: 2.416 Loading class sun/awt/image/BufImgSurfaceManager done
Event: 3.949 Loading class java/awt/event/MouseEvent$1
Event: 3.949 Loading class sun/awt/AWTAccessor$MouseEventAccessor
Event: 3.949 Loading class sun/awt/AWTAccessor$MouseEventAccessor done
Event: 3.949 Loading class java/awt/event/MouseEvent$1 done
Event: 3.951 Loading class java/awt/Cursor$CursorDisposer
Event: 3.951 Loading class java/awt/Cursor$CursorDisposer done
Event: 3.954 Loading class java/awt/event/MouseWheelEvent
Event: 3.954 Loading class java/awt/event/MouseWheelEvent done

Classes unloaded (0 events):
No events

Classes redefined (0 events):
No events

Internal exceptions (15 events):
Event: 0.333 Thread 0x000001a44d5c0220 Exception <a 'java/lang/NoSuchMethodError'{0x00000000c8156a10}: 'java.lang.Object java.lang.invoke.Invokers$Holder.invokeExact_MT(java.lang.Object, java.lang.Object, java.lang.Object, java.lang.Object, java.lang.Object)'> (0x00000000c8156a10) 
thrown [s\open\src\hotspot\share\interpreter\linkResolver.cpp, line 796]
Event: 0.359 Thread 0x000001a4451f0fe0 Exception <a 'java/lang/NoSuchMethodError'{0x00000000c8198420}: 'void java.lang.invoke.DirectMethodHandle$Holder.invokeStatic(java.lang.Object, java.lang.Object)'> (0x00000000c8198420) 
thrown [s\open\src\hotspot\share\interpreter\linkResolver.cpp, line 796]
Event: 0.376 Thread 0x000001a44d5c0220 Exception <a 'java/lang/ClassNotFoundException'{0x00000000c8178908}: sun/awt/resources/spi/awtProvider> (0x00000000c8178908) 
thrown [s\open\src\hotspot\share\classfile\systemDictionary.cpp, line 313]
Event: 0.420 Thread 0x000001a44d5c0220 Exception <a 'java/io/FileNotFoundException'{0x00000000c8011828}> (0x00000000c8011828) 
thrown [s\open\src\hotspot\share\prims\jni.cpp, line 520]
Event: 0.436 Thread 0x000001a44d5c0220 Exception <a 'java/io/FileNotFoundException'{0x00000000c803f9b0}> (0x00000000c803f9b0) 
thrown [s\open\src\hotspot\share\prims\jni.cpp, line 520]
Event: 0.637 Thread 0x000001a44d5c0220 Exception <a 'java/lang/NoSuchMethodError'{0x00000000c7f480d8}: 'void java.lang.invoke.DirectMethodHandle$Holder.invokeSpecial(java.lang.Object, java.lang.Object, java.lang.Object)'> (0x00000000c7f480d8) 
thrown [s\open\src\hotspot\share\interpreter\linkResolver.cpp, line 796]
Event: 0.676 Thread 0x000001a44d5c0220 Exception <a 'java/lang/NoSuchMethodError'{0x00000000c7f97bb0}: 'java.lang.Object java.lang.invoke.DirectMethodHandle$Holder.invokeStatic(java.lang.Object, int, java.lang.Object)'> (0x00000000c7f97bb0) 
thrown [s\open\src\hotspot\share\interpreter\linkResolver.cpp, line 796]
Event: 0.752 Thread 0x000001a44d5c0220 Exception <a 'java/lang/ClassNotFoundException'{0x00000000c7e3eb88}: com/sun/swing/internal/plaf/metal/resources/spi/metalProvider> (0x00000000c7e3eb88) 
thrown [s\open\src\hotspot\share\classfile\systemDictionary.cpp, line 313]
Event: 0.756 Thread 0x000001a44d5c0220 Exception <a 'java/lang/ClassNotFoundException'{0x00000000c7e42b48}: com/sun/swing/internal/plaf/basic/resources/spi/basicProvider> (0x00000000c7e42b48) 
thrown [s\open\src\hotspot\share\classfile\systemDictionary.cpp, line 313]
Event: 0.792 Thread 0x000001a44d5c0220 Exception <a 'java/lang/NoSuchMethodError'{0x00000000c7e5f5e0}: 'int java.lang.invoke.Invokers$Holder.invokeExact_MT(java.lang.Object, java.lang.Object)'> (0x00000000c7e5f5e0) 
thrown [s\open\src\hotspot\share\interpreter\linkResolver.cpp, line 796]
Event: 1.002 Thread 0x000001a445380810 Exception <a 'java/lang/NoSuchMethodError'{0x00000000c7c40350}: 'java.lang.Object java.lang.invoke.DirectMethodHandle$Holder.newInvokeSpecial(java.lang.Object, java.lang.Object, java.lang.Object, int, int, int, int, int)'> (0x00000000c7c40350) 
thrown [s\open\src\hotspot\share\interpreter\linkResolver.cpp, line 796]
Event: 1.977 Thread 0x000001a445322f10 Exception <a 'java/lang/NoSuchMethodError'{0x00000000c7e082d0}: 'void java.lang.invoke.DirectMethodHandle$Holder.invokeVirtual(java.lang.Object, java.lang.Object)'> (0x00000000c7e082d0) 
thrown [s\open\src\hotspot\share\interpreter\linkResolver.cpp, line 796]
Event: 2.026 Thread 0x000001a44d5c0220 Exception <a 'java/lang/NoSuchMethodError'{0x00000000c82e1130}: 'void java.lang.invoke.DirectMethodHandle$Holder.invokeStaticInit(java.lang.Object)'> (0x00000000c82e1130) 
thrown [s\open\src\hotspot\share\interpreter\linkResolver.cpp, line 796]
Event: 2.420 Thread 0x000001a445344a40 Exception <a 'sun/java2d/InvalidPipeException'{0x00000000c7ed3928}: bounds changed> (0x00000000c7ed3928) 
thrown [s\open\src\hotspot\share\prims\jni.cpp, line 539]
Event: 2.427 Thread 0x000001a445344a40 Exception <a 'sun/java2d/InvalidPipeException'{0x00000000c7ed3f68}: bounds changed> (0x00000000c7ed3f68) 
thrown [s\open\src\hotspot\share\prims\jni.cpp, line 539]

VM Operations (20 events):
Event: 1.506 Executing VM operation: HandshakeAllThreads (Deoptimize) done
Event: 1.996 Executing VM operation: HandshakeAllThreads (Deoptimize)
Event: 1.996 Executing VM operation: HandshakeAllThreads (Deoptimize) done
Event: 2.046 Executing VM operation: HandshakeAllThreads (Deoptimize)
Event: 2.046 Executing VM operation: HandshakeAllThreads (Deoptimize) done
Event: 3.517 Executing VM operation: G1CollectForAllocation (G1 Evacuation Pause)
Event: 3.524 Executing VM operation: G1CollectForAllocation (G1 Evacuation Pause) done
Event: 4.141 Executing VM operation: G1TryInitiateConcMark (G1 Humongous Allocation)
Event: 4.143 Executing VM operation: G1TryInitiateConcMark (G1 Humongous Allocation) done
Event: 4.165 Executing VM operation: G1TryInitiateConcMark (G1 Humongous Allocation)
Event: 4.168 Executing VM operation: G1TryInitiateConcMark (G1 Humongous Allocation) done
Event: 4.438 Executing VM operation: G1TryInitiateConcMark (G1 Humongous Allocation)
Event: 4.440 Executing VM operation: G1TryInitiateConcMark (G1 Humongous Allocation) done
Event: 4.466 Executing VM operation: G1TryInitiateConcMark (G1 Humongous Allocation)
Event: 4.468 Executing VM operation: G1TryInitiateConcMark (G1 Humongous Allocation) done
Event: 4.588 Executing VM operation: G1TryInitiateConcMark (G1 Humongous Allocation)
Event: 4.590 Executing VM operation: G1TryInitiateConcMark (G1 Humongous Allocation) done
Event: 4.616 Executing VM operation: G1TryInitiateConcMark (G1 Humongous Allocation)
Event: 4.617 Executing VM operation: G1TryInitiateConcMark (G1 Humongous Allocation) done
Event: 4.719 Executing VM operation: G1TryInitiateConcMark (G1 Humongous Allocation)

Memory protections (0 events):
No events

Nmethod flushes (0 events):
No events

Events (20 events):
Event: 0.070 Thread 0x000001a44d5c0220 Thread added: 0x000001a44d5c0220
Event: 0.114 Thread 0x000001a44d5c0220 Thread added: 0x000001a46a972ad0
Event: 0.114 Thread 0x000001a44d5c0220 Thread added: 0x000001a46a9754c0
Event: 0.114 Thread 0x000001a44d5c0220 Thread added: 0x000001a46a976670
Event: 0.114 Thread 0x000001a44d5c0220 Thread added: 0x000001a46a978cf0
Event: 0.115 Thread 0x000001a44d5c0220 Thread added: 0x000001a46a979360
Event: 0.115 Thread 0x000001a44d5c0220 Thread added: 0x000001a46a981140
Event: 0.115 Thread 0x000001a44d5c0220 Thread added: 0x000001a46a98dc40
Event: 0.115 Thread 0x000001a44d5c0220 Thread added: 0x000001a46a991850
Event: 0.185 Thread 0x000001a44d5c0220 Thread added: 0x000001a46a94a640
Event: 0.337 Thread 0x000001a44d5c0220 Thread added: 0x000001a4451f0fe0
Event: 0.337 Thread 0x000001a44d5c0220 Thread added: 0x000001a4451f1e80
Event: 0.530 Thread 0x000001a44d5c0220 Thread added: 0x000001a4453186c0
Event: 0.532 Thread 0x000001a44d5c0220 Thread added: 0x000001a44531bdd0
Event: 0.534 Thread 0x000001a44d5c0220 Thread added: 0x000001a445322f10
Event: 0.814 Thread 0x000001a44d5c0220 Thread added: 0x000001a445380810
Event: 1.558 Thread 0x000001a44531bdd0 Thread exited: 0x000001a44531bdd0
Event: 1.960 Thread 0x000001a44d5c0220 Thread added: 0x000001a44531c780
Event: 1.966 Thread 0x000001a445322f10 Thread added: 0x000001a44531e5f0
Event: 1.982 Thread 0x000001a445322f10 Thread added: 0x000001a445344a40


Dynamic libraries:
0x00007ff778860000 - 0x00007ff778870000 	C:\Program Files\Java\jdk-23\bin\java.exe
0x00007ffbecbb0000 - 0x00007ffbecdc7000 	C:\Windows\SYSTEM32\ntdll.dll
0x00007ffbebdd0000 - 0x00007ffbebe94000 	C:\Windows\System32\KERNEL32.DLL
0x00007ffbea470000 - 0x00007ffbea843000 	C:\Windows\System32\KERNELBASE.dll
0x00007ffbea1e0000 - 0x00007ffbea2f1000 	C:\Windows\System32\ucrtbase.dll
0x00007ffbd29b0000 - 0x00007ffbd29cb000 	C:\Program Files\Java\jdk-23\bin\VCRUNTIME140.dll
0x00007ffbd29d0000 - 0x00007ffbd29e7000 	C:\Program Files\Java\jdk-23\bin\jli.dll
0x00007ffbea8e0000 - 0x00007ffbeaa91000 	C:\Windows\System32\USER32.dll
0x00007ffbdfd80000 - 0x00007ffbe0018000 	C:\Windows\WinSxS\amd64_microsoft.windows.common-controls_6595b64144ccf1df_6.0.22621.5124_none_270e8f4f7386d69d\COMCTL32.dll
0x00007ffbe9cc0000 - 0x00007ffbe9ce6000 	C:\Windows\System32\win32u.dll
0x00007ffbeac20000 - 0x00007ffbeacc7000 	C:\Windows\System32\msvcrt.dll
0x00007ffbeaaa0000 - 0x00007ffbeaac9000 	C:\Windows\System32\GDI32.dll
0x00007ffbea0c0000 - 0x00007ffbea1db000 	C:\Windows\System32\gdi32full.dll
0x00007ffbe9d20000 - 0x00007ffbe9dba000 	C:\Windows\System32\msvcp_win.dll
0x00007ffbeaad0000 - 0x00007ffbeab01000 	C:\Windows\System32\IMM32.DLL
0x00007ffbe3710000 - 0x00007ffbe371c000 	C:\Program Files\Java\jdk-23\bin\vcruntime140_1.dll
0x00007ffbbe720000 - 0x00007ffbbe7ae000 	C:\Program Files\Java\jdk-23\bin\msvcp140.dll
0x00007ffb7c7f0000 - 0x00007ffb7d540000 	C:\Program Files\Java\jdk-23\bin\server\jvm.dll
0x00007ffbec270000 - 0x00007ffbec321000 	C:\Windows\System32\ADVAPI32.dll
0x00007ffbecac0000 - 0x00007ffbecb68000 	C:\Windows\System32\sechost.dll
0x00007ffbe9cf0000 - 0x00007ffbe9d18000 	C:\Windows\System32\bcrypt.dll
0x00007ffbec8d0000 - 0x00007ffbec9e4000 	C:\Windows\System32\RPCRT4.dll
0x00007ffbec330000 - 0x00007ffbec3a1000 	C:\Windows\System32\WS2_32.dll
0x00007ffbe9b90000 - 0x00007ffbe9bdd000 	C:\Windows\SYSTEM32\POWRPROF.dll
0x00007ffbe41b0000 - 0x00007ffbe41e4000 	C:\Windows\SYSTEM32\WINMM.dll
0x00007ffbe4030000 - 0x00007ffbe403a000 	C:\Windows\SYSTEM32\VERSION.dll
0x00007ffbe9b70000 - 0x00007ffbe9b83000 	C:\Windows\SYSTEM32\UMPDC.dll
0x00007ffbe8cf0000 - 0x00007ffbe8d08000 	C:\Windows\SYSTEM32\kernel.appcore.dll
0x00007ffbdf1b0000 - 0x00007ffbdf1ba000 	C:\Program Files\Java\jdk-23\bin\jimage.dll
0x00007ffbe7640000 - 0x00007ffbe7872000 	C:\Windows\SYSTEM32\DBGHELP.DLL
0x00007ffbeb870000 - 0x00007ffbebc02000 	C:\Windows\System32\combase.dll
0x00007ffbec030000 - 0x00007ffbec107000 	C:\Windows\System32\OLEAUT32.dll
0x00007ffbe3370000 - 0x00007ffbe33a2000 	C:\Windows\SYSTEM32\dbgcore.DLL
0x00007ffbe9fc0000 - 0x00007ffbea03b000 	C:\Windows\System32\bcryptPrimitives.dll
0x00007ffbded60000 - 0x00007ffbded6f000 	C:\Program Files\Java\jdk-23\bin\instrument.dll
0x00007ffbd2990000 - 0x00007ffbd29ae000 	C:\Program Files\Java\jdk-23\bin\java.dll
0x00007ffbeace0000 - 0x00007ffbeae81000 	C:\Windows\System32\ole32.dll
0x00007ffbeaf00000 - 0x00007ffbeb796000 	C:\Windows\System32\SHELL32.dll
0x00007ffbe9dc0000 - 0x00007ffbe9eff000 	C:\Windows\System32\wintypes.dll
0x00007ffbe7be0000 - 0x00007ffbe84fa000 	C:\Windows\SYSTEM32\windows.storage.dll
0x00007ffbec110000 - 0x00007ffbec21a000 	C:\Windows\System32\SHCORE.dll
0x00007ffbeae90000 - 0x00007ffbeaef3000 	C:\Windows\System32\shlwapi.dll
0x00007ffbe9bf0000 - 0x00007ffbe9c1b000 	C:\Windows\SYSTEM32\profapi.dll
0x00007ffbbcd00000 - 0x00007ffbbcdd7000 	C:\Program Files\Java\jdk-23\bin\jsvml.dll
0x00007ffbcb880000 - 0x00007ffbcb897000 	C:\Program Files\Java\jdk-23\bin\zip.dll
0x00007ffbd5a80000 - 0x00007ffbd5a90000 	C:\Program Files\Java\jdk-23\bin\net.dll
0x00007ffbe9170000 - 0x00007ffbe91da000 	C:\Windows\system32\mswsock.dll
0x00007ffbca4b0000 - 0x00007ffbca4c6000 	C:\Program Files\Java\jdk-23\bin\nio.dll
0x00007ffbd59f0000 - 0x00007ffbd59f9000 	C:\Program Files\Java\jdk-23\bin\extnet.dll
0x00007ffbb2e90000 - 0x00007ffbb301e000 	C:\Program Files\Java\jdk-23\bin\awt.dll
0x00007ffbe63f0000 - 0x00007ffbe6487000 	C:\Windows\SYSTEM32\apphelp.dll
0x00007ffbe70d0000 - 0x00007ffbe70fe000 	C:\Windows\system32\DWMAPI.DLL
0x00007ffbe6e60000 - 0x00007ffbe6f13000 	C:\Windows\system32\uxtheme.dll
0x00007ffbd3d40000 - 0x00007ffbd3e40000 	C:\Windows\system32\opengl32.dll
0x00007ffbd1240000 - 0x00007ffbd126d000 	C:\Windows\SYSTEM32\GLU32.dll
0x00007ffbe6f60000 - 0x00007ffbe6f97000 	C:\Windows\SYSTEM32\dxcore.dll
0x00007ffbebea0000 - 0x00007ffbec000000 	C:\Windows\System32\MSCTF.dll
0x00007ffbad190000 - 0x00007ffbad217000 	C:\Program Files\Java\jdk-23\bin\freetype.dll
0x00007ffba84f0000 - 0x00007ffba85c7000 	C:\Program Files\Java\jdk-23\bin\fontmanager.dll
0x00007ffbd61a0000 - 0x00007ffbd62e4000 	C:\Windows\SYSTEM32\textinputframework.dll
0x00007ffbe5780000 - 0x00007ffbe58b5000 	C:\Windows\SYSTEM32\CoreMessaging.dll
0x00007ffbdc4f0000 - 0x00007ffbdc85c000 	C:\Windows\SYSTEM32\CoreUIComponents.dll
0x00007ffbe93c0000 - 0x00007ffbe93cc000 	C:\Windows\SYSTEM32\CRYPTBASE.DLL

dbghelp: loaded successfully - version: 4.0.5 - missing functions: none
symbol engine: initialized successfully - sym options: 0x614 - pdb path: .;C:\Program Files\Java\jdk-23\bin;C:\Windows\SYSTEM32;C:\Windows\WinSxS\amd64_microsoft.windows.common-controls_6595b64144ccf1df_6.0.22621.5124_none_270e8f4f7386d69d;C:\Program Files\Java\jdk-23\bin\server

VM Arguments:
jvm_args: -javaagent:C:\Program Files\JetBrains\IntelliJ IDEA Community Edition 2025.1\lib\idea_rt.jar=51605 -Dfile.encoding=UTF-8 -Dsun.stdout.encoding=UTF-8 -Dsun.stderr.encoding=UTF-8 
java_command: university.management.system.Splash
java_class_path (initial): C:\Users\furqan computers\OneDrive\Desktop\university management system\out\production\university management system;C:\Users\furqan computers\Downloads\mysql-connector-java-8.0.28 (2).jar;C:\Users\furqan computers\Downloads\jcalendar-tz-1.3.3-4.jar;C:\Users\furqan computers\Downloads\ResultSet2xml.jar
Launcher Type: SUN_STANDARD

[Global flags]
     intx CICompilerCount                          = 3                                         {product} {ergonomic}
     uint ConcGCThreads                            = 1                                         {product} {ergonomic}
     uint G1ConcRefinementThreads                  = 4                                         {product} {ergonomic}
   size_t G1HeapRegionSize                         = 1048576                                   {product} {ergonomic}
   size_t InitialHeapSize                          = 62914560                                  {product} {ergonomic}
   size_t MarkStackSize                            = 4194304                                   {product} {ergonomic}
   size_t MarkStackSizeMax                         = 536870912                                 {product} {ergonomic}
   size_t MaxHeapSize                              = 998244352                                 {product} {ergonomic}
   size_t MaxNewSize                               = 598736896                                 {product} {ergonomic}
   size_t MinHeapDeltaBytes                        = 1048576                                   {product} {ergonomic}
   size_t MinHeapSize                              = 8388608                                   {product} {ergonomic}
    uintx NonNMethodCodeHeapSize                   = 5832704                                {pd product} {ergonomic}
    uintx NonProfiledCodeHeapSize                  = 122945536                              {pd product} {ergonomic}
    uintx ProfiledCodeHeapSize                     = 122880000                              {pd product} {ergonomic}
    uintx ReservedCodeCacheSize                    = 251658240                              {pd product} {ergonomic}
     bool SegmentedCodeCache                       = true                                      {product} {ergonomic}
   size_t SoftMaxHeapSize                          = 998244352                              {manageable} {ergonomic}
     bool UseCompressedOops                        = true                           {product lp64_product} {ergonomic}
     bool UseG1GC                                  = true                                      {product} {ergonomic}
     bool UseLargePagesIndividualAllocation        = false                                  {pd product} {ergonomic}

Logging:
Log output configuration:
 #0: stdout all=warning uptime,level,tags foldmultilines=false
 #1: stderr all=off uptime,level,tags foldmultilines=false

Environment Variables:
CLASSPATH=C:\connector\mysql-connector-j-9.3.0.jar
PATH=C:\Program Files\Java\jdk-23\bin;C:\Program Files\Java\jdk-23\bin;C:\Program Files\JetBrains\IntelliJ IDEA Community Edition 2025.1\bin;
USERNAME=furqan computers
OS=Windows_NT
PROCESSOR_IDENTIFIER=Intel64 Family 6 Model 78 Stepping 3, GenuineIntel
TMP=C:\Users\FURQAN~1\AppData\Local\Temp
TEMP=C:\Windows\TEMP




Periodic native trim disabled

---------------  S Y S T E M  ---------------

OS:
 Windows 11 , 64 bit Build 22621 (10.0.22621.5124)
OS uptime: 0 days 14:01 hours

CPU: total 4 (initial active 4) (2 cores per cpu, 2 threads per core) family 6 model 78 stepping 3 microcode 0xe2, cx8, cmov, fxsr, ht, mmx, 3dnowpref, sse, sse2, sse3, ssse3, sse4.1, sse4.2, popcnt, lzcnt, tsc, tscinvbit, avx, avx2, aes, erms, clmul, bmi1, bmi2, adx, fma, vzeroupper, clflush, clflushopt, rdtscp, f16c
Processor Information for processor 0
  Max Mhz: 2000, Current Mhz: 2000, Mhz Limit: 2000
Processor Information for processor 1
  Max Mhz: 2000, Current Mhz: 2000, Mhz Limit: 2000
Processor Information for processor 2
  Max Mhz: 2000, Current Mhz: 1500, Mhz Limit: 2000
Processor Information for processor 3
  Max Mhz: 2000, Current Mhz: 1500, Mhz Limit: 2000

Memory: 4k page, system-wide physical 3801M (267M free)
TotalPageFile size 11287M (AvailPageFile size 41M)
current process WorkingSet (physical memory assigned to process): 126M, peak: 126M
current process commit charge ("private bytes"): 169M, peak: 206M

vm_info: Java HotSpot(TM) 64-Bit Server VM (23.0.2+7-58) for windows-amd64 JRE (23.0.2+7-58), built on 2024-11-29T09:34:55Z with MS VC++ 17.6 (VS2022)

END.
